<?xml version="1.0" encoding="UTF-8"?>
<testsuite xmlns:xsi="http://www.w3.org/2001/XMLSchema-instance" xsi:noNamespaceSchemaLocation="https://maven.apache.org/surefire/maven-surefire-plugin/xsd/surefire-test-report-3.0.xsd" version="3.0" name="runners.auth.LoginExcelTestRunner" time="16.554" tests="1" errors="0" skipped="0" failures="0">
  <properties>
[...]
</properties>
  <testcase name="[1:13] Chạy tất cả test cases từ Excel Login sheet" classname="features/auth/login-excel" time="15.862">
    <system-out><![CDATA[19:59:52.145 [main] DEBUG com.intuit.karate.Suite -- [config] classpath:karate-config.js
19:59:53.025 [main] INFO com.intuit.karate -- karate.env system property was: null 
19:59:53.669 [main] INFO com.intuit.karate -- Headers found: [
  "email",
  "password",
  "expectedStatus",
  "expectedResult",
  "testDescription",
  "responseStatus",
  "result"
]
 
19:59:53.751 [main] INFO com.intuit.karate -- Read data from Excel: [
  {
    "email": "eve.holt@reqres.in",
    "password": "cityslicka",
    "expectedStatus": 200.0,
    "expectedResult": "success",
    "testDescription": "Valid login credentials",
    "responseStatus": "",
    "result": ""
  },
  {
    "email": "eve.holt@reqres.in",
    "password": "",
    "expectedStatus": 400.0,
    "expectedResult": "Missing password",
    "testDescription": "Login without password",
    "responseStatus": "",
    "result": ""
  },
  {
    "email": "invalid@email.com",
    "password": "password123",
    "expectedStatus": 400.0,
    "expectedResult": "user not found",
    "testDescription": "Login with invalid email",
    "responseStatus": "",
    "result": ""
  },
  {
    "email": "",
    "password": "password123",
    "expectedStatus": 400.0,
    "expectedResult": "Missing email or username",
    "testDescription": "Login without email",
    "responseStatus": "",
    "result": ""
  },
  {
    "email": "eve.holt@reqres.in",
    "password": "wrongpassword",
    "expectedStatus": 400.0,
    "expectedResult": "user not found",
    "testDescription": "Login with wrong password",
    "responseStatus": "",
    "result": ""
  },
  {
    "email": "user@",
    "password": "password123",
    "expectedStatus": 400.0,
    "expectedResult": "Invalid email format",
    "testDescription": "TC: Email không h?p l? - thi?u domain",
    "responseStatus": "",
    "result": ""
  },
  {
    "email": "user.example.com",
    "password": "password123",
    "expectedStatus": 400.0,
    "expectedResult": "Invalid email format",
    "testDescription": "TC: Email không h?p l? - thi?u ký t? @",
    "responseStatus": "",
    "result": ""
  },
  {
    "email": "@example.com",
    "password": "password123",
    "expectedStatus": 400.0,
    "expectedResult": "Invalid email format",
    "testDescription": "TC: Email không h?p l? - thi?u ph?n username",
    "responseStatus": "",
    "result": ""
  },
  {
    "email": "eve.holt@reqres.in",
    "password": "12",
    "expectedStatus": 400.0,
    "expectedResult": "Password must be between X and Y characters",
    "testDescription": "TC: Password quá ng?n",
    "responseStatus": "",
    "result": ""
  },
  {
    "email": "eve.holt@reqres.in",
    "password": "verylongpasswordthatexceedsthenormallimitsforpasswordlengthvalidationwhichshouldnotbeaccepted123456789",
    "expectedStatus": 400.0,
    "expectedResult": "Password must be between X and Y characters",
    "testDescription": "TC: Password quá dài",
    "responseStatus": "",
    "result": ""
  },
  {
    "email": "' OR '1'='1",
    "password": "password123",
    "expectedStatus": 400.0,
    "expectedResult": "Invalid input",
    "testDescription": "TC: SQL Injection trong email",
    "responseStatus": "",
    "result": ""
  },
  {
    "email": "eve.holt@reqres.in",
    "password": "' OR '1'='1",
    "expectedStatus": 400.0,
    "expectedResult": "Invalid input",
    "testDescription": "TC: SQL Injection trong password",
    "responseStatus": "",
    "result": ""
  },
  {
    "email": "<script>alert(\"xss\")</script>@test.com",
    "password": "password123",
    "expectedStatus": 400.0,
    "expectedResult": "Invalid input",
    "testDescription": "TC: XSS trong email",
    "responseStatus": "",
    "result": ""
  },
  {
    "email": "eve.holt@reqres.in",
    "password": "<script>alert(\"xss\")</script>",
    "expectedStatus": 400.0,
    "expectedResult": "Invalid input",
    "testDescription": "TC: XSS trong password",
    "responseStatus": "",
    "result": ""
  },
  {
    "email": "brute.force@test.com",
    "password": "wrongpass1",
    "expectedStatus": 429.0,
    "expectedResult": "Too many login attempts",
    "testDescription": "TC: V??t quá s? l?n th? - l?n 1",
    "responseStatus": "",
    "result": ""
  },
  {
    "email": "brute.force@test.com",
    "password": "wrongpass2",
    "expectedStatus": 429.0,
    "expectedResult": "Too many login attempts",
    "testDescription": "TC: V??t quá s? l?n th? - l?n 2",
    "responseStatus": "",
    "result": ""
  },
  {
    "email": "brute.force@test.com",
    "password": "wrongpass3",
    "expectedStatus": 429.0,
    "expectedResult": "Too many login attempts",
    "testDescription": "TC: V??t quá s? l?n th? - l?n 3",
    "responseStatus": "",
    "result": ""
  },
  {
    "email": "brute.force@test.com",
    "password": "wrongpass4",
    "expectedStatus": 429.0,
    "expectedResult": "Too many login attempts",
    "testDescription": "TC: V??t quá s? l?n th? - l?n 4",
    "responseStatus": "",
    "result": ""
  },
  {
    "email": "brute.force@test.com",
    "password": "wrongpass5",
    "expectedStatus": 429.0,
    "expectedResult": "Too many login attempts",
    "testDescription": "TC: V??t quá s? l?n th? - l?n 5",
    "responseStatus": "",
    "result": ""
  }
]
 
19:59:53.780 [main] INFO com.intuit.karate -- [print] ??c ???c 19 test cases t? Excel sheet: login 
19:59:53.797 [main] DEBUG com.jayway.jsonpath.internal.path.CompiledPath -- Evaluating path: $
19:59:53.811 [main] INFO com.intuit.karate -- ?ang ch?y test case #1: Valid login credentials 
19:59:53.831 [main] INFO com.intuit.karate -- karate.env system property was: null 
19:59:53.835 [main] DEBUG com.jayway.jsonpath.internal.path.CompiledPath -- Evaluating path: $
19:59:53.858 [main] DEBUG io.netty.util.internal.logging.InternalLoggerFactory -- Using SLF4J as the default logging framework
19:59:53.860 [main] DEBUG io.netty.util.internal.PlatformDependent0 -- -Dio.netty.noUnsafe: false
19:59:53.860 [main] DEBUG io.netty.util.internal.PlatformDependent0 -- Java version: 17
19:59:53.861 [main] DEBUG io.netty.util.internal.PlatformDependent0 -- sun.misc.Unsafe.theUnsafe: available
19:59:53.862 [main] DEBUG io.netty.util.internal.PlatformDependent0 -- sun.misc.Unsafe.copyMemory: available
19:59:53.862 [main] DEBUG io.netty.util.internal.PlatformDependent0 -- sun.misc.Unsafe.storeFence: available
19:59:53.863 [main] DEBUG io.netty.util.internal.PlatformDependent0 -- java.nio.Buffer.address: available
19:59:53.863 [main] DEBUG io.netty.util.internal.PlatformDependent0 -- direct buffer constructor: unavailable: Reflective setAccessible(true) disabled
19:59:53.863 [main] DEBUG io.netty.util.internal.PlatformDependent0 -- java.nio.Bits.unaligned: available, true
19:59:53.865 [main] DEBUG io.netty.util.internal.PlatformDependent0 -- jdk.internal.misc.Unsafe.allocateUninitializedArray(int): unavailable: class io.netty.util.internal.PlatformDependent0$7 cannot access class jdk.internal.misc.Unsafe (in module java.base) because module java.base does not export jdk.internal.misc to unnamed module @b3d7190
19:59:53.866 [main] DEBUG io.netty.util.internal.PlatformDependent0 -- java.nio.DirectByteBuffer.<init>(long, {int,long}): unavailable
19:59:53.866 [main] DEBUG io.netty.util.internal.PlatformDependent -- sun.misc.Unsafe: available
19:59:53.867 [main] DEBUG io.netty.util.internal.PlatformDependent -- maxDirectMemory: 4123000832 bytes (maybe)
19:59:53.867 [main] DEBUG io.netty.util.internal.PlatformDependent -- -Dio.netty.tmpdir: C:\Users\monst\AppData\Local\Temp (java.io.tmpdir)
19:59:53.867 [main] DEBUG io.netty.util.internal.PlatformDependent -- -Dio.netty.bitMode: 64 (sun.arch.data.model)
19:59:53.867 [main] DEBUG io.netty.util.internal.PlatformDependent -- Platform: Windows
19:59:53.868 [main] DEBUG io.netty.util.internal.PlatformDependent -- -Dio.netty.maxDirectMemory: -1 bytes
19:59:53.868 [main] DEBUG io.netty.util.internal.PlatformDependent -- -Dio.netty.uninitializedArrayAllocationThreshold: -1
19:59:53.869 [main] DEBUG io.netty.util.internal.CleanerJava9 -- java.nio.ByteBuffer.cleaner(): available
19:59:53.869 [main] DEBUG io.netty.util.internal.PlatformDependent -- -Dio.netty.noPreferDirect: false
19:59:54.120 [main] DEBUG org.apache.http.client.protocol.RequestAddCookies -- CookieSpec selected: karate
19:59:54.126 [main] DEBUG org.apache.http.client.protocol.RequestAuthCache -- Auth cache not set in the context
19:59:54.128 [main] DEBUG com.intuit.karate -- request:
1 > POST https://reqres.in/api/login
1 > Content-Type: application/json; charset=UTF-8
1 > x-api-key: reqres-free-v1
1 > Content-Length: 54
1 > Host: reqres.in
1 > Connection: Keep-Alive
1 > User-Agent: Apache-HttpClient/4.5.14 (Java/17.0.9)
1 > Accept-Encoding: gzip,deflate
{
  "email": "eve.holt@reqres.in",
  "password": "cityslicka"
}


19:59:54.130 [main] DEBUG org.apache.http.impl.conn.PoolingHttpClientConnectionManager -- Connection request: [route: {s}->https://reqres.in:443][total available: 0; route allocated: 0 of 5; total allocated: 0 of 10]
19:59:54.140 [main] DEBUG org.apache.http.impl.conn.PoolingHttpClientConnectionManager -- Connection leased: [id: 0][route: {s}->https://reqres.in:443][total available: 0; route allocated: 1 of 5; total allocated: 1 of 10]
19:59:54.142 [main] DEBUG org.apache.http.impl.execchain.MainClientExec -- Opening connection {s}->https://reqres.in:443
19:59:54.160 [main] DEBUG org.apache.http.impl.conn.DefaultHttpClientConnectionOperator -- Connecting to reqres.in/104.26.10.213:443
19:59:54.160 [main] DEBUG org.apache.http.conn.ssl.SSLConnectionSocketFactory -- Connecting socket to reqres.in/104.26.10.213:443 with timeout 5000
19:59:54.223 [main] DEBUG org.apache.http.conn.ssl.SSLConnectionSocketFactory -- Enabled protocols: [TLSv1.3, TLSv1.2]
19:59:54.223 [main] DEBUG org.apache.http.conn.ssl.SSLConnectionSocketFactory -- Enabled cipher suites:[TLS_AES_256_GCM_SHA384, TLS_AES_128_GCM_SHA256, TLS_CHACHA20_POLY1305_SHA256, TLS_ECDHE_ECDSA_WITH_AES_256_GCM_SHA384, TLS_ECDHE_ECDSA_WITH_AES_128_GCM_SHA256, TLS_ECDHE_ECDSA_WITH_CHACHA20_POLY1305_SHA256, TLS_ECDHE_RSA_WITH_AES_256_GCM_SHA384, TLS_ECDHE_RSA_WITH_CHACHA20_POLY1305_SHA256, TLS_ECDHE_RSA_WITH_AES_128_GCM_SHA256, TLS_DHE_RSA_WITH_AES_256_GCM_SHA384, TLS_DHE_RSA_WITH_CHACHA20_POLY1305_SHA256, TLS_DHE_DSS_WITH_AES_256_GCM_SHA384, TLS_DHE_RSA_WITH_AES_128_GCM_SHA256, TLS_DHE_DSS_WITH_AES_128_GCM_SHA256, TLS_ECDHE_ECDSA_WITH_AES_256_CBC_SHA384, TLS_ECDHE_RSA_WITH_AES_256_CBC_SHA384, TLS_ECDHE_ECDSA_WITH_AES_128_CBC_SHA256, TLS_ECDHE_RSA_WITH_AES_128_CBC_SHA256, TLS_DHE_RSA_WITH_AES_256_CBC_SHA256, TLS_DHE_DSS_WITH_AES_256_CBC_SHA256, TLS_DHE_RSA_WITH_AES_128_CBC_SHA256, TLS_DHE_DSS_WITH_AES_128_CBC_SHA256, TLS_ECDH_ECDSA_WITH_AES_256_GCM_SHA384, TLS_ECDH_RSA_WITH_AES_256_GCM_SHA384, TLS_ECDH_ECDSA_WITH_AES_128_GCM_SHA256, TLS_ECDH_RSA_WITH_AES_128_GCM_SHA256, TLS_ECDH_ECDSA_WITH_AES_256_CBC_SHA384, TLS_ECDH_RSA_WITH_AES_256_CBC_SHA384, TLS_ECDH_ECDSA_WITH_AES_128_CBC_SHA256, TLS_ECDH_RSA_WITH_AES_128_CBC_SHA256, TLS_ECDHE_ECDSA_WITH_AES_256_CBC_SHA, TLS_ECDHE_RSA_WITH_AES_256_CBC_SHA, TLS_ECDHE_ECDSA_WITH_AES_128_CBC_SHA, TLS_ECDHE_RSA_WITH_AES_128_CBC_SHA, TLS_DHE_RSA_WITH_AES_256_CBC_SHA, TLS_DHE_DSS_WITH_AES_256_CBC_SHA, TLS_DHE_RSA_WITH_AES_128_CBC_SHA, TLS_DHE_DSS_WITH_AES_128_CBC_SHA, TLS_ECDH_ECDSA_WITH_AES_256_CBC_SHA, TLS_ECDH_RSA_WITH_AES_256_CBC_SHA, TLS_ECDH_ECDSA_WITH_AES_128_CBC_SHA, TLS_ECDH_RSA_WITH_AES_128_CBC_SHA, TLS_RSA_WITH_AES_256_GCM_SHA384, TLS_RSA_WITH_AES_128_GCM_SHA256, TLS_RSA_WITH_AES_256_CBC_SHA256, TLS_RSA_WITH_AES_128_CBC_SHA256, TLS_RSA_WITH_AES_256_CBC_SHA, TLS_RSA_WITH_AES_128_CBC_SHA, TLS_EMPTY_RENEGOTIATION_INFO_SCSV]
19:59:54.223 [main] DEBUG org.apache.http.conn.ssl.SSLConnectionSocketFactory -- Starting handshake
19:59:54.346 [main] DEBUG org.apache.http.conn.ssl.SSLConnectionSocketFactory -- Secure session established
19:59:54.346 [main] DEBUG org.apache.http.conn.ssl.SSLConnectionSocketFactory --  negotiated protocol: TLSv1.3
19:59:54.346 [main] DEBUG org.apache.http.conn.ssl.SSLConnectionSocketFactory --  negotiated cipher suite: TLS_AES_256_GCM_SHA384
19:59:54.346 [main] DEBUG org.apache.http.conn.ssl.SSLConnectionSocketFactory --  peer principal: CN=reqres.in
19:59:54.346 [main] DEBUG org.apache.http.conn.ssl.SSLConnectionSocketFactory --  peer alternative names: [reqres.in, *.reqres.in]
19:59:54.346 [main] DEBUG org.apache.http.conn.ssl.SSLConnectionSocketFactory --  issuer principal: CN=WE1, O=Google Trust Services, C=US
19:59:54.348 [main] DEBUG org.apache.http.impl.conn.DefaultHttpClientConnectionOperator -- Connection established 192.168.1.20:56988<->104.26.10.213:443
19:59:54.348 [main] DEBUG org.apache.http.impl.conn.DefaultManagedHttpClientConnection -- http-outgoing-0: set socket timeout to 5000
19:59:54.348 [main] DEBUG org.apache.http.impl.execchain.MainClientExec -- Executing request POST /api/login HTTP/1.1
19:59:54.348 [main] DEBUG org.apache.http.impl.execchain.MainClientExec -- Target auth state: UNCHALLENGED
19:59:54.349 [main] DEBUG org.apache.http.impl.execchain.MainClientExec -- Proxy auth state: UNCHALLENGED
19:59:54.350 [main] DEBUG org.apache.http.headers -- http-outgoing-0 >> POST /api/login HTTP/1.1
19:59:54.350 [main] DEBUG org.apache.http.headers -- http-outgoing-0 >> Content-Type: application/json; charset=UTF-8
19:59:54.350 [main] DEBUG org.apache.http.headers -- http-outgoing-0 >> x-api-key: reqres-free-v1
19:59:54.350 [main] DEBUG org.apache.http.headers -- http-outgoing-0 >> Content-Length: 54
19:59:54.350 [main] DEBUG org.apache.http.headers -- http-outgoing-0 >> Host: reqres.in
19:59:54.350 [main] DEBUG org.apache.http.headers -- http-outgoing-0 >> Connection: Keep-Alive
19:59:54.350 [main] DEBUG org.apache.http.headers -- http-outgoing-0 >> User-Agent: Apache-HttpClient/4.5.14 (Java/17.0.9)
19:59:54.350 [main] DEBUG org.apache.http.headers -- http-outgoing-0 >> Accept-Encoding: gzip,deflate
19:59:54.350 [main] DEBUG org.apache.http.wire -- http-outgoing-0 >> "POST /api/login HTTP/1.1[\r][\n]"
19:59:54.350 [main] DEBUG org.apache.http.wire -- http-outgoing-0 >> "Content-Type: application/json; charset=UTF-8[\r][\n]"
19:59:54.350 [main] DEBUG org.apache.http.wire -- http-outgoing-0 >> "x-api-key: reqres-free-v1[\r][\n]"
19:59:54.350 [main] DEBUG org.apache.http.wire -- http-outgoing-0 >> "Content-Length: 54[\r][\n]"
19:59:54.351 [main] DEBUG org.apache.http.wire -- http-outgoing-0 >> "Host: reqres.in[\r][\n]"
19:59:54.351 [main] DEBUG org.apache.http.wire -- http-outgoing-0 >> "Connection: Keep-Alive[\r][\n]"
19:59:54.351 [main] DEBUG org.apache.http.wire -- http-outgoing-0 >> "User-Agent: Apache-HttpClient/4.5.14 (Java/17.0.9)[\r][\n]"
19:59:54.351 [main] DEBUG org.apache.http.wire -- http-outgoing-0 >> "Accept-Encoding: gzip,deflate[\r][\n]"
19:59:54.351 [main] DEBUG org.apache.http.wire -- http-outgoing-0 >> "[\r][\n]"
19:59:54.351 [main] DEBUG org.apache.http.wire -- http-outgoing-0 >> "{"email":"eve.holt@reqres.in","password":"cityslicka"}"
19:59:54.941 [main] DEBUG org.apache.http.wire -- http-outgoing-0 << "HTTP/1.1 200 OK[\r][\n]"
19:59:54.942 [main] DEBUG org.apache.http.wire -- http-outgoing-0 << "Date: Mon, 16 Jun 2025 12:59:54 GMT[\r][\n]"
19:59:54.942 [main] DEBUG org.apache.http.wire -- http-outgoing-0 << "Content-Type: application/json; charset=utf-8[\r][\n]"
19:59:54.942 [main] DEBUG org.apache.http.wire -- http-outgoing-0 << "Content-Length: 29[\r][\n]"
19:59:54.942 [main] DEBUG org.apache.http.wire -- http-outgoing-0 << "Connection: keep-alive[\r][\n]"
19:59:54.942 [main] DEBUG org.apache.http.wire -- http-outgoing-0 << "Cf-Ray: 950a7cacbd9fe65a-HKG[\r][\n]"
19:59:54.942 [main] DEBUG org.apache.http.wire -- http-outgoing-0 << "Report-To: {"group":"heroku-nel","max_age":3600,"endpoints":[{"url":"https://nel.heroku.com/reports?ts=1750078794&sid=c4c9725f-1ab0-44d8-820f-430df2718e11&s=DihilBXgVzbsa4TlVT8WHPNR%2FRqwh6YNtRMOetR1jTs%3D"}]}[\r][\n]"
19:59:54.942 [main] DEBUG org.apache.http.wire -- http-outgoing-0 << "Reporting-Endpoints: heroku-nel=https://nel.heroku.com/reports?ts=1750078794&sid=c4c9725f-1ab0-44d8-820f-430df2718e11&s=DihilBXgVzbsa4TlVT8WHPNR%2FRqwh6YNtRMOetR1jTs%3D[\r][\n]"
19:59:54.942 [main] DEBUG org.apache.http.wire -- http-outgoing-0 << "Nel: {"report_to":"heroku-nel","max_age":3600,"success_fraction":0.005,"failure_fraction":0.05,"response_headers":["Via"]}[\r][\n]"
19:59:54.942 [main] DEBUG org.apache.http.wire -- http-outgoing-0 << "X-Powered-By: Express[\r][\n]"
19:59:54.942 [main] DEBUG org.apache.http.wire -- http-outgoing-0 << "Access-Control-Allow-Origin: *[\r][\n]"
19:59:54.943 [main] DEBUG org.apache.http.wire -- http-outgoing-0 << "Ratelimit-Policy: 100;w=60[\r][\n]"
19:59:54.943 [main] DEBUG org.apache.http.wire -- http-outgoing-0 << "Ratelimit-Limit: 100[\r][\n]"
19:59:54.943 [main] DEBUG org.apache.http.wire -- http-outgoing-0 << "Ratelimit-Remaining: 98[\r][\n]"
19:59:54.943 [main] DEBUG org.apache.http.wire -- http-outgoing-0 << "Ratelimit-Reset: 60[\r][\n]"
19:59:54.943 [main] DEBUG org.apache.http.wire -- http-outgoing-0 << "Etag: W/"1d-lGCrvD6B7Qzk11+2C98+nGhhuec"[\r][\n]"
19:59:54.943 [main] DEBUG org.apache.http.wire -- http-outgoing-0 << "Via: 1.1 vegur[\r][\n]"
19:59:54.943 [main] DEBUG org.apache.http.wire -- http-outgoing-0 << "Cf-Cache-Status: DYNAMIC[\r][\n]"
19:59:54.943 [main] DEBUG org.apache.http.wire -- http-outgoing-0 << "Server: cloudflare[\r][\n]"
19:59:54.943 [main] DEBUG org.apache.http.wire -- http-outgoing-0 << "server-timing: cfL4;desc="?proto=TCP&rtt=24862&min_rtt=24768&rtt_var=9476&sent=7&recv=7&lost=0&retrans=0&sent_bytes=3107&recv_bytes=904&delivery_rate=170689&cwnd=252&unsent_bytes=0&cid=ca59a5c9feccef24&ts=657&x=0"[\r][\n]"
19:59:54.943 [main] DEBUG org.apache.http.wire -- http-outgoing-0 << "[\r][\n]"
19:59:54.943 [main] DEBUG org.apache.http.wire -- http-outgoing-0 << "{"token":"QpwL5tke4Pnpja7X4"}"
19:59:54.944 [main] DEBUG org.apache.http.headers -- http-outgoing-0 << HTTP/1.1 200 OK
19:59:54.944 [main] DEBUG org.apache.http.headers -- http-outgoing-0 << Date: Mon, 16 Jun 2025 12:59:54 GMT
19:59:54.944 [main] DEBUG org.apache.http.headers -- http-outgoing-0 << Content-Type: application/json; charset=utf-8
19:59:54.944 [main] DEBUG org.apache.http.headers -- http-outgoing-0 << Content-Length: 29
19:59:54.944 [main] DEBUG org.apache.http.headers -- http-outgoing-0 << Connection: keep-alive
19:59:54.944 [main] DEBUG org.apache.http.headers -- http-outgoing-0 << Cf-Ray: 950a7cacbd9fe65a-HKG
19:59:54.944 [main] DEBUG org.apache.http.headers -- http-outgoing-0 << Report-To: {"group":"heroku-nel","max_age":3600,"endpoints":[{"url":"https://nel.heroku.com/reports?ts=1750078794&sid=c4c9725f-1ab0-44d8-820f-430df2718e11&s=DihilBXgVzbsa4TlVT8WHPNR%2FRqwh6YNtRMOetR1jTs%3D"}]}
19:59:54.944 [main] DEBUG org.apache.http.headers -- http-outgoing-0 << Reporting-Endpoints: heroku-nel=https://nel.heroku.com/reports?ts=1750078794&sid=c4c9725f-1ab0-44d8-820f-430df2718e11&s=DihilBXgVzbsa4TlVT8WHPNR%2FRqwh6YNtRMOetR1jTs%3D
19:59:54.944 [main] DEBUG org.apache.http.headers -- http-outgoing-0 << Nel: {"report_to":"heroku-nel","max_age":3600,"success_fraction":0.005,"failure_fraction":0.05,"response_headers":["Via"]}
19:59:54.944 [main] DEBUG org.apache.http.headers -- http-outgoing-0 << X-Powered-By: Express
19:59:54.945 [main] DEBUG org.apache.http.headers -- http-outgoing-0 << Access-Control-Allow-Origin: *
19:59:54.945 [main] DEBUG org.apache.http.headers -- http-outgoing-0 << Ratelimit-Policy: 100;w=60
19:59:54.945 [main] DEBUG org.apache.http.headers -- http-outgoing-0 << Ratelimit-Limit: 100
19:59:54.945 [main] DEBUG org.apache.http.headers -- http-outgoing-0 << Ratelimit-Remaining: 98
19:59:54.945 [main] DEBUG org.apache.http.headers -- http-outgoing-0 << Ratelimit-Reset: 60
19:59:54.945 [main] DEBUG org.apache.http.headers -- http-outgoing-0 << Etag: W/"1d-lGCrvD6B7Qzk11+2C98+nGhhuec"
19:59:54.945 [main] DEBUG org.apache.http.headers -- http-outgoing-0 << Via: 1.1 vegur
19:59:54.945 [main] DEBUG org.apache.http.headers -- http-outgoing-0 << Cf-Cache-Status: DYNAMIC
19:59:54.945 [main] DEBUG org.apache.http.headers -- http-outgoing-0 << Server: cloudflare
19:59:54.945 [main] DEBUG org.apache.http.headers -- http-outgoing-0 << server-timing: cfL4;desc="?proto=TCP&rtt=24862&min_rtt=24768&rtt_var=9476&sent=7&recv=7&lost=0&retrans=0&sent_bytes=3107&recv_bytes=904&delivery_rate=170689&cwnd=252&unsent_bytes=0&cid=ca59a5c9feccef24&ts=657&x=0"
19:59:54.947 [main] DEBUG org.apache.http.impl.execchain.MainClientExec -- Connection can be kept alive indefinitely
19:59:54.948 [main] DEBUG org.apache.http.impl.conn.PoolingHttpClientConnectionManager -- Connection [id: 0][route: {s}->https://reqres.in:443] can be kept alive indefinitely
19:59:54.948 [main] DEBUG org.apache.http.impl.conn.DefaultManagedHttpClientConnection -- http-outgoing-0: set socket timeout to 0
19:59:54.948 [main] DEBUG org.apache.http.impl.conn.PoolingHttpClientConnectionManager -- Connection released: [id: 0][route: {s}->https://reqres.in:443][total available: 1; route allocated: 1 of 5; total allocated: 1 of 10]
19:59:54.948 [main] DEBUG org.apache.http.impl.conn.PoolingHttpClientConnectionManager -- Connection manager is shutting down
19:59:54.948 [main] DEBUG org.apache.http.impl.conn.DefaultManagedHttpClientConnection -- http-outgoing-0: Close connection
19:59:54.951 [main] DEBUG org.apache.http.impl.conn.PoolingHttpClientConnectionManager -- Connection manager shut down
19:59:54.952 [main] DEBUG com.intuit.karate -- response time in milliseconds: 820
1 < 200
1 < Date: Mon, 16 Jun 2025 12:59:54 GMT
1 < Content-Type: application/json; charset=utf-8
1 < Content-Length: 29
1 < Connection: keep-alive
1 < Cf-Ray: 950a7cacbd9fe65a-HKG
1 < Report-To: {"group":"heroku-nel","max_age":3600,"endpoints":[{"url":"https://nel.heroku.com/reports?ts=1750078794&sid=c4c9725f-1ab0-44d8-820f-430df2718e11&s=DihilBXgVzbsa4TlVT8WHPNR%2FRqwh6YNtRMOetR1jTs%3D"}]}
1 < Reporting-Endpoints: heroku-nel=https://nel.heroku.com/reports?ts=1750078794&sid=c4c9725f-1ab0-44d8-820f-430df2718e11&s=DihilBXgVzbsa4TlVT8WHPNR%2FRqwh6YNtRMOetR1jTs%3D
1 < Nel: {"report_to":"heroku-nel","max_age":3600,"success_fraction":0.005,"failure_fraction":0.05,"response_headers":["Via"]}
1 < X-Powered-By: Express
1 < Access-Control-Allow-Origin: *
1 < Ratelimit-Policy: 100;w=60
1 < Ratelimit-Limit: 100
1 < Ratelimit-Remaining: 98
1 < Ratelimit-Reset: 60
1 < Etag: W/"1d-lGCrvD6B7Qzk11+2C98+nGhhuec"
1 < Via: 1.1 vegur
1 < Cf-Cache-Status: DYNAMIC
1 < Server: cloudflare
1 < server-timing: cfL4;desc="?proto=TCP&rtt=24862&min_rtt=24768&rtt_var=9476&sent=7&recv=7&lost=0&retrans=0&sent_bytes=3107&recv_bytes=904&delivery_rate=170689&cwnd=252&unsent_bytes=0&cid=ca59a5c9feccef24&ts=657&x=0"
{
  "token": "QpwL5tke4Pnpja7X4"
}


19:59:54.955 [main] INFO com.intuit.karate -- [print] Calling login API v?i email: eve.holt@reqres.in password: cityslicka 
19:59:54.957 [main] INFO com.intuit.karate -- [print] Response status: 200 body: {
  "token": "QpwL5tke4Pnpja7X4"
}
 
19:59:54.968 [main] INFO com.intuit.karate -- Test Case Data: {
  "email": "eve.holt@reqres.in",
  "password": "cityslicka",
  "expectedStatus": 200.0,
  "expectedResult": "success",
  "testDescription": "Valid login credentials",
  "responseStatus": "",
  "result": ""
}
 
19:59:54.969 [main] INFO com.intuit.karate -- Expected Status: 200.0 
19:59:54.969 [main] INFO com.intuit.karate -- Expected Result: success 
19:59:54.969 [main] INFO com.intuit.karate -- Actual Status: 200 
19:59:54.971 [main] INFO com.intuit.karate -- Is Expected Status: true 
19:59:54.971 [main] INFO com.intuit.karate -- Test case #1 - Status: 200, Result: {"token":"QpwL5tke4Pnpja7X4"} 
19:59:54.972 [main] INFO com.intuit.karate -- ?ang ch?y test case #2: Login without password 
19:59:54.987 [main] INFO com.intuit.karate -- karate.env system property was: null 
19:59:54.990 [main] DEBUG com.jayway.jsonpath.internal.path.CompiledPath -- Evaluating path: $
19:59:54.991 [main] DEBUG org.apache.http.client.protocol.RequestAddCookies -- CookieSpec selected: karate
19:59:54.992 [main] DEBUG org.apache.http.client.protocol.RequestAuthCache -- Auth cache not set in the context
19:59:54.992 [main] DEBUG com.intuit.karate -- request:
1 > POST https://reqres.in/api/login
1 > Content-Type: application/json; charset=UTF-8
1 > x-api-key: reqres-free-v1
1 > Content-Length: 44
1 > Host: reqres.in
1 > Connection: Keep-Alive
1 > User-Agent: Apache-HttpClient/4.5.14 (Java/17.0.9)
1 > Accept-Encoding: gzip,deflate
{
  "email": "eve.holt@reqres.in",
  "password": ""
}


19:59:54.992 [main] DEBUG org.apache.http.impl.conn.PoolingHttpClientConnectionManager -- Connection request: [route: {s}->https://reqres.in:443][total available: 0; route allocated: 0 of 5; total allocated: 0 of 10]
19:59:54.992 [main] DEBUG org.apache.http.impl.conn.PoolingHttpClientConnectionManager -- Connection leased: [id: 1][route: {s}->https://reqres.in:443][total available: 0; route allocated: 1 of 5; total allocated: 1 of 10]
19:59:54.992 [main] DEBUG org.apache.http.impl.execchain.MainClientExec -- Opening connection {s}->https://reqres.in:443
19:59:54.992 [main] DEBUG org.apache.http.impl.conn.DefaultHttpClientConnectionOperator -- Connecting to reqres.in/104.26.10.213:443
19:59:54.992 [main] DEBUG org.apache.http.conn.ssl.SSLConnectionSocketFactory -- Connecting socket to reqres.in/104.26.10.213:443 with timeout 5000
19:59:55.015 [main] DEBUG org.apache.http.conn.ssl.SSLConnectionSocketFactory -- Enabled protocols: [TLSv1.3, TLSv1.2]
19:59:55.017 [main] DEBUG org.apache.http.conn.ssl.SSLConnectionSocketFactory -- Enabled cipher suites:[TLS_AES_256_GCM_SHA384, TLS_AES_128_GCM_SHA256, TLS_CHACHA20_POLY1305_SHA256, TLS_ECDHE_ECDSA_WITH_AES_256_GCM_SHA384, TLS_ECDHE_ECDSA_WITH_AES_128_GCM_SHA256, TLS_ECDHE_ECDSA_WITH_CHACHA20_POLY1305_SHA256, TLS_ECDHE_RSA_WITH_AES_256_GCM_SHA384, TLS_ECDHE_RSA_WITH_CHACHA20_POLY1305_SHA256, TLS_ECDHE_RSA_WITH_AES_128_GCM_SHA256, TLS_DHE_RSA_WITH_AES_256_GCM_SHA384, TLS_DHE_RSA_WITH_CHACHA20_POLY1305_SHA256, TLS_DHE_DSS_WITH_AES_256_GCM_SHA384, TLS_DHE_RSA_WITH_AES_128_GCM_SHA256, TLS_DHE_DSS_WITH_AES_128_GCM_SHA256, TLS_ECDHE_ECDSA_WITH_AES_256_CBC_SHA384, TLS_ECDHE_RSA_WITH_AES_256_CBC_SHA384, TLS_ECDHE_ECDSA_WITH_AES_128_CBC_SHA256, TLS_ECDHE_RSA_WITH_AES_128_CBC_SHA256, TLS_DHE_RSA_WITH_AES_256_CBC_SHA256, TLS_DHE_DSS_WITH_AES_256_CBC_SHA256, TLS_DHE_RSA_WITH_AES_128_CBC_SHA256, TLS_DHE_DSS_WITH_AES_128_CBC_SHA256, TLS_ECDH_ECDSA_WITH_AES_256_GCM_SHA384, TLS_ECDH_RSA_WITH_AES_256_GCM_SHA384, TLS_ECDH_ECDSA_WITH_AES_128_GCM_SHA256, TLS_ECDH_RSA_WITH_AES_128_GCM_SHA256, TLS_ECDH_ECDSA_WITH_AES_256_CBC_SHA384, TLS_ECDH_RSA_WITH_AES_256_CBC_SHA384, TLS_ECDH_ECDSA_WITH_AES_128_CBC_SHA256, TLS_ECDH_RSA_WITH_AES_128_CBC_SHA256, TLS_ECDHE_ECDSA_WITH_AES_256_CBC_SHA, TLS_ECDHE_RSA_WITH_AES_256_CBC_SHA, TLS_ECDHE_ECDSA_WITH_AES_128_CBC_SHA, TLS_ECDHE_RSA_WITH_AES_128_CBC_SHA, TLS_DHE_RSA_WITH_AES_256_CBC_SHA, TLS_DHE_DSS_WITH_AES_256_CBC_SHA, TLS_DHE_RSA_WITH_AES_128_CBC_SHA, TLS_DHE_DSS_WITH_AES_128_CBC_SHA, TLS_ECDH_ECDSA_WITH_AES_256_CBC_SHA, TLS_ECDH_RSA_WITH_AES_256_CBC_SHA, TLS_ECDH_ECDSA_WITH_AES_128_CBC_SHA, TLS_ECDH_RSA_WITH_AES_128_CBC_SHA, TLS_RSA_WITH_AES_256_GCM_SHA384, TLS_RSA_WITH_AES_128_GCM_SHA256, TLS_RSA_WITH_AES_256_CBC_SHA256, TLS_RSA_WITH_AES_128_CBC_SHA256, TLS_RSA_WITH_AES_256_CBC_SHA, TLS_RSA_WITH_AES_128_CBC_SHA, TLS_EMPTY_RENEGOTIATION_INFO_SCSV]
19:59:55.017 [main] DEBUG org.apache.http.conn.ssl.SSLConnectionSocketFactory -- Starting handshake
19:59:55.048 [main] DEBUG org.apache.http.conn.ssl.SSLConnectionSocketFactory -- Secure session established
19:59:55.048 [main] DEBUG org.apache.http.conn.ssl.SSLConnectionSocketFactory --  negotiated protocol: TLSv1.3
19:59:55.048 [main] DEBUG org.apache.http.conn.ssl.SSLConnectionSocketFactory --  negotiated cipher suite: TLS_AES_256_GCM_SHA384
19:59:55.048 [main] DEBUG org.apache.http.conn.ssl.SSLConnectionSocketFactory --  peer principal: CN=reqres.in
19:59:55.048 [main] DEBUG org.apache.http.conn.ssl.SSLConnectionSocketFactory --  peer alternative names: [reqres.in, *.reqres.in]
19:59:55.048 [main] DEBUG org.apache.http.conn.ssl.SSLConnectionSocketFactory --  issuer principal: CN=WE1, O=Google Trust Services, C=US
19:59:55.048 [main] DEBUG org.apache.http.impl.conn.DefaultHttpClientConnectionOperator -- Connection established 192.168.1.20:56989<->104.26.10.213:443
19:59:55.048 [main] DEBUG org.apache.http.impl.conn.DefaultManagedHttpClientConnection -- http-outgoing-1: set socket timeout to 5000
19:59:55.048 [main] DEBUG org.apache.http.impl.execchain.MainClientExec -- Executing request POST /api/login HTTP/1.1
19:59:55.048 [main] DEBUG org.apache.http.impl.execchain.MainClientExec -- Target auth state: UNCHALLENGED
19:59:55.048 [main] DEBUG org.apache.http.impl.execchain.MainClientExec -- Proxy auth state: UNCHALLENGED
19:59:55.048 [main] DEBUG org.apache.http.headers -- http-outgoing-1 >> POST /api/login HTTP/1.1
19:59:55.048 [main] DEBUG org.apache.http.headers -- http-outgoing-1 >> Content-Type: application/json; charset=UTF-8
19:59:55.048 [main] DEBUG org.apache.http.headers -- http-outgoing-1 >> x-api-key: reqres-free-v1
19:59:55.048 [main] DEBUG org.apache.http.headers -- http-outgoing-1 >> Content-Length: 44
19:59:55.048 [main] DEBUG org.apache.http.headers -- http-outgoing-1 >> Host: reqres.in
19:59:55.048 [main] DEBUG org.apache.http.headers -- http-outgoing-1 >> Connection: Keep-Alive
19:59:55.048 [main] DEBUG org.apache.http.headers -- http-outgoing-1 >> User-Agent: Apache-HttpClient/4.5.14 (Java/17.0.9)
19:59:55.048 [main] DEBUG org.apache.http.headers -- http-outgoing-1 >> Accept-Encoding: gzip,deflate
19:59:55.049 [main] DEBUG org.apache.http.wire -- http-outgoing-1 >> "POST /api/login HTTP/1.1[\r][\n]"
19:59:55.049 [main] DEBUG org.apache.http.wire -- http-outgoing-1 >> "Content-Type: application/json; charset=UTF-8[\r][\n]"
19:59:55.049 [main] DEBUG org.apache.http.wire -- http-outgoing-1 >> "x-api-key: reqres-free-v1[\r][\n]"
19:59:55.049 [main] DEBUG org.apache.http.wire -- http-outgoing-1 >> "Content-Length: 44[\r][\n]"
19:59:55.049 [main] DEBUG org.apache.http.wire -- http-outgoing-1 >> "Host: reqres.in[\r][\n]"
19:59:55.049 [main] DEBUG org.apache.http.wire -- http-outgoing-1 >> "Connection: Keep-Alive[\r][\n]"
19:59:55.049 [main] DEBUG org.apache.http.wire -- http-outgoing-1 >> "User-Agent: Apache-HttpClient/4.5.14 (Java/17.0.9)[\r][\n]"
19:59:55.049 [main] DEBUG org.apache.http.wire -- http-outgoing-1 >> "Accept-Encoding: gzip,deflate[\r][\n]"
19:59:55.049 [main] DEBUG org.apache.http.wire -- http-outgoing-1 >> "[\r][\n]"
19:59:55.049 [main] DEBUG org.apache.http.wire -- http-outgoing-1 >> "{"email":"eve.holt@reqres.in","password":""}"
19:59:55.620 [main] DEBUG org.apache.http.wire -- http-outgoing-1 << "HTTP/1.1 400 Bad Request[\r][\n]"
19:59:55.621 [main] DEBUG org.apache.http.wire -- http-outgoing-1 << "Date: Mon, 16 Jun 2025 12:59:54 GMT[\r][\n]"
19:59:55.621 [main] DEBUG org.apache.http.wire -- http-outgoing-1 << "Content-Type: application/json; charset=utf-8[\r][\n]"
19:59:55.621 [main] DEBUG org.apache.http.wire -- http-outgoing-1 << "Content-Length: 28[\r][\n]"
19:59:55.621 [main] DEBUG org.apache.http.wire -- http-outgoing-1 << "Connection: keep-alive[\r][\n]"
19:59:55.621 [main] DEBUG org.apache.http.wire -- http-outgoing-1 << "Cf-Ray: 950a7cb1195a0478-HKG[\r][\n]"
19:59:55.621 [main] DEBUG org.apache.http.wire -- http-outgoing-1 << "Report-To: {"group":"heroku-nel","max_age":3600,"endpoints":[{"url":"https://nel.heroku.com/reports?ts=1750078794&sid=c4c9725f-1ab0-44d8-820f-430df2718e11&s=DihilBXgVzbsa4TlVT8WHPNR%2FRqwh6YNtRMOetR1jTs%3D"}]}[\r][\n]"
19:59:55.621 [main] DEBUG org.apache.http.wire -- http-outgoing-1 << "Reporting-Endpoints: heroku-nel=https://nel.heroku.com/reports?ts=1750078794&sid=c4c9725f-1ab0-44d8-820f-430df2718e11&s=DihilBXgVzbsa4TlVT8WHPNR%2FRqwh6YNtRMOetR1jTs%3D[\r][\n]"
19:59:55.621 [main] DEBUG org.apache.http.wire -- http-outgoing-1 << "Nel: {"report_to":"heroku-nel","max_age":3600,"success_fraction":0.005,"failure_fraction":0.05,"response_headers":["Via"]}[\r][\n]"
19:59:55.621 [main] DEBUG org.apache.http.wire -- http-outgoing-1 << "X-Powered-By: Express[\r][\n]"
19:59:55.621 [main] DEBUG org.apache.http.wire -- http-outgoing-1 << "Access-Control-Allow-Origin: *[\r][\n]"
19:59:55.621 [main] DEBUG org.apache.http.wire -- http-outgoing-1 << "Ratelimit-Policy: 100;w=60[\r][\n]"
19:59:55.621 [main] DEBUG org.apache.http.wire -- http-outgoing-1 << "Ratelimit-Limit: 100[\r][\n]"
19:59:55.621 [main] DEBUG org.apache.http.wire -- http-outgoing-1 << "Ratelimit-Remaining: 96[\r][\n]"
19:59:55.621 [main] DEBUG org.apache.http.wire -- http-outgoing-1 << "Ratelimit-Reset: 60[\r][\n]"
19:59:55.621 [main] DEBUG org.apache.http.wire -- http-outgoing-1 << "Etag: W/"1c-NmpazMScs9tOqR7eDEesn+pqC9Q"[\r][\n]"
19:59:55.621 [main] DEBUG org.apache.http.wire -- http-outgoing-1 << "Via: 1.1 vegur[\r][\n]"
19:59:55.621 [main] DEBUG org.apache.http.wire -- http-outgoing-1 << "Cf-Cache-Status: DYNAMIC[\r][\n]"
19:59:55.621 [main] DEBUG org.apache.http.wire -- http-outgoing-1 << "Server: cloudflare[\r][\n]"
19:59:55.621 [main] DEBUG org.apache.http.wire -- http-outgoing-1 << "server-timing: cfL4;desc="?proto=TCP&rtt=22850&min_rtt=22683&rtt_var=8840&sent=4&recv=6&lost=0&retrans=0&sent_bytes=219&recv_bytes=1341&delivery_rate=60452&cwnd=250&unsent_bytes=0&cid=ebab9205019d06fd&ts=576&x=0"[\r][\n]"
19:59:55.621 [main] DEBUG org.apache.http.wire -- http-outgoing-1 << "[\r][\n]"
19:59:55.621 [main] DEBUG org.apache.http.wire -- http-outgoing-1 << "{"error":"Missing password"}"
19:59:55.621 [main] DEBUG org.apache.http.headers -- http-outgoing-1 << HTTP/1.1 400 Bad Request
19:59:55.621 [main] DEBUG org.apache.http.headers -- http-outgoing-1 << Date: Mon, 16 Jun 2025 12:59:54 GMT
19:59:55.621 [main] DEBUG org.apache.http.headers -- http-outgoing-1 << Content-Type: application/json; charset=utf-8
19:59:55.621 [main] DEBUG org.apache.http.headers -- http-outgoing-1 << Content-Length: 28
19:59:55.622 [main] DEBUG org.apache.http.headers -- http-outgoing-1 << Connection: keep-alive
19:59:55.622 [main] DEBUG org.apache.http.headers -- http-outgoing-1 << Cf-Ray: 950a7cb1195a0478-HKG
19:59:55.622 [main] DEBUG org.apache.http.headers -- http-outgoing-1 << Report-To: {"group":"heroku-nel","max_age":3600,"endpoints":[{"url":"https://nel.heroku.com/reports?ts=1750078794&sid=c4c9725f-1ab0-44d8-820f-430df2718e11&s=DihilBXgVzbsa4TlVT8WHPNR%2FRqwh6YNtRMOetR1jTs%3D"}]}
19:59:55.622 [main] DEBUG org.apache.http.headers -- http-outgoing-1 << Reporting-Endpoints: heroku-nel=https://nel.heroku.com/reports?ts=1750078794&sid=c4c9725f-1ab0-44d8-820f-430df2718e11&s=DihilBXgVzbsa4TlVT8WHPNR%2FRqwh6YNtRMOetR1jTs%3D
19:59:55.622 [main] DEBUG org.apache.http.headers -- http-outgoing-1 << Nel: {"report_to":"heroku-nel","max_age":3600,"success_fraction":0.005,"failure_fraction":0.05,"response_headers":["Via"]}
19:59:55.622 [main] DEBUG org.apache.http.headers -- http-outgoing-1 << X-Powered-By: Express
19:59:55.622 [main] DEBUG org.apache.http.headers -- http-outgoing-1 << Access-Control-Allow-Origin: *
19:59:55.622 [main] DEBUG org.apache.http.headers -- http-outgoing-1 << Ratelimit-Policy: 100;w=60
19:59:55.622 [main] DEBUG org.apache.http.headers -- http-outgoing-1 << Ratelimit-Limit: 100
19:59:55.622 [main] DEBUG org.apache.http.headers -- http-outgoing-1 << Ratelimit-Remaining: 96
19:59:55.622 [main] DEBUG org.apache.http.headers -- http-outgoing-1 << Ratelimit-Reset: 60
19:59:55.622 [main] DEBUG org.apache.http.headers -- http-outgoing-1 << Etag: W/"1c-NmpazMScs9tOqR7eDEesn+pqC9Q"
19:59:55.622 [main] DEBUG org.apache.http.headers -- http-outgoing-1 << Via: 1.1 vegur
19:59:55.622 [main] DEBUG org.apache.http.headers -- http-outgoing-1 << Cf-Cache-Status: DYNAMIC
19:59:55.622 [main] DEBUG org.apache.http.headers -- http-outgoing-1 << Server: cloudflare
19:59:55.622 [main] DEBUG org.apache.http.headers -- http-outgoing-1 << server-timing: cfL4;desc="?proto=TCP&rtt=22850&min_rtt=22683&rtt_var=8840&sent=4&recv=6&lost=0&retrans=0&sent_bytes=219&recv_bytes=1341&delivery_rate=60452&cwnd=250&unsent_bytes=0&cid=ebab9205019d06fd&ts=576&x=0"
19:59:55.622 [main] DEBUG org.apache.http.impl.execchain.MainClientExec -- Connection can be kept alive indefinitely
19:59:55.622 [main] DEBUG org.apache.http.impl.conn.PoolingHttpClientConnectionManager -- Connection [id: 1][route: {s}->https://reqres.in:443] can be kept alive indefinitely
19:59:55.622 [main] DEBUG org.apache.http.impl.conn.DefaultManagedHttpClientConnection -- http-outgoing-1: set socket timeout to 0
19:59:55.623 [main] DEBUG org.apache.http.impl.conn.PoolingHttpClientConnectionManager -- Connection released: [id: 1][route: {s}->https://reqres.in:443][total available: 1; route allocated: 1 of 5; total allocated: 1 of 10]
19:59:55.623 [main] DEBUG org.apache.http.impl.conn.PoolingHttpClientConnectionManager -- Connection manager is shutting down
19:59:55.623 [main] DEBUG org.apache.http.impl.conn.DefaultManagedHttpClientConnection -- http-outgoing-1: Close connection
19:59:55.624 [main] DEBUG org.apache.http.impl.conn.PoolingHttpClientConnectionManager -- Connection manager shut down
19:59:55.624 [main] DEBUG com.intuit.karate -- response time in milliseconds: 631
1 < 400
1 < Date: Mon, 16 Jun 2025 12:59:54 GMT
1 < Content-Type: application/json; charset=utf-8
1 < Content-Length: 28
1 < Connection: keep-alive
1 < Cf-Ray: 950a7cb1195a0478-HKG
1 < Report-To: {"group":"heroku-nel","max_age":3600,"endpoints":[{"url":"https://nel.heroku.com/reports?ts=1750078794&sid=c4c9725f-1ab0-44d8-820f-430df2718e11&s=DihilBXgVzbsa4TlVT8WHPNR%2FRqwh6YNtRMOetR1jTs%3D"}]}
1 < Reporting-Endpoints: heroku-nel=https://nel.heroku.com/reports?ts=1750078794&sid=c4c9725f-1ab0-44d8-820f-430df2718e11&s=DihilBXgVzbsa4TlVT8WHPNR%2FRqwh6YNtRMOetR1jTs%3D
1 < Nel: {"report_to":"heroku-nel","max_age":3600,"success_fraction":0.005,"failure_fraction":0.05,"response_headers":["Via"]}
1 < X-Powered-By: Express
1 < Access-Control-Allow-Origin: *
1 < Ratelimit-Policy: 100;w=60
1 < Ratelimit-Limit: 100
1 < Ratelimit-Remaining: 96
1 < Ratelimit-Reset: 60
1 < Etag: W/"1c-NmpazMScs9tOqR7eDEesn+pqC9Q"
1 < Via: 1.1 vegur
1 < Cf-Cache-Status: DYNAMIC
1 < Server: cloudflare
1 < server-timing: cfL4;desc="?proto=TCP&rtt=22850&min_rtt=22683&rtt_var=8840&sent=4&recv=6&lost=0&retrans=0&sent_bytes=219&recv_bytes=1341&delivery_rate=60452&cwnd=250&unsent_bytes=0&cid=ebab9205019d06fd&ts=576&x=0"
{
  "error": "Missing password"
}


19:59:55.626 [main] INFO com.intuit.karate -- [print] Calling login API v?i email: eve.holt@reqres.in password:  
19:59:55.627 [main] INFO com.intuit.karate -- [print] Response status: 400 body: {
  "error": "Missing password"
}
 
19:59:55.627 [main] INFO com.intuit.karate -- Test Case Data: {
  "email": "eve.holt@reqres.in",
  "password": "",
  "expectedStatus": 400.0,
  "expectedResult": "Missing password",
  "testDescription": "Login without password",
  "responseStatus": "",
  "result": ""
}
 
19:59:55.628 [main] INFO com.intuit.karate -- Expected Status: 400.0 
19:59:55.628 [main] INFO com.intuit.karate -- Expected Result: Missing password 
19:59:55.628 [main] INFO com.intuit.karate -- Actual Status: 400 
19:59:55.628 [main] INFO com.intuit.karate -- Is Expected Status: true 
19:59:55.628 [main] INFO com.intuit.karate -- Test case #2 - Status: 400, Result: {"error":"Missing password"} 
19:59:55.629 [main] INFO com.intuit.karate -- ?ang ch?y test case #3: Login with invalid email 
19:59:55.638 [main] INFO com.intuit.karate -- karate.env system property was: null 
19:59:55.641 [main] DEBUG com.jayway.jsonpath.internal.path.CompiledPath -- Evaluating path: $
19:59:55.643 [main] DEBUG org.apache.http.client.protocol.RequestAddCookies -- CookieSpec selected: karate
19:59:55.643 [main] DEBUG org.apache.http.client.protocol.RequestAuthCache -- Auth cache not set in the context
19:59:55.643 [main] DEBUG com.intuit.karate -- request:
1 > POST https://reqres.in/api/login
1 > Content-Type: application/json; charset=UTF-8
1 > x-api-key: reqres-free-v1
1 > Content-Length: 54
1 > Host: reqres.in
1 > Connection: Keep-Alive
1 > User-Agent: Apache-HttpClient/4.5.14 (Java/17.0.9)
1 > Accept-Encoding: gzip,deflate
{
  "email": "invalid@email.com",
  "password": "password123"
}


19:59:55.643 [main] DEBUG org.apache.http.impl.conn.PoolingHttpClientConnectionManager -- Connection request: [route: {s}->https://reqres.in:443][total available: 0; route allocated: 0 of 5; total allocated: 0 of 10]
19:59:55.643 [main] DEBUG org.apache.http.impl.conn.PoolingHttpClientConnectionManager -- Connection leased: [id: 2][route: {s}->https://reqres.in:443][total available: 0; route allocated: 1 of 5; total allocated: 1 of 10]
19:59:55.643 [main] DEBUG org.apache.http.impl.execchain.MainClientExec -- Opening connection {s}->https://reqres.in:443
19:59:55.644 [main] DEBUG org.apache.http.impl.conn.DefaultHttpClientConnectionOperator -- Connecting to reqres.in/104.26.10.213:443
19:59:55.644 [main] DEBUG org.apache.http.conn.ssl.SSLConnectionSocketFactory -- Connecting socket to reqres.in/104.26.10.213:443 with timeout 5000
19:59:55.671 [main] DEBUG org.apache.http.conn.ssl.SSLConnectionSocketFactory -- Enabled protocols: [TLSv1.3, TLSv1.2]
19:59:55.671 [main] DEBUG org.apache.http.conn.ssl.SSLConnectionSocketFactory -- Enabled cipher suites:[TLS_AES_256_GCM_SHA384, TLS_AES_128_GCM_SHA256, TLS_CHACHA20_POLY1305_SHA256, TLS_ECDHE_ECDSA_WITH_AES_256_GCM_SHA384, TLS_ECDHE_ECDSA_WITH_AES_128_GCM_SHA256, TLS_ECDHE_ECDSA_WITH_CHACHA20_POLY1305_SHA256, TLS_ECDHE_RSA_WITH_AES_256_GCM_SHA384, TLS_ECDHE_RSA_WITH_CHACHA20_POLY1305_SHA256, TLS_ECDHE_RSA_WITH_AES_128_GCM_SHA256, TLS_DHE_RSA_WITH_AES_256_GCM_SHA384, TLS_DHE_RSA_WITH_CHACHA20_POLY1305_SHA256, TLS_DHE_DSS_WITH_AES_256_GCM_SHA384, TLS_DHE_RSA_WITH_AES_128_GCM_SHA256, TLS_DHE_DSS_WITH_AES_128_GCM_SHA256, TLS_ECDHE_ECDSA_WITH_AES_256_CBC_SHA384, TLS_ECDHE_RSA_WITH_AES_256_CBC_SHA384, TLS_ECDHE_ECDSA_WITH_AES_128_CBC_SHA256, TLS_ECDHE_RSA_WITH_AES_128_CBC_SHA256, TLS_DHE_RSA_WITH_AES_256_CBC_SHA256, TLS_DHE_DSS_WITH_AES_256_CBC_SHA256, TLS_DHE_RSA_WITH_AES_128_CBC_SHA256, TLS_DHE_DSS_WITH_AES_128_CBC_SHA256, TLS_ECDH_ECDSA_WITH_AES_256_GCM_SHA384, TLS_ECDH_RSA_WITH_AES_256_GCM_SHA384, TLS_ECDH_ECDSA_WITH_AES_128_GCM_SHA256, TLS_ECDH_RSA_WITH_AES_128_GCM_SHA256, TLS_ECDH_ECDSA_WITH_AES_256_CBC_SHA384, TLS_ECDH_RSA_WITH_AES_256_CBC_SHA384, TLS_ECDH_ECDSA_WITH_AES_128_CBC_SHA256, TLS_ECDH_RSA_WITH_AES_128_CBC_SHA256, TLS_ECDHE_ECDSA_WITH_AES_256_CBC_SHA, TLS_ECDHE_RSA_WITH_AES_256_CBC_SHA, TLS_ECDHE_ECDSA_WITH_AES_128_CBC_SHA, TLS_ECDHE_RSA_WITH_AES_128_CBC_SHA, TLS_DHE_RSA_WITH_AES_256_CBC_SHA, TLS_DHE_DSS_WITH_AES_256_CBC_SHA, TLS_DHE_RSA_WITH_AES_128_CBC_SHA, TLS_DHE_DSS_WITH_AES_128_CBC_SHA, TLS_ECDH_ECDSA_WITH_AES_256_CBC_SHA, TLS_ECDH_RSA_WITH_AES_256_CBC_SHA, TLS_ECDH_ECDSA_WITH_AES_128_CBC_SHA, TLS_ECDH_RSA_WITH_AES_128_CBC_SHA, TLS_RSA_WITH_AES_256_GCM_SHA384, TLS_RSA_WITH_AES_128_GCM_SHA256, TLS_RSA_WITH_AES_256_CBC_SHA256, TLS_RSA_WITH_AES_128_CBC_SHA256, TLS_RSA_WITH_AES_256_CBC_SHA, TLS_RSA_WITH_AES_128_CBC_SHA, TLS_EMPTY_RENEGOTIATION_INFO_SCSV]
19:59:55.671 [main] DEBUG org.apache.http.conn.ssl.SSLConnectionSocketFactory -- Starting handshake
19:59:55.705 [main] DEBUG org.apache.http.conn.ssl.SSLConnectionSocketFactory -- Secure session established
19:59:55.705 [main] DEBUG org.apache.http.conn.ssl.SSLConnectionSocketFactory --  negotiated protocol: TLSv1.3
19:59:55.707 [main] DEBUG org.apache.http.conn.ssl.SSLConnectionSocketFactory --  negotiated cipher suite: TLS_AES_256_GCM_SHA384
19:59:55.707 [main] DEBUG org.apache.http.conn.ssl.SSLConnectionSocketFactory --  peer principal: CN=reqres.in
19:59:55.707 [main] DEBUG org.apache.http.conn.ssl.SSLConnectionSocketFactory --  peer alternative names: [reqres.in, *.reqres.in]
19:59:55.707 [main] DEBUG org.apache.http.conn.ssl.SSLConnectionSocketFactory --  issuer principal: CN=WE1, O=Google Trust Services, C=US
19:59:55.707 [main] DEBUG org.apache.http.impl.conn.DefaultHttpClientConnectionOperator -- Connection established 192.168.1.20:56990<->104.26.10.213:443
19:59:55.707 [main] DEBUG org.apache.http.impl.conn.DefaultManagedHttpClientConnection -- http-outgoing-2: set socket timeout to 5000
19:59:55.707 [main] DEBUG org.apache.http.impl.execchain.MainClientExec -- Executing request POST /api/login HTTP/1.1
19:59:55.707 [main] DEBUG org.apache.http.impl.execchain.MainClientExec -- Target auth state: UNCHALLENGED
19:59:55.707 [main] DEBUG org.apache.http.impl.execchain.MainClientExec -- Proxy auth state: UNCHALLENGED
19:59:55.707 [main] DEBUG org.apache.http.headers -- http-outgoing-2 >> POST /api/login HTTP/1.1
19:59:55.707 [main] DEBUG org.apache.http.headers -- http-outgoing-2 >> Content-Type: application/json; charset=UTF-8
19:59:55.707 [main] DEBUG org.apache.http.headers -- http-outgoing-2 >> x-api-key: reqres-free-v1
19:59:55.707 [main] DEBUG org.apache.http.headers -- http-outgoing-2 >> Content-Length: 54
19:59:55.707 [main] DEBUG org.apache.http.headers -- http-outgoing-2 >> Host: reqres.in
19:59:55.707 [main] DEBUG org.apache.http.headers -- http-outgoing-2 >> Connection: Keep-Alive
19:59:55.707 [main] DEBUG org.apache.http.headers -- http-outgoing-2 >> User-Agent: Apache-HttpClient/4.5.14 (Java/17.0.9)
19:59:55.707 [main] DEBUG org.apache.http.headers -- http-outgoing-2 >> Accept-Encoding: gzip,deflate
19:59:55.707 [main] DEBUG org.apache.http.wire -- http-outgoing-2 >> "POST /api/login HTTP/1.1[\r][\n]"
19:59:55.707 [main] DEBUG org.apache.http.wire -- http-outgoing-2 >> "Content-Type: application/json; charset=UTF-8[\r][\n]"
19:59:55.707 [main] DEBUG org.apache.http.wire -- http-outgoing-2 >> "x-api-key: reqres-free-v1[\r][\n]"
19:59:55.707 [main] DEBUG org.apache.http.wire -- http-outgoing-2 >> "Content-Length: 54[\r][\n]"
19:59:55.707 [main] DEBUG org.apache.http.wire -- http-outgoing-2 >> "Host: reqres.in[\r][\n]"
19:59:55.707 [main] DEBUG org.apache.http.wire -- http-outgoing-2 >> "Connection: Keep-Alive[\r][\n]"
19:59:55.707 [main] DEBUG org.apache.http.wire -- http-outgoing-2 >> "User-Agent: Apache-HttpClient/4.5.14 (Java/17.0.9)[\r][\n]"
19:59:55.707 [main] DEBUG org.apache.http.wire -- http-outgoing-2 >> "Accept-Encoding: gzip,deflate[\r][\n]"
19:59:55.707 [main] DEBUG org.apache.http.wire -- http-outgoing-2 >> "[\r][\n]"
19:59:55.707 [main] DEBUG org.apache.http.wire -- http-outgoing-2 >> "{"email":"invalid@email.com","password":"password123"}"
19:59:56.280 [main] DEBUG org.apache.http.wire -- http-outgoing-2 << "HTTP/1.1 400 Bad Request[\r][\n]"
19:59:56.280 [main] DEBUG org.apache.http.wire -- http-outgoing-2 << "Date: Mon, 16 Jun 2025 12:59:55 GMT[\r][\n]"
19:59:56.280 [main] DEBUG org.apache.http.wire -- http-outgoing-2 << "Content-Type: application/json; charset=utf-8[\r][\n]"
19:59:56.280 [main] DEBUG org.apache.http.wire -- http-outgoing-2 << "Content-Length: 26[\r][\n]"
19:59:56.280 [main] DEBUG org.apache.http.wire -- http-outgoing-2 << "Connection: keep-alive[\r][\n]"
19:59:56.280 [main] DEBUG org.apache.http.wire -- http-outgoing-2 << "Cf-Ray: 950a7cb53e6a043d-HKG[\r][\n]"
19:59:56.281 [main] DEBUG org.apache.http.wire -- http-outgoing-2 << "Report-To: {"group":"heroku-nel","max_age":3600,"endpoints":[{"url":"https://nel.heroku.com/reports?ts=1750078795&sid=c4c9725f-1ab0-44d8-820f-430df2718e11&s=u3oq4%2BjpWCuvAk5CBANXV71EOtzwAB8UPkmW2Pden4k%3D"}]}[\r][\n]"
19:59:56.281 [main] DEBUG org.apache.http.wire -- http-outgoing-2 << "Reporting-Endpoints: heroku-nel=https://nel.heroku.com/reports?ts=1750078795&sid=c4c9725f-1ab0-44d8-820f-430df2718e11&s=u3oq4%2BjpWCuvAk5CBANXV71EOtzwAB8UPkmW2Pden4k%3D[\r][\n]"
19:59:56.281 [main] DEBUG org.apache.http.wire -- http-outgoing-2 << "Nel: {"report_to":"heroku-nel","max_age":3600,"success_fraction":0.005,"failure_fraction":0.05,"response_headers":["Via"]}[\r][\n]"
19:59:56.281 [main] DEBUG org.apache.http.wire -- http-outgoing-2 << "X-Powered-By: Express[\r][\n]"
19:59:56.281 [main] DEBUG org.apache.http.wire -- http-outgoing-2 << "Access-Control-Allow-Origin: *[\r][\n]"
19:59:56.281 [main] DEBUG org.apache.http.wire -- http-outgoing-2 << "Ratelimit-Policy: 100;w=60[\r][\n]"
19:59:56.281 [main] DEBUG org.apache.http.wire -- http-outgoing-2 << "Ratelimit-Limit: 100[\r][\n]"
19:59:56.281 [main] DEBUG org.apache.http.wire -- http-outgoing-2 << "Ratelimit-Remaining: 94[\r][\n]"
19:59:56.281 [main] DEBUG org.apache.http.wire -- http-outgoing-2 << "Ratelimit-Reset: 59[\r][\n]"
19:59:56.281 [main] DEBUG org.apache.http.wire -- http-outgoing-2 << "Etag: W/"1a-EGIcyP6BIiCXl5Gb1aph5CGf4VQ"[\r][\n]"
19:59:56.281 [main] DEBUG org.apache.http.wire -- http-outgoing-2 << "Via: 1.1 vegur[\r][\n]"
19:59:56.281 [main] DEBUG org.apache.http.wire -- http-outgoing-2 << "Cf-Cache-Status: DYNAMIC[\r][\n]"
19:59:56.281 [main] DEBUG org.apache.http.wire -- http-outgoing-2 << "Server: cloudflare[\r][\n]"
19:59:56.281 [main] DEBUG org.apache.http.wire -- http-outgoing-2 << "server-timing: cfL4;desc="?proto=TCP&rtt=26386&min_rtt=26105&rtt_var=10352&sent=4&recv=6&lost=0&retrans=0&sent_bytes=219&recv_bytes=1351&delivery_rate=51207&cwnd=250&unsent_bytes=0&cid=36820f3a18951321&ts=577&x=0"[\r][\n]"
19:59:56.281 [main] DEBUG org.apache.http.wire -- http-outgoing-2 << "[\r][\n]"
19:59:56.281 [main] DEBUG org.apache.http.wire -- http-outgoing-2 << "{"error":"user not found"}"
19:59:56.281 [main] DEBUG org.apache.http.headers -- http-outgoing-2 << HTTP/1.1 400 Bad Request
19:59:56.281 [main] DEBUG org.apache.http.headers -- http-outgoing-2 << Date: Mon, 16 Jun 2025 12:59:55 GMT
19:59:56.281 [main] DEBUG org.apache.http.headers -- http-outgoing-2 << Content-Type: application/json; charset=utf-8
19:59:56.281 [main] DEBUG org.apache.http.headers -- http-outgoing-2 << Content-Length: 26
19:59:56.281 [main] DEBUG org.apache.http.headers -- http-outgoing-2 << Connection: keep-alive
19:59:56.281 [main] DEBUG org.apache.http.headers -- http-outgoing-2 << Cf-Ray: 950a7cb53e6a043d-HKG
19:59:56.281 [main] DEBUG org.apache.http.headers -- http-outgoing-2 << Report-To: {"group":"heroku-nel","max_age":3600,"endpoints":[{"url":"https://nel.heroku.com/reports?ts=1750078795&sid=c4c9725f-1ab0-44d8-820f-430df2718e11&s=u3oq4%2BjpWCuvAk5CBANXV71EOtzwAB8UPkmW2Pden4k%3D"}]}
19:59:56.281 [main] DEBUG org.apache.http.headers -- http-outgoing-2 << Reporting-Endpoints: heroku-nel=https://nel.heroku.com/reports?ts=1750078795&sid=c4c9725f-1ab0-44d8-820f-430df2718e11&s=u3oq4%2BjpWCuvAk5CBANXV71EOtzwAB8UPkmW2Pden4k%3D
19:59:56.281 [main] DEBUG org.apache.http.headers -- http-outgoing-2 << Nel: {"report_to":"heroku-nel","max_age":3600,"success_fraction":0.005,"failure_fraction":0.05,"response_headers":["Via"]}
19:59:56.281 [main] DEBUG org.apache.http.headers -- http-outgoing-2 << X-Powered-By: Express
19:59:56.281 [main] DEBUG org.apache.http.headers -- http-outgoing-2 << Access-Control-Allow-Origin: *
19:59:56.281 [main] DEBUG org.apache.http.headers -- http-outgoing-2 << Ratelimit-Policy: 100;w=60
19:59:56.282 [main] DEBUG org.apache.http.headers -- http-outgoing-2 << Ratelimit-Limit: 100
19:59:56.282 [main] DEBUG org.apache.http.headers -- http-outgoing-2 << Ratelimit-Remaining: 94
19:59:56.282 [main] DEBUG org.apache.http.headers -- http-outgoing-2 << Ratelimit-Reset: 59
19:59:56.282 [main] DEBUG org.apache.http.headers -- http-outgoing-2 << Etag: W/"1a-EGIcyP6BIiCXl5Gb1aph5CGf4VQ"
19:59:56.282 [main] DEBUG org.apache.http.headers -- http-outgoing-2 << Via: 1.1 vegur
19:59:56.282 [main] DEBUG org.apache.http.headers -- http-outgoing-2 << Cf-Cache-Status: DYNAMIC
19:59:56.282 [main] DEBUG org.apache.http.headers -- http-outgoing-2 << Server: cloudflare
19:59:56.282 [main] DEBUG org.apache.http.headers -- http-outgoing-2 << server-timing: cfL4;desc="?proto=TCP&rtt=26386&min_rtt=26105&rtt_var=10352&sent=4&recv=6&lost=0&retrans=0&sent_bytes=219&recv_bytes=1351&delivery_rate=51207&cwnd=250&unsent_bytes=0&cid=36820f3a18951321&ts=577&x=0"
19:59:56.282 [main] DEBUG org.apache.http.impl.execchain.MainClientExec -- Connection can be kept alive indefinitely
19:59:56.282 [main] DEBUG org.apache.http.impl.conn.PoolingHttpClientConnectionManager -- Connection [id: 2][route: {s}->https://reqres.in:443] can be kept alive indefinitely
19:59:56.282 [main] DEBUG org.apache.http.impl.conn.DefaultManagedHttpClientConnection -- http-outgoing-2: set socket timeout to 0
19:59:56.282 [main] DEBUG org.apache.http.impl.conn.PoolingHttpClientConnectionManager -- Connection released: [id: 2][route: {s}->https://reqres.in:443][total available: 1; route allocated: 1 of 5; total allocated: 1 of 10]
19:59:56.282 [main] DEBUG org.apache.http.impl.conn.PoolingHttpClientConnectionManager -- Connection manager is shutting down
19:59:56.282 [main] DEBUG org.apache.http.impl.conn.DefaultManagedHttpClientConnection -- http-outgoing-2: Close connection
19:59:56.283 [main] DEBUG org.apache.http.impl.conn.PoolingHttpClientConnectionManager -- Connection manager shut down
19:59:56.283 [main] DEBUG com.intuit.karate -- response time in milliseconds: 639
1 < 400
1 < Date: Mon, 16 Jun 2025 12:59:55 GMT
1 < Content-Type: application/json; charset=utf-8
1 < Content-Length: 26
1 < Connection: keep-alive
1 < Cf-Ray: 950a7cb53e6a043d-HKG
1 < Report-To: {"group":"heroku-nel","max_age":3600,"endpoints":[{"url":"https://nel.heroku.com/reports?ts=1750078795&sid=c4c9725f-1ab0-44d8-820f-430df2718e11&s=u3oq4%2BjpWCuvAk5CBANXV71EOtzwAB8UPkmW2Pden4k%3D"}]}
1 < Reporting-Endpoints: heroku-nel=https://nel.heroku.com/reports?ts=1750078795&sid=c4c9725f-1ab0-44d8-820f-430df2718e11&s=u3oq4%2BjpWCuvAk5CBANXV71EOtzwAB8UPkmW2Pden4k%3D
1 < Nel: {"report_to":"heroku-nel","max_age":3600,"success_fraction":0.005,"failure_fraction":0.05,"response_headers":["Via"]}
1 < X-Powered-By: Express
1 < Access-Control-Allow-Origin: *
1 < Ratelimit-Policy: 100;w=60
1 < Ratelimit-Limit: 100
1 < Ratelimit-Remaining: 94
1 < Ratelimit-Reset: 59
1 < Etag: W/"1a-EGIcyP6BIiCXl5Gb1aph5CGf4VQ"
1 < Via: 1.1 vegur
1 < Cf-Cache-Status: DYNAMIC
1 < Server: cloudflare
1 < server-timing: cfL4;desc="?proto=TCP&rtt=26386&min_rtt=26105&rtt_var=10352&sent=4&recv=6&lost=0&retrans=0&sent_bytes=219&recv_bytes=1351&delivery_rate=51207&cwnd=250&unsent_bytes=0&cid=36820f3a18951321&ts=577&x=0"
{
  "error": "user not found"
}


19:59:56.285 [main] INFO com.intuit.karate -- [print] Calling login API v?i email: invalid@email.com password: password123 
19:59:56.287 [main] INFO com.intuit.karate -- [print] Response status: 400 body: {
  "error": "user not found"
}
 
19:59:56.288 [main] INFO com.intuit.karate -- Test Case Data: {
  "email": "invalid@email.com",
  "password": "password123",
  "expectedStatus": 400.0,
  "expectedResult": "user not found",
  "testDescription": "Login with invalid email",
  "responseStatus": "",
  "result": ""
}
 
19:59:56.288 [main] INFO com.intuit.karate -- Expected Status: 400.0 
19:59:56.288 [main] INFO com.intuit.karate -- Expected Result: user not found 
19:59:56.289 [main] INFO com.intuit.karate -- Actual Status: 400 
19:59:56.289 [main] INFO com.intuit.karate -- Is Expected Status: true 
19:59:56.289 [main] INFO com.intuit.karate -- Test case #3 - Status: 400, Result: {"error":"user not found"} 
19:59:56.290 [main] INFO com.intuit.karate -- ?ang ch?y test case #4: Login without email 
19:59:56.304 [main] INFO com.intuit.karate -- karate.env system property was: null 
19:59:56.306 [main] DEBUG com.jayway.jsonpath.internal.path.CompiledPath -- Evaluating path: $
19:59:56.307 [main] DEBUG org.apache.http.client.protocol.RequestAddCookies -- CookieSpec selected: karate
19:59:56.307 [main] DEBUG org.apache.http.client.protocol.RequestAuthCache -- Auth cache not set in the context
19:59:56.308 [main] DEBUG com.intuit.karate -- request:
1 > POST https://reqres.in/api/login
1 > Content-Type: application/json; charset=UTF-8
1 > x-api-key: reqres-free-v1
1 > Content-Length: 37
1 > Host: reqres.in
1 > Connection: Keep-Alive
1 > User-Agent: Apache-HttpClient/4.5.14 (Java/17.0.9)
1 > Accept-Encoding: gzip,deflate
{
  "email": "",
  "password": "password123"
}


19:59:56.308 [main] DEBUG org.apache.http.impl.conn.PoolingHttpClientConnectionManager -- Connection request: [route: {s}->https://reqres.in:443][total available: 0; route allocated: 0 of 5; total allocated: 0 of 10]
19:59:56.308 [main] DEBUG org.apache.http.impl.conn.PoolingHttpClientConnectionManager -- Connection leased: [id: 3][route: {s}->https://reqres.in:443][total available: 0; route allocated: 1 of 5; total allocated: 1 of 10]
19:59:56.308 [main] DEBUG org.apache.http.impl.execchain.MainClientExec -- Opening connection {s}->https://reqres.in:443
19:59:56.308 [main] DEBUG org.apache.http.impl.conn.DefaultHttpClientConnectionOperator -- Connecting to reqres.in/104.26.10.213:443
19:59:56.308 [main] DEBUG org.apache.http.conn.ssl.SSLConnectionSocketFactory -- Connecting socket to reqres.in/104.26.10.213:443 with timeout 5000
19:59:56.333 [main] DEBUG org.apache.http.conn.ssl.SSLConnectionSocketFactory -- Enabled protocols: [TLSv1.3, TLSv1.2]
19:59:56.333 [main] DEBUG org.apache.http.conn.ssl.SSLConnectionSocketFactory -- Enabled cipher suites:[TLS_AES_256_GCM_SHA384, TLS_AES_128_GCM_SHA256, TLS_CHACHA20_POLY1305_SHA256, TLS_ECDHE_ECDSA_WITH_AES_256_GCM_SHA384, TLS_ECDHE_ECDSA_WITH_AES_128_GCM_SHA256, TLS_ECDHE_ECDSA_WITH_CHACHA20_POLY1305_SHA256, TLS_ECDHE_RSA_WITH_AES_256_GCM_SHA384, TLS_ECDHE_RSA_WITH_CHACHA20_POLY1305_SHA256, TLS_ECDHE_RSA_WITH_AES_128_GCM_SHA256, TLS_DHE_RSA_WITH_AES_256_GCM_SHA384, TLS_DHE_RSA_WITH_CHACHA20_POLY1305_SHA256, TLS_DHE_DSS_WITH_AES_256_GCM_SHA384, TLS_DHE_RSA_WITH_AES_128_GCM_SHA256, TLS_DHE_DSS_WITH_AES_128_GCM_SHA256, TLS_ECDHE_ECDSA_WITH_AES_256_CBC_SHA384, TLS_ECDHE_RSA_WITH_AES_256_CBC_SHA384, TLS_ECDHE_ECDSA_WITH_AES_128_CBC_SHA256, TLS_ECDHE_RSA_WITH_AES_128_CBC_SHA256, TLS_DHE_RSA_WITH_AES_256_CBC_SHA256, TLS_DHE_DSS_WITH_AES_256_CBC_SHA256, TLS_DHE_RSA_WITH_AES_128_CBC_SHA256, TLS_DHE_DSS_WITH_AES_128_CBC_SHA256, TLS_ECDH_ECDSA_WITH_AES_256_GCM_SHA384, TLS_ECDH_RSA_WITH_AES_256_GCM_SHA384, TLS_ECDH_ECDSA_WITH_AES_128_GCM_SHA256, TLS_ECDH_RSA_WITH_AES_128_GCM_SHA256, TLS_ECDH_ECDSA_WITH_AES_256_CBC_SHA384, TLS_ECDH_RSA_WITH_AES_256_CBC_SHA384, TLS_ECDH_ECDSA_WITH_AES_128_CBC_SHA256, TLS_ECDH_RSA_WITH_AES_128_CBC_SHA256, TLS_ECDHE_ECDSA_WITH_AES_256_CBC_SHA, TLS_ECDHE_RSA_WITH_AES_256_CBC_SHA, TLS_ECDHE_ECDSA_WITH_AES_128_CBC_SHA, TLS_ECDHE_RSA_WITH_AES_128_CBC_SHA, TLS_DHE_RSA_WITH_AES_256_CBC_SHA, TLS_DHE_DSS_WITH_AES_256_CBC_SHA, TLS_DHE_RSA_WITH_AES_128_CBC_SHA, TLS_DHE_DSS_WITH_AES_128_CBC_SHA, TLS_ECDH_ECDSA_WITH_AES_256_CBC_SHA, TLS_ECDH_RSA_WITH_AES_256_CBC_SHA, TLS_ECDH_ECDSA_WITH_AES_128_CBC_SHA, TLS_ECDH_RSA_WITH_AES_128_CBC_SHA, TLS_RSA_WITH_AES_256_GCM_SHA384, TLS_RSA_WITH_AES_128_GCM_SHA256, TLS_RSA_WITH_AES_256_CBC_SHA256, TLS_RSA_WITH_AES_128_CBC_SHA256, TLS_RSA_WITH_AES_256_CBC_SHA, TLS_RSA_WITH_AES_128_CBC_SHA, TLS_EMPTY_RENEGOTIATION_INFO_SCSV]
19:59:56.333 [main] DEBUG org.apache.http.conn.ssl.SSLConnectionSocketFactory -- Starting handshake
19:59:56.364 [main] DEBUG org.apache.http.conn.ssl.SSLConnectionSocketFactory -- Secure session established
19:59:56.365 [main] DEBUG org.apache.http.conn.ssl.SSLConnectionSocketFactory --  negotiated protocol: TLSv1.3
19:59:56.365 [main] DEBUG org.apache.http.conn.ssl.SSLConnectionSocketFactory --  negotiated cipher suite: TLS_AES_256_GCM_SHA384
19:59:56.365 [main] DEBUG org.apache.http.conn.ssl.SSLConnectionSocketFactory --  peer principal: CN=reqres.in
19:59:56.365 [main] DEBUG org.apache.http.conn.ssl.SSLConnectionSocketFactory --  peer alternative names: [reqres.in, *.reqres.in]
19:59:56.366 [main] DEBUG org.apache.http.conn.ssl.SSLConnectionSocketFactory --  issuer principal: CN=WE1, O=Google Trust Services, C=US
19:59:56.366 [main] DEBUG org.apache.http.impl.conn.DefaultHttpClientConnectionOperator -- Connection established 192.168.1.20:56991<->104.26.10.213:443
19:59:56.366 [main] DEBUG org.apache.http.impl.conn.DefaultManagedHttpClientConnection -- http-outgoing-3: set socket timeout to 5000
19:59:56.366 [main] DEBUG org.apache.http.impl.execchain.MainClientExec -- Executing request POST /api/login HTTP/1.1
19:59:56.366 [main] DEBUG org.apache.http.impl.execchain.MainClientExec -- Target auth state: UNCHALLENGED
19:59:56.366 [main] DEBUG org.apache.http.impl.execchain.MainClientExec -- Proxy auth state: UNCHALLENGED
19:59:56.367 [main] DEBUG org.apache.http.headers -- http-outgoing-3 >> POST /api/login HTTP/1.1
19:59:56.367 [main] DEBUG org.apache.http.headers -- http-outgoing-3 >> Content-Type: application/json; charset=UTF-8
19:59:56.367 [main] DEBUG org.apache.http.headers -- http-outgoing-3 >> x-api-key: reqres-free-v1
19:59:56.367 [main] DEBUG org.apache.http.headers -- http-outgoing-3 >> Content-Length: 37
19:59:56.367 [main] DEBUG org.apache.http.headers -- http-outgoing-3 >> Host: reqres.in
19:59:56.367 [main] DEBUG org.apache.http.headers -- http-outgoing-3 >> Connection: Keep-Alive
19:59:56.367 [main] DEBUG org.apache.http.headers -- http-outgoing-3 >> User-Agent: Apache-HttpClient/4.5.14 (Java/17.0.9)
19:59:56.367 [main] DEBUG org.apache.http.headers -- http-outgoing-3 >> Accept-Encoding: gzip,deflate
19:59:56.367 [main] DEBUG org.apache.http.wire -- http-outgoing-3 >> "POST /api/login HTTP/1.1[\r][\n]"
19:59:56.367 [main] DEBUG org.apache.http.wire -- http-outgoing-3 >> "Content-Type: application/json; charset=UTF-8[\r][\n]"
19:59:56.367 [main] DEBUG org.apache.http.wire -- http-outgoing-3 >> "x-api-key: reqres-free-v1[\r][\n]"
19:59:56.367 [main] DEBUG org.apache.http.wire -- http-outgoing-3 >> "Content-Length: 37[\r][\n]"
19:59:56.367 [main] DEBUG org.apache.http.wire -- http-outgoing-3 >> "Host: reqres.in[\r][\n]"
19:59:56.367 [main] DEBUG org.apache.http.wire -- http-outgoing-3 >> "Connection: Keep-Alive[\r][\n]"
19:59:56.367 [main] DEBUG org.apache.http.wire -- http-outgoing-3 >> "User-Agent: Apache-HttpClient/4.5.14 (Java/17.0.9)[\r][\n]"
19:59:56.367 [main] DEBUG org.apache.http.wire -- http-outgoing-3 >> "Accept-Encoding: gzip,deflate[\r][\n]"
19:59:56.367 [main] DEBUG org.apache.http.wire -- http-outgoing-3 >> "[\r][\n]"
19:59:56.367 [main] DEBUG org.apache.http.wire -- http-outgoing-3 >> "{"email":"","password":"password123"}"
19:59:56.960 [main] DEBUG org.apache.http.wire -- http-outgoing-3 << "HTTP/1.1 400 Bad Request[\r][\n]"
19:59:56.960 [main] DEBUG org.apache.http.wire -- http-outgoing-3 << "Date: Mon, 16 Jun 2025 12:59:56 GMT[\r][\n]"
19:59:56.960 [main] DEBUG org.apache.http.wire -- http-outgoing-3 << "Content-Type: application/json; charset=utf-8[\r][\n]"
19:59:56.960 [main] DEBUG org.apache.http.wire -- http-outgoing-3 << "Content-Length: 37[\r][\n]"
19:59:56.960 [main] DEBUG org.apache.http.wire -- http-outgoing-3 << "Connection: keep-alive[\r][\n]"
19:59:56.960 [main] DEBUG org.apache.http.wire -- http-outgoing-3 << "Cf-Ray: 950a7cb968b16e69-HKG[\r][\n]"
19:59:56.960 [main] DEBUG org.apache.http.wire -- http-outgoing-3 << "Report-To: {"group":"heroku-nel","max_age":3600,"endpoints":[{"url":"https://nel.heroku.com/reports?ts=1750078796&sid=c4c9725f-1ab0-44d8-820f-430df2718e11&s=ErKDg8m0T3qwh6Iab3WC8daJUMi9HLRyH1bQGawdg%2Bs%3D"}]}[\r][\n]"
19:59:56.960 [main] DEBUG org.apache.http.wire -- http-outgoing-3 << "Reporting-Endpoints: heroku-nel=https://nel.heroku.com/reports?ts=1750078796&sid=c4c9725f-1ab0-44d8-820f-430df2718e11&s=ErKDg8m0T3qwh6Iab3WC8daJUMi9HLRyH1bQGawdg%2Bs%3D[\r][\n]"
19:59:56.960 [main] DEBUG org.apache.http.wire -- http-outgoing-3 << "Nel: {"report_to":"heroku-nel","max_age":3600,"success_fraction":0.005,"failure_fraction":0.05,"response_headers":["Via"]}[\r][\n]"
19:59:56.960 [main] DEBUG org.apache.http.wire -- http-outgoing-3 << "X-Powered-By: Express[\r][\n]"
19:59:56.960 [main] DEBUG org.apache.http.wire -- http-outgoing-3 << "Access-Control-Allow-Origin: *[\r][\n]"
19:59:56.960 [main] DEBUG org.apache.http.wire -- http-outgoing-3 << "Ratelimit-Policy: 100;w=60[\r][\n]"
19:59:56.960 [main] DEBUG org.apache.http.wire -- http-outgoing-3 << "Ratelimit-Limit: 100[\r][\n]"
19:59:56.960 [main] DEBUG org.apache.http.wire -- http-outgoing-3 << "Ratelimit-Remaining: 92[\r][\n]"
19:59:56.960 [main] DEBUG org.apache.http.wire -- http-outgoing-3 << "Ratelimit-Reset: 58[\r][\n]"
19:59:56.960 [main] DEBUG org.apache.http.wire -- http-outgoing-3 << "Etag: W/"25-Ik70kof1lbc973ShN5FoVPxYn7A"[\r][\n]"
19:59:56.960 [main] DEBUG org.apache.http.wire -- http-outgoing-3 << "Via: 1.1 vegur[\r][\n]"
19:59:56.960 [main] DEBUG org.apache.http.wire -- http-outgoing-3 << "Cf-Cache-Status: DYNAMIC[\r][\n]"
19:59:56.960 [main] DEBUG org.apache.http.wire -- http-outgoing-3 << "Server: cloudflare[\r][\n]"
19:59:56.960 [main] DEBUG org.apache.http.wire -- http-outgoing-3 << "server-timing: cfL4;desc="?proto=TCP&rtt=22877&min_rtt=22543&rtt_var=9121&sent=4&recv=6&lost=0&retrans=0&sent_bytes=219&recv_bytes=1334&delivery_rate=57584&cwnd=250&unsent_bytes=0&cid=f354b3b0dd0170c5&ts=599&x=0"[\r][\n]"
19:59:56.960 [main] DEBUG org.apache.http.wire -- http-outgoing-3 << "[\r][\n]"
19:59:56.960 [main] DEBUG org.apache.http.wire -- http-outgoing-3 << "{"error":"Missing email or username"}"
19:59:56.961 [main] DEBUG org.apache.http.headers -- http-outgoing-3 << HTTP/1.1 400 Bad Request
19:59:56.961 [main] DEBUG org.apache.http.headers -- http-outgoing-3 << Date: Mon, 16 Jun 2025 12:59:56 GMT
19:59:56.961 [main] DEBUG org.apache.http.headers -- http-outgoing-3 << Content-Type: application/json; charset=utf-8
19:59:56.961 [main] DEBUG org.apache.http.headers -- http-outgoing-3 << Content-Length: 37
19:59:56.961 [main] DEBUG org.apache.http.headers -- http-outgoing-3 << Connection: keep-alive
19:59:56.961 [main] DEBUG org.apache.http.headers -- http-outgoing-3 << Cf-Ray: 950a7cb968b16e69-HKG
19:59:56.961 [main] DEBUG org.apache.http.headers -- http-outgoing-3 << Report-To: {"group":"heroku-nel","max_age":3600,"endpoints":[{"url":"https://nel.heroku.com/reports?ts=1750078796&sid=c4c9725f-1ab0-44d8-820f-430df2718e11&s=ErKDg8m0T3qwh6Iab3WC8daJUMi9HLRyH1bQGawdg%2Bs%3D"}]}
19:59:56.961 [main] DEBUG org.apache.http.headers -- http-outgoing-3 << Reporting-Endpoints: heroku-nel=https://nel.heroku.com/reports?ts=1750078796&sid=c4c9725f-1ab0-44d8-820f-430df2718e11&s=ErKDg8m0T3qwh6Iab3WC8daJUMi9HLRyH1bQGawdg%2Bs%3D
19:59:56.961 [main] DEBUG org.apache.http.headers -- http-outgoing-3 << Nel: {"report_to":"heroku-nel","max_age":3600,"success_fraction":0.005,"failure_fraction":0.05,"response_headers":["Via"]}
19:59:56.961 [main] DEBUG org.apache.http.headers -- http-outgoing-3 << X-Powered-By: Express
19:59:56.961 [main] DEBUG org.apache.http.headers -- http-outgoing-3 << Access-Control-Allow-Origin: *
19:59:56.961 [main] DEBUG org.apache.http.headers -- http-outgoing-3 << Ratelimit-Policy: 100;w=60
19:59:56.961 [main] DEBUG org.apache.http.headers -- http-outgoing-3 << Ratelimit-Limit: 100
19:59:56.961 [main] DEBUG org.apache.http.headers -- http-outgoing-3 << Ratelimit-Remaining: 92
19:59:56.961 [main] DEBUG org.apache.http.headers -- http-outgoing-3 << Ratelimit-Reset: 58
19:59:56.961 [main] DEBUG org.apache.http.headers -- http-outgoing-3 << Etag: W/"25-Ik70kof1lbc973ShN5FoVPxYn7A"
19:59:56.961 [main] DEBUG org.apache.http.headers -- http-outgoing-3 << Via: 1.1 vegur
19:59:56.961 [main] DEBUG org.apache.http.headers -- http-outgoing-3 << Cf-Cache-Status: DYNAMIC
19:59:56.961 [main] DEBUG org.apache.http.headers -- http-outgoing-3 << Server: cloudflare
19:59:56.961 [main] DEBUG org.apache.http.headers -- http-outgoing-3 << server-timing: cfL4;desc="?proto=TCP&rtt=22877&min_rtt=22543&rtt_var=9121&sent=4&recv=6&lost=0&retrans=0&sent_bytes=219&recv_bytes=1334&delivery_rate=57584&cwnd=250&unsent_bytes=0&cid=f354b3b0dd0170c5&ts=599&x=0"
19:59:56.961 [main] DEBUG org.apache.http.impl.execchain.MainClientExec -- Connection can be kept alive indefinitely
19:59:56.961 [main] DEBUG org.apache.http.impl.conn.PoolingHttpClientConnectionManager -- Connection [id: 3][route: {s}->https://reqres.in:443] can be kept alive indefinitely
19:59:56.961 [main] DEBUG org.apache.http.impl.conn.DefaultManagedHttpClientConnection -- http-outgoing-3: set socket timeout to 0
19:59:56.961 [main] DEBUG org.apache.http.impl.conn.PoolingHttpClientConnectionManager -- Connection released: [id: 3][route: {s}->https://reqres.in:443][total available: 1; route allocated: 1 of 5; total allocated: 1 of 10]
19:59:56.961 [main] DEBUG org.apache.http.impl.conn.PoolingHttpClientConnectionManager -- Connection manager is shutting down
19:59:56.961 [main] DEBUG org.apache.http.impl.conn.DefaultManagedHttpClientConnection -- http-outgoing-3: Close connection
19:59:56.962 [main] DEBUG org.apache.http.impl.conn.PoolingHttpClientConnectionManager -- Connection manager shut down
19:59:56.963 [main] DEBUG com.intuit.karate -- response time in milliseconds: 653
1 < 400
1 < Date: Mon, 16 Jun 2025 12:59:56 GMT
1 < Content-Type: application/json; charset=utf-8
1 < Content-Length: 37
1 < Connection: keep-alive
1 < Cf-Ray: 950a7cb968b16e69-HKG
1 < Report-To: {"group":"heroku-nel","max_age":3600,"endpoints":[{"url":"https://nel.heroku.com/reports?ts=1750078796&sid=c4c9725f-1ab0-44d8-820f-430df2718e11&s=ErKDg8m0T3qwh6Iab3WC8daJUMi9HLRyH1bQGawdg%2Bs%3D"}]}
1 < Reporting-Endpoints: heroku-nel=https://nel.heroku.com/reports?ts=1750078796&sid=c4c9725f-1ab0-44d8-820f-430df2718e11&s=ErKDg8m0T3qwh6Iab3WC8daJUMi9HLRyH1bQGawdg%2Bs%3D
1 < Nel: {"report_to":"heroku-nel","max_age":3600,"success_fraction":0.005,"failure_fraction":0.05,"response_headers":["Via"]}
1 < X-Powered-By: Express
1 < Access-Control-Allow-Origin: *
1 < Ratelimit-Policy: 100;w=60
1 < Ratelimit-Limit: 100
1 < Ratelimit-Remaining: 92
1 < Ratelimit-Reset: 58
1 < Etag: W/"25-Ik70kof1lbc973ShN5FoVPxYn7A"
1 < Via: 1.1 vegur
1 < Cf-Cache-Status: DYNAMIC
1 < Server: cloudflare
1 < server-timing: cfL4;desc="?proto=TCP&rtt=22877&min_rtt=22543&rtt_var=9121&sent=4&recv=6&lost=0&retrans=0&sent_bytes=219&recv_bytes=1334&delivery_rate=57584&cwnd=250&unsent_bytes=0&cid=f354b3b0dd0170c5&ts=599&x=0"
{
  "error": "Missing email or username"
}


19:59:56.964 [main] INFO com.intuit.karate -- [print] Calling login API v?i email:  password: password123 
19:59:56.964 [main] INFO com.intuit.karate -- [print] Response status: 400 body: {
  "error": "Missing email or username"
}
 
19:59:56.966 [main] INFO com.intuit.karate -- Test Case Data: {
  "email": "",
  "password": "password123",
  "expectedStatus": 400.0,
  "expectedResult": "Missing email or username",
  "testDescription": "Login without email",
  "responseStatus": "",
  "result": ""
}
 
19:59:56.966 [main] INFO com.intuit.karate -- Expected Status: 400.0 
19:59:56.966 [main] INFO com.intuit.karate -- Expected Result: Missing email or username 
19:59:56.966 [main] INFO com.intuit.karate -- Actual Status: 400 
19:59:56.966 [main] INFO com.intuit.karate -- Is Expected Status: true 
19:59:56.967 [main] INFO com.intuit.karate -- Test case #4 - Status: 400, Result: {"error":"Missing email or username"} 
19:59:56.967 [main] INFO com.intuit.karate -- ?ang ch?y test case #5: Login with wrong password 
19:59:56.975 [main] INFO com.intuit.karate -- karate.env system property was: null 
19:59:56.977 [main] DEBUG com.jayway.jsonpath.internal.path.CompiledPath -- Evaluating path: $
19:59:56.978 [main] DEBUG org.apache.http.client.protocol.RequestAddCookies -- CookieSpec selected: karate
19:59:56.978 [main] DEBUG org.apache.http.client.protocol.RequestAuthCache -- Auth cache not set in the context
19:59:56.978 [main] DEBUG com.intuit.karate -- request:
1 > POST https://reqres.in/api/login
1 > Content-Type: application/json; charset=UTF-8
1 > x-api-key: reqres-free-v1
1 > Content-Length: 57
1 > Host: reqres.in
1 > Connection: Keep-Alive
1 > User-Agent: Apache-HttpClient/4.5.14 (Java/17.0.9)
1 > Accept-Encoding: gzip,deflate
{
  "email": "eve.holt@reqres.in",
  "password": "wrongpassword"
}


19:59:56.978 [main] DEBUG org.apache.http.impl.conn.PoolingHttpClientConnectionManager -- Connection request: [route: {s}->https://reqres.in:443][total available: 0; route allocated: 0 of 5; total allocated: 0 of 10]
19:59:56.978 [main] DEBUG org.apache.http.impl.conn.PoolingHttpClientConnectionManager -- Connection leased: [id: 4][route: {s}->https://reqres.in:443][total available: 0; route allocated: 1 of 5; total allocated: 1 of 10]
19:59:56.978 [main] DEBUG org.apache.http.impl.execchain.MainClientExec -- Opening connection {s}->https://reqres.in:443
19:59:56.979 [main] DEBUG org.apache.http.impl.conn.DefaultHttpClientConnectionOperator -- Connecting to reqres.in/104.26.10.213:443
19:59:56.979 [main] DEBUG org.apache.http.conn.ssl.SSLConnectionSocketFactory -- Connecting socket to reqres.in/104.26.10.213:443 with timeout 5000
19:59:57.008 [main] DEBUG org.apache.http.conn.ssl.SSLConnectionSocketFactory -- Enabled protocols: [TLSv1.3, TLSv1.2]
19:59:57.008 [main] DEBUG org.apache.http.conn.ssl.SSLConnectionSocketFactory -- Enabled cipher suites:[TLS_AES_256_GCM_SHA384, TLS_AES_128_GCM_SHA256, TLS_CHACHA20_POLY1305_SHA256, TLS_ECDHE_ECDSA_WITH_AES_256_GCM_SHA384, TLS_ECDHE_ECDSA_WITH_AES_128_GCM_SHA256, TLS_ECDHE_ECDSA_WITH_CHACHA20_POLY1305_SHA256, TLS_ECDHE_RSA_WITH_AES_256_GCM_SHA384, TLS_ECDHE_RSA_WITH_CHACHA20_POLY1305_SHA256, TLS_ECDHE_RSA_WITH_AES_128_GCM_SHA256, TLS_DHE_RSA_WITH_AES_256_GCM_SHA384, TLS_DHE_RSA_WITH_CHACHA20_POLY1305_SHA256, TLS_DHE_DSS_WITH_AES_256_GCM_SHA384, TLS_DHE_RSA_WITH_AES_128_GCM_SHA256, TLS_DHE_DSS_WITH_AES_128_GCM_SHA256, TLS_ECDHE_ECDSA_WITH_AES_256_CBC_SHA384, TLS_ECDHE_RSA_WITH_AES_256_CBC_SHA384, TLS_ECDHE_ECDSA_WITH_AES_128_CBC_SHA256, TLS_ECDHE_RSA_WITH_AES_128_CBC_SHA256, TLS_DHE_RSA_WITH_AES_256_CBC_SHA256, TLS_DHE_DSS_WITH_AES_256_CBC_SHA256, TLS_DHE_RSA_WITH_AES_128_CBC_SHA256, TLS_DHE_DSS_WITH_AES_128_CBC_SHA256, TLS_ECDH_ECDSA_WITH_AES_256_GCM_SHA384, TLS_ECDH_RSA_WITH_AES_256_GCM_SHA384, TLS_ECDH_ECDSA_WITH_AES_128_GCM_SHA256, TLS_ECDH_RSA_WITH_AES_128_GCM_SHA256, TLS_ECDH_ECDSA_WITH_AES_256_CBC_SHA384, TLS_ECDH_RSA_WITH_AES_256_CBC_SHA384, TLS_ECDH_ECDSA_WITH_AES_128_CBC_SHA256, TLS_ECDH_RSA_WITH_AES_128_CBC_SHA256, TLS_ECDHE_ECDSA_WITH_AES_256_CBC_SHA, TLS_ECDHE_RSA_WITH_AES_256_CBC_SHA, TLS_ECDHE_ECDSA_WITH_AES_128_CBC_SHA, TLS_ECDHE_RSA_WITH_AES_128_CBC_SHA, TLS_DHE_RSA_WITH_AES_256_CBC_SHA, TLS_DHE_DSS_WITH_AES_256_CBC_SHA, TLS_DHE_RSA_WITH_AES_128_CBC_SHA, TLS_DHE_DSS_WITH_AES_128_CBC_SHA, TLS_ECDH_ECDSA_WITH_AES_256_CBC_SHA, TLS_ECDH_RSA_WITH_AES_256_CBC_SHA, TLS_ECDH_ECDSA_WITH_AES_128_CBC_SHA, TLS_ECDH_RSA_WITH_AES_128_CBC_SHA, TLS_RSA_WITH_AES_256_GCM_SHA384, TLS_RSA_WITH_AES_128_GCM_SHA256, TLS_RSA_WITH_AES_256_CBC_SHA256, TLS_RSA_WITH_AES_128_CBC_SHA256, TLS_RSA_WITH_AES_256_CBC_SHA, TLS_RSA_WITH_AES_128_CBC_SHA, TLS_EMPTY_RENEGOTIATION_INFO_SCSV]
19:59:57.008 [main] DEBUG org.apache.http.conn.ssl.SSLConnectionSocketFactory -- Starting handshake
19:59:57.041 [main] DEBUG org.apache.http.conn.ssl.SSLConnectionSocketFactory -- Secure session established
19:59:57.041 [main] DEBUG org.apache.http.conn.ssl.SSLConnectionSocketFactory --  negotiated protocol: TLSv1.3
19:59:57.041 [main] DEBUG org.apache.http.conn.ssl.SSLConnectionSocketFactory --  negotiated cipher suite: TLS_AES_256_GCM_SHA384
19:59:57.041 [main] DEBUG org.apache.http.conn.ssl.SSLConnectionSocketFactory --  peer principal: CN=reqres.in
19:59:57.041 [main] DEBUG org.apache.http.conn.ssl.SSLConnectionSocketFactory --  peer alternative names: [reqres.in, *.reqres.in]
19:59:57.041 [main] DEBUG org.apache.http.conn.ssl.SSLConnectionSocketFactory --  issuer principal: CN=WE1, O=Google Trust Services, C=US
19:59:57.041 [main] DEBUG org.apache.http.impl.conn.DefaultHttpClientConnectionOperator -- Connection established 192.168.1.20:56992<->104.26.10.213:443
19:59:57.041 [main] DEBUG org.apache.http.impl.conn.DefaultManagedHttpClientConnection -- http-outgoing-4: set socket timeout to 5000
19:59:57.043 [main] DEBUG org.apache.http.impl.execchain.MainClientExec -- Executing request POST /api/login HTTP/1.1
19:59:57.043 [main] DEBUG org.apache.http.impl.execchain.MainClientExec -- Target auth state: UNCHALLENGED
19:59:57.043 [main] DEBUG org.apache.http.impl.execchain.MainClientExec -- Proxy auth state: UNCHALLENGED
19:59:57.043 [main] DEBUG org.apache.http.headers -- http-outgoing-4 >> POST /api/login HTTP/1.1
19:59:57.043 [main] DEBUG org.apache.http.headers -- http-outgoing-4 >> Content-Type: application/json; charset=UTF-8
19:59:57.043 [main] DEBUG org.apache.http.headers -- http-outgoing-4 >> x-api-key: reqres-free-v1
19:59:57.043 [main] DEBUG org.apache.http.headers -- http-outgoing-4 >> Content-Length: 57
19:59:57.043 [main] DEBUG org.apache.http.headers -- http-outgoing-4 >> Host: reqres.in
19:59:57.043 [main] DEBUG org.apache.http.headers -- http-outgoing-4 >> Connection: Keep-Alive
19:59:57.043 [main] DEBUG org.apache.http.headers -- http-outgoing-4 >> User-Agent: Apache-HttpClient/4.5.14 (Java/17.0.9)
19:59:57.043 [main] DEBUG org.apache.http.headers -- http-outgoing-4 >> Accept-Encoding: gzip,deflate
19:59:57.043 [main] DEBUG org.apache.http.wire -- http-outgoing-4 >> "POST /api/login HTTP/1.1[\r][\n]"
19:59:57.043 [main] DEBUG org.apache.http.wire -- http-outgoing-4 >> "Content-Type: application/json; charset=UTF-8[\r][\n]"
19:59:57.043 [main] DEBUG org.apache.http.wire -- http-outgoing-4 >> "x-api-key: reqres-free-v1[\r][\n]"
19:59:57.043 [main] DEBUG org.apache.http.wire -- http-outgoing-4 >> "Content-Length: 57[\r][\n]"
19:59:57.043 [main] DEBUG org.apache.http.wire -- http-outgoing-4 >> "Host: reqres.in[\r][\n]"
19:59:57.043 [main] DEBUG org.apache.http.wire -- http-outgoing-4 >> "Connection: Keep-Alive[\r][\n]"
19:59:57.043 [main] DEBUG org.apache.http.wire -- http-outgoing-4 >> "User-Agent: Apache-HttpClient/4.5.14 (Java/17.0.9)[\r][\n]"
19:59:57.043 [main] DEBUG org.apache.http.wire -- http-outgoing-4 >> "Accept-Encoding: gzip,deflate[\r][\n]"
19:59:57.043 [main] DEBUG org.apache.http.wire -- http-outgoing-4 >> "[\r][\n]"
19:59:57.043 [main] DEBUG org.apache.http.wire -- http-outgoing-4 >> "{"email":"eve.holt@reqres.in","password":"wrongpassword"}"
19:59:57.612 [main] DEBUG org.apache.http.wire -- http-outgoing-4 << "HTTP/1.1 200 OK[\r][\n]"
19:59:57.612 [main] DEBUG org.apache.http.wire -- http-outgoing-4 << "Date: Mon, 16 Jun 2025 12:59:56 GMT[\r][\n]"
19:59:57.612 [main] DEBUG org.apache.http.wire -- http-outgoing-4 << "Content-Type: application/json; charset=utf-8[\r][\n]"
19:59:57.612 [main] DEBUG org.apache.http.wire -- http-outgoing-4 << "Content-Length: 29[\r][\n]"
19:59:57.612 [main] DEBUG org.apache.http.wire -- http-outgoing-4 << "Connection: keep-alive[\r][\n]"
19:59:57.612 [main] DEBUG org.apache.http.wire -- http-outgoing-4 << "Cf-Ray: 950a7cbd8a6bdd8d-HKG[\r][\n]"
19:59:57.612 [main] DEBUG org.apache.http.wire -- http-outgoing-4 << "Report-To: {"group":"heroku-nel","max_age":3600,"endpoints":[{"url":"https://nel.heroku.com/reports?ts=1750078796&sid=c4c9725f-1ab0-44d8-820f-430df2718e11&s=ErKDg8m0T3qwh6Iab3WC8daJUMi9HLRyH1bQGawdg%2Bs%3D"}]}[\r][\n]"
19:59:57.612 [main] DEBUG org.apache.http.wire -- http-outgoing-4 << "Reporting-Endpoints: heroku-nel=https://nel.heroku.com/reports?ts=1750078796&sid=c4c9725f-1ab0-44d8-820f-430df2718e11&s=ErKDg8m0T3qwh6Iab3WC8daJUMi9HLRyH1bQGawdg%2Bs%3D[\r][\n]"
[...]
[THYMELEAF]             * [* {th:scheme,data-th-scheme}] [1000]: org.thymeleaf.standard.processor.StandardRemovableAttributeTagProcessor
[THYMELEAF]             * [* {th:media,data-th-media}] [1000]: org.thymeleaf.standard.processor.StandardRemovableAttributeTagProcessor
[THYMELEAF]             * [* {th:manifest,data-th-manifest}] [1000]: org.thymeleaf.standard.processor.StandardRemovableAttributeTagProcessor
[THYMELEAF]             * [* {th:span,data-th-span}] [1000]: org.thymeleaf.standard.processor.StandardRemovableAttributeTagProcessor
[THYMELEAF]             * [* {th:dir,data-th-dir}] [1000]: org.thymeleaf.standard.processor.StandardRemovableAttributeTagProcessor
[THYMELEAF]             * [* {th:style,data-th-style}] [1000]: org.thymeleaf.standard.processor.StandardRemovableAttributeTagProcessor
[THYMELEAF]             * [* {th:accept,data-th-accept}] [1000]: org.thymeleaf.standard.processor.StandardRemovableAttributeTagProcessor
[THYMELEAF]             * [* {th:target,data-th-target}] [1000]: org.thymeleaf.standard.processor.StandardRemovableAttributeTagProcessor
[THYMELEAF]             * [* {th:poster,data-th-poster}] [1000]: org.thymeleaf.standard.processor.StandardRemovableAttributeTagProcessor
[THYMELEAF]             * [* {th:optimum,data-th-optimum}] [1000]: org.thymeleaf.standard.processor.StandardRemovableAttributeTagProcessor
[THYMELEAF]             * [* {th:height,data-th-height}] [1000]: org.thymeleaf.standard.processor.StandardRemovableAttributeTagProcessor
[THYMELEAF]             * [* {th:title,data-th-title}] [1000]: org.thymeleaf.standard.processor.StandardRemovableAttributeTagProcessor
[THYMELEAF]             * [* {th:formenctype,data-th-formenctype}] [1000]: org.thymeleaf.standard.processor.StandardRemovableAttributeTagProcessor
[THYMELEAF]             * [* {th:enctype,data-th-enctype}] [1000]: org.thymeleaf.standard.processor.StandardRemovableAttributeTagProcessor
[THYMELEAF]             * [* {th:width,data-th-width}] [1000]: org.thymeleaf.standard.processor.StandardRemovableAttributeTagProcessor
[THYMELEAF]             * [* {th:marginheight,data-th-marginheight}] [1000]: org.thymeleaf.standard.processor.StandardRemovableAttributeTagProcessor
[THYMELEAF]             * [* {th:axis,data-th-axis}] [1000]: org.thymeleaf.standard.processor.StandardRemovableAttributeTagProcessor
[THYMELEAF]             * [* {th:hreflang,data-th-hreflang}] [1000]: org.thymeleaf.standard.processor.StandardRemovableAttributeTagProcessor
[THYMELEAF]             * [* {th:bgcolor,data-th-bgcolor}] [1000]: org.thymeleaf.standard.processor.StandardRemovableAttributeTagProcessor
[THYMELEAF]             * [* {th:cols,data-th-cols}] [1000]: org.thymeleaf.standard.processor.StandardRemovableAttributeTagProcessor
[THYMELEAF]             * [* {th:radiogroup,data-th-radiogroup}] [1000]: org.thymeleaf.standard.processor.StandardRemovableAttributeTagProcessor
[THYMELEAF]             * [* {th:hspace,data-th-hspace}] [1000]: org.thymeleaf.standard.processor.StandardRemovableAttributeTagProcessor
[THYMELEAF]             * [* {th:formtarget,data-th-formtarget}] [1000]: org.thymeleaf.standard.processor.StandardRemovableAttributeTagProcessor
[THYMELEAF]             * [* {th:sandbox,data-th-sandbox}] [1000]: org.thymeleaf.standard.processor.StandardRemovableAttributeTagProcessor
[THYMELEAF]             * [* {th:charset,data-th-charset}] [1000]: org.thymeleaf.standard.processor.StandardRemovableAttributeTagProcessor
[THYMELEAF]             * [* {th:start,data-th-start}] [1000]: org.thymeleaf.standard.processor.StandardRemovableAttributeTagProcessor
[THYMELEAF]             * [* {th:formmethod,data-th-formmethod}] [1000]: org.thymeleaf.standard.processor.StandardRemovableAttributeTagProcessor
[THYMELEAF]             * [* {th:min,data-th-min}] [1000]: org.thymeleaf.standard.processor.StandardRemovableAttributeTagProcessor
[THYMELEAF]             * [* {th:rules,data-th-rules}] [1000]: org.thymeleaf.standard.processor.StandardRemovableAttributeTagProcessor
[THYMELEAF]             * [* {th:icon,data-th-icon}] [1000]: org.thymeleaf.standard.processor.StandardRemovableAttributeTagProcessor
[THYMELEAF]             * [* {th:frame,data-th-frame}] [1000]: org.thymeleaf.standard.processor.StandardRemovableAttributeTagProcessor
[THYMELEAF]             * [* {th:summary,data-th-summary}] [1000]: org.thymeleaf.standard.processor.StandardRemovableAttributeTagProcessor
[THYMELEAF]             * [* {th:scope,data-th-scope}] [1000]: org.thymeleaf.standard.processor.StandardRemovableAttributeTagProcessor
[THYMELEAF]             * [* {th:label,data-th-label}] [1000]: org.thymeleaf.standard.processor.StandardRemovableAttributeTagProcessor
[THYMELEAF]             * [* {th:high,data-th-high}] [1000]: org.thymeleaf.standard.processor.StandardRemovableAttributeTagProcessor
[THYMELEAF]             * [* {th:content,data-th-content}] [1000]: org.thymeleaf.standard.processor.StandardRemovableAttributeTagProcessor
[THYMELEAF]             * [* {th:scrolling,data-th-scrolling}] [1000]: org.thymeleaf.standard.processor.StandardRemovableAttributeTagProcessor
[THYMELEAF]             * [* {th:draggable,data-th-draggable}] [1000]: org.thymeleaf.standard.processor.StandardRemovableAttributeTagProcessor
[THYMELEAF]             * [* {th:src,data-th-src}] [1000]: org.thymeleaf.standard.processor.StandardSrcTagProcessor
[THYMELEAF]             * [* {th:value,data-th-value}] [1000]: org.thymeleaf.standard.processor.StandardValueTagProcessor
[THYMELEAF]             * [* {th:xmlbase,data-th-xmlbase}] [1000]: org.thymeleaf.standard.processor.StandardXmlBaseTagProcessor
[THYMELEAF]             * [* {th:xmllang,data-th-xmllang}] [1000]: org.thymeleaf.standard.processor.StandardXmlLangTagProcessor
[THYMELEAF]             * [* {xmlns:th}] [1000]: org.thymeleaf.standard.processor.StandardXmlNsTagProcessor
[THYMELEAF]             * [* {th:xmlspace,data-th-xmlspace}] [1000]: org.thymeleaf.standard.processor.StandardXmlSpaceTagProcessor
[THYMELEAF]             * [* {th:classappend,data-th-classappend}] [1100]: org.thymeleaf.standard.processor.StandardClassappendTagProcessor
[THYMELEAF]             * [* {th:styleappend,data-th-styleappend}] [1100]: org.thymeleaf.standard.processor.StandardStyleappendTagProcessor
[THYMELEAF]             * [* {th:text,data-th-text}] [1300]: org.thymeleaf.standard.processor.StandardTextTagProcessor
[THYMELEAF]             * [* {th:utext,data-th-utext}] [1400]: org.thymeleaf.standard.processor.StandardUtextTagProcessor
[THYMELEAF]             * [* {th:fragment,data-th-fragment}] [1500]: org.thymeleaf.standard.processor.StandardFragmentTagProcessor
[THYMELEAF]             * [* {th:assert,data-th-assert}] [1550]: org.thymeleaf.standard.processor.StandardAssertTagProcessor
[THYMELEAF]             * [* {th:remove,data-th-remove}] [1600]: org.thymeleaf.standard.processor.StandardRemoveTagProcessor
[THYMELEAF]             * [* {th:ref,data-th-ref}] [10000]: org.thymeleaf.standard.processor.StandardRefAttributeTagProcessor
[THYMELEAF]             * [{th:block,th-block} *] [100000]: org.thymeleaf.standard.processor.StandardBlockTagProcessor
[THYMELEAF]             * [* th:*] [2147483647]: org.thymeleaf.standard.processor.StandardDefaultAttributesTagProcessor
[THYMELEAF]         * Text Processors by [precedence]:
[THYMELEAF]             * [1000]: org.thymeleaf.standard.processor.StandardInliningTextProcessor
[THYMELEAF]         * DOCTYPE Processors by [precedence]:
[THYMELEAF]             * [1000]: org.thymeleaf.standard.processor.StandardTranslationDocTypeProcessor
[THYMELEAF]         * CDATA Section Processors by [precedence]:
[THYMELEAF]             * [1000]: org.thymeleaf.standard.processor.StandardInliningCDATASectionProcessor
[THYMELEAF]         * Comment Processors by [precedence]:
[THYMELEAF]             * [1000]: org.thymeleaf.standard.processor.StandardInliningCommentProcessor
[THYMELEAF]             * [1100]: org.thymeleaf.standard.processor.StandardConditionalCommentProcessor
[THYMELEAF]     * Processors for Template Mode: XML
[THYMELEAF]         * Element Tag Processors by [matching element and attribute name] [precedence]:
[THYMELEAF]             * [* {th:include}] [100]: org.thymeleaf.standard.processor.StandardIncludeTagProcessor
[THYMELEAF]             * [* {th:insert}] [100]: org.thymeleaf.standard.processor.StandardInsertTagProcessor
[THYMELEAF]             * [* {th:replace}] [100]: org.thymeleaf.standard.processor.StandardReplaceTagProcessor
[THYMELEAF]             * [* {th:each}] [200]: com.intuit.karate.template.KarateEachTagProcessor
[THYMELEAF]             * [* {th:switch}] [250]: org.thymeleaf.standard.processor.StandardSwitchTagProcessor
[THYMELEAF]             * [* {th:case}] [275]: org.thymeleaf.standard.processor.StandardCaseTagProcessor
[THYMELEAF]             * [* {th:if}] [300]: org.thymeleaf.standard.processor.StandardIfTagProcessor
[THYMELEAF]             * [* {th:unless}] [400]: org.thymeleaf.standard.processor.StandardUnlessTagProcessor
[THYMELEAF]             * [* {th:object}] [500]: org.thymeleaf.standard.processor.StandardObjectTagProcessor
[THYMELEAF]             * [* {th:with}] [600]: com.intuit.karate.template.KarateWithTagProcessor
[THYMELEAF]             * [* {th:attr}] [700]: com.intuit.karate.template.KarateAttributeTagProcessor.KarateAttrTagProcessor
[THYMELEAF]             * [* {th:attrappend}] [900]: com.intuit.karate.template.KarateAttributeTagProcessor.KarateAttrappendTagProcessor
[THYMELEAF]             * [* {th:attrprepend}] [900]: com.intuit.karate.template.KarateAttributeTagProcessor.KarateAttrprependTagProcessor
[THYMELEAF]             * [* {th:inline}] [1000]: org.thymeleaf.standard.processor.StandardInlineXMLTagProcessor
[THYMELEAF]             * [* {xmlns:th}] [1000]: org.thymeleaf.standard.processor.StandardXmlNsTagProcessor
[THYMELEAF]             * [* {th:text}] [1300]: org.thymeleaf.standard.processor.StandardTextTagProcessor
[THYMELEAF]             * [* {th:utext}] [1400]: org.thymeleaf.standard.processor.StandardUtextTagProcessor
[THYMELEAF]             * [* {th:fragment}] [1500]: org.thymeleaf.standard.processor.StandardFragmentTagProcessor
[THYMELEAF]             * [* {th:assert}] [1550]: org.thymeleaf.standard.processor.StandardAssertTagProcessor
[THYMELEAF]             * [* {th:remove}] [1600]: org.thymeleaf.standard.processor.StandardRemoveTagProcessor
[THYMELEAF]             * [* {th:ref}] [10000]: org.thymeleaf.standard.processor.StandardRefAttributeTagProcessor
[THYMELEAF]             * [{th:block} *] [100000]: org.thymeleaf.standard.processor.StandardBlockTagProcessor
[THYMELEAF]             * [* th:*] [2147483647]: org.thymeleaf.standard.processor.StandardDefaultAttributesTagProcessor
[THYMELEAF]         * Text Processors by [precedence]:
[THYMELEAF]             * [1000]: org.thymeleaf.standard.processor.StandardInliningTextProcessor
[THYMELEAF]         * CDATA Section Processors by [precedence]:
[THYMELEAF]             * [1000]: org.thymeleaf.standard.processor.StandardInliningCDATASectionProcessor
[THYMELEAF]         * Comment Processors by [precedence]:
[THYMELEAF]             * [1000]: org.thymeleaf.standard.processor.StandardInliningCommentProcessor
[THYMELEAF]     * Processors for Template Mode: TEXT
[THYMELEAF]         * Element Tag Processors by [matching element and attribute name] [precedence]:
[THYMELEAF]             * [* {th:insert}] [100]: org.thymeleaf.standard.processor.StandardInsertTagProcessor
[THYMELEAF]             * [* {th:replace}] [100]: org.thymeleaf.standard.processor.StandardReplaceTagProcessor
[THYMELEAF]             * [* {th:each}] [200]: com.intuit.karate.template.KarateEachTagProcessor
[THYMELEAF]             * [* {th:switch}] [250]: org.thymeleaf.standard.processor.StandardSwitchTagProcessor
[THYMELEAF]             * [* {th:case}] [275]: org.thymeleaf.standard.processor.StandardCaseTagProcessor
[THYMELEAF]             * [* {th:if}] [300]: org.thymeleaf.standard.processor.StandardIfTagProcessor
[THYMELEAF]             * [* {th:unless}] [400]: org.thymeleaf.standard.processor.StandardUnlessTagProcessor
[THYMELEAF]             * [* {th:object}] [500]: org.thymeleaf.standard.processor.StandardObjectTagProcessor
[THYMELEAF]             * [* {th:with}] [600]: com.intuit.karate.template.KarateWithTagProcessor
[THYMELEAF]             * [* {th:inline}] [1000]: org.thymeleaf.standard.processor.StandardInlineTextualTagProcessor
[THYMELEAF]             * [* {th:text}] [1300]: org.thymeleaf.standard.processor.StandardTextTagProcessor
[THYMELEAF]             * [* {th:utext}] [1400]: org.thymeleaf.standard.processor.StandardUtextTagProcessor
[THYMELEAF]             * [* {th:assert}] [1550]: org.thymeleaf.standard.processor.StandardAssertTagProcessor
[THYMELEAF]             * [* {th:remove}] [1600]: org.thymeleaf.standard.processor.StandardRemoveTagProcessor
[THYMELEAF]             * [* 100000] [org.thymeleaf.standard.processor.StandardBlockTagProcessor]: {}
[THYMELEAF]             * [{th:block} *] [100000]: org.thymeleaf.standard.processor.StandardBlockTagProcessor
[THYMELEAF]         * Text Processors by [precedence]:
[THYMELEAF]             * [1000]: org.thymeleaf.standard.processor.StandardInliningTextProcessor
[THYMELEAF]     * Processors for Template Mode: JAVASCRIPT
[THYMELEAF]         * Element Tag Processors by [matching element and attribute name] [precedence]:
[THYMELEAF]             * [* {th:insert}] [100]: org.thymeleaf.standard.processor.StandardInsertTagProcessor
[THYMELEAF]             * [* {th:replace}] [100]: org.thymeleaf.standard.processor.StandardReplaceTagProcessor
[THYMELEAF]             * [* {th:each}] [200]: com.intuit.karate.template.KarateEachTagProcessor
[THYMELEAF]             * [* {th:switch}] [250]: org.thymeleaf.standard.processor.StandardSwitchTagProcessor
[THYMELEAF]             * [* {th:case}] [275]: org.thymeleaf.standard.processor.StandardCaseTagProcessor
[THYMELEAF]             * [* {th:if}] [300]: org.thymeleaf.standard.processor.StandardIfTagProcessor
[THYMELEAF]             * [* {th:unless}] [400]: org.thymeleaf.standard.processor.StandardUnlessTagProcessor
[THYMELEAF]             * [* {th:object}] [500]: org.thymeleaf.standard.processor.StandardObjectTagProcessor
[THYMELEAF]             * [* {th:with}] [600]: com.intuit.karate.template.KarateWithTagProcessor
[THYMELEAF]             * [* {th:inline}] [1000]: org.thymeleaf.standard.processor.StandardInlineTextualTagProcessor
[THYMELEAF]             * [* {th:text}] [1300]: org.thymeleaf.standard.processor.StandardTextTagProcessor
[THYMELEAF]             * [* {th:utext}] [1400]: org.thymeleaf.standard.processor.StandardUtextTagProcessor
[THYMELEAF]             * [* {th:assert}] [1550]: org.thymeleaf.standard.processor.StandardAssertTagProcessor
[THYMELEAF]             * [* {th:remove}] [1600]: org.thymeleaf.standard.processor.StandardRemoveTagProcessor
[THYMELEAF]             * [{th:block} *] [100000]: org.thymeleaf.standard.processor.StandardBlockTagProcessor
[THYMELEAF]             * [* 100000] [org.thymeleaf.standard.processor.StandardBlockTagProcessor]: {}
[THYMELEAF]         * Text Processors by [precedence]:
[THYMELEAF]             * [1000]: org.thymeleaf.standard.processor.StandardInliningTextProcessor
[THYMELEAF]     * Processors for Template Mode: CSS
[THYMELEAF]         * Element Tag Processors by [matching element and attribute name] [precedence]:
[THYMELEAF]             * [* {th:insert}] [100]: org.thymeleaf.standard.processor.StandardInsertTagProcessor
[THYMELEAF]             * [* {th:replace}] [100]: org.thymeleaf.standard.processor.StandardReplaceTagProcessor
[THYMELEAF]             * [* {th:each}] [200]: com.intuit.karate.template.KarateEachTagProcessor
[THYMELEAF]             * [* {th:switch}] [250]: org.thymeleaf.standard.processor.StandardSwitchTagProcessor
[THYMELEAF]             * [* {th:case}] [275]: org.thymeleaf.standard.processor.StandardCaseTagProcessor
[THYMELEAF]             * [* {th:if}] [300]: org.thymeleaf.standard.processor.StandardIfTagProcessor
[THYMELEAF]             * [* {th:unless}] [400]: org.thymeleaf.standard.processor.StandardUnlessTagProcessor
[THYMELEAF]             * [* {th:object}] [500]: org.thymeleaf.standard.processor.StandardObjectTagProcessor
[THYMELEAF]             * [* {th:with}] [600]: com.intuit.karate.template.KarateWithTagProcessor
[THYMELEAF]             * [* {th:inline}] [1000]: org.thymeleaf.standard.processor.StandardInlineTextualTagProcessor
[THYMELEAF]             * [* {th:text}] [1300]: org.thymeleaf.standard.processor.StandardTextTagProcessor
[THYMELEAF]             * [* {th:utext}] [1400]: org.thymeleaf.standard.processor.StandardUtextTagProcessor
[THYMELEAF]             * [* {th:assert}] [1550]: org.thymeleaf.standard.processor.StandardAssertTagProcessor
[THYMELEAF]             * [* {th:remove}] [1600]: org.thymeleaf.standard.processor.StandardRemoveTagProcessor
[THYMELEAF]             * [* 100000] [org.thymeleaf.standard.processor.StandardBlockTagProcessor]: {}
[THYMELEAF]             * [{th:block} *] [100000]: org.thymeleaf.standard.processor.StandardBlockTagProcessor
[THYMELEAF]         * Text Processors by [precedence]:
[THYMELEAF]             * [1000]: org.thymeleaf.standard.processor.StandardInliningTextProcessor
[THYMELEAF]     * Expression Objects:
[THYMELEAF]         * #ctx
[THYMELEAF]         * #root
[THYMELEAF]         * #vars
[THYMELEAF]         * #object
[THYMELEAF]         * #locale
[THYMELEAF]         * #conversions
[THYMELEAF]         * #uris
[THYMELEAF]         * #temporals
[THYMELEAF]         * #calendars
[THYMELEAF]         * #dates
[THYMELEAF]         * #bools
[THYMELEAF]         * #numbers
[THYMELEAF]         * #objects
[THYMELEAF]         * #strings
[THYMELEAF]         * #arrays
[THYMELEAF]         * #lists
[THYMELEAF]         * #sets
[THYMELEAF]         * #maps
[THYMELEAF]         * #aggregates
[THYMELEAF]         * #messages
[THYMELEAF]         * #ids
[THYMELEAF]         * #execInfo
[THYMELEAF]         * #request
[THYMELEAF]         * #response
[THYMELEAF]         * #session
[THYMELEAF]         * #servletContext
[THYMELEAF]     * Execution Attributes:
[THYMELEAF]         * "StandardExpressionParser": com.intuit.karate.template.KarateStandardDialect@3b046e64
[THYMELEAF]         * "StandardJavaScriptSerializer": org.thymeleaf.standard.serializer.StandardJavaScriptSerializer@48751d8a
[THYMELEAF]         * "StandardCSSSerializer": org.thymeleaf.standard.serializer.StandardCSSSerializer@471a9e8c
[THYMELEAF]         * "StandardVariableExpressionEvaluator": com.intuit.karate.template.KarateStandardDialect@3b046e64
[THYMELEAF]         * "StandardConversionService": org.thymeleaf.standard.expression.StandardConversionService@40277077
[THYMELEAF] * Dialect [2 of 2]: karate (com.intuit.karate.template.KarateScriptDialect)
[THYMELEAF]     * Prefix: "ka"
[THYMELEAF]     * Processors for Template Mode: HTML
[THYMELEAF]         * Element Tag Processors by [matching element and attribute name] [precedence]:
[THYMELEAF]             * [* {src}] [1000]: com.intuit.karate.template.KaScriptAttrProcessor
[THYMELEAF]         * Element Model Processors by [matching element and attribute name] [precedence]:
[THYMELEAF]             * [{script} {ka:scope,data-ka-scope}] [1000]: com.intuit.karate.template.KaScriptElemProcessor
[THYMELEAF]             * [* {ka:set,data-ka-set}] [1000]: com.intuit.karate.template.KaSetElemProcessor
[THYMELEAF] TEMPLATE ENGINE CONFIGURED OK
20:00:08.004 [main] DEBUG org.thymeleaf.TemplateEngine -- [THYMELEAF] TEMPLATE ENGINE INITIALIZED

HTML report: (paste into browser to view) | Karate version: 1.4.1
file:///C:/Users/monst/karate-tests/target/karate-reports/karate-summary.html
===================================================================

]]></system-out>
    <system-err><![CDATA[ERROR StatusLogger Log4j2 could not find a logging implementation. Please add log4j-core to the classpath. Using SimpleLogger to log to the console...
]]></system-err>
  </testcase>
</testsuite>