<?xml version="1.0" encoding="UTF-8"?>
<testsuite xmlns:xsi="http://www.w3.org/2001/XMLSchema-instance" xsi:noNamespaceSchemaLocation="https://maven.apache.org/surefire/maven-surefire-plugin/xsd/surefire-test-report-3.0.xsd" version="3.0" name="runners.posts.GetPostsFeedExcelTestRunner" time="8.841" tests="1" errors="0" skipped="0" failures="0">
  <properties>
[...]
</properties>
  <testcase name="[1:16] Chạy tất cả test cases getPostsFeed từ Excel" classname="features/posts/get-posts-feed-excel" time="7.876">
    <system-out><![CDATA[23:47:53.627 [main] DEBUG com.intuit.karate.Suite -- [config] classpath:karate-config.js
23:47:54.696 [main] INFO com.intuit.karate -- karate.env system property was: null 
23:47:54.743 [main] INFO com.intuit.karate -- karate.env system property was: null 
23:47:55.676 [main] INFO com.intuit.karate -- Headers found: [
  "bearerToken",
  "page",
  "limit",
  "testDescription",
  "expectedStatus",
  "expectedResult",
  "responseStatus",
  "result",
  "testStatus",
  "failureReason"
]
 
23:47:55.810 [main] INFO com.intuit.karate -- Read data from Excel: [
  {
    "bearerToken": "",
    "page": "1",
    "limit": "10",
    "testDescription": "Get posts feed h?p l? v?i page=1, limit=10",
    "expectedStatus": 200.0,
    "expectedResult": "{\"message\": \"Feed\", \"statusCode\": 200, \"status\": \"success\", \"data\": []}",
    "responseStatus": "200",
    "result": "{\"message\":\"Feed\",\"statusCode\":200,\"status\":\"success\",\"data\":[{\"id\":\"007fcd52-ae77-4c58-988d-36ef78edc29b\",\"authorId\":\"dacf294e-491b-47ff-bd74-bfe5ddbfbdf9\",\"imageUrl\":[\"https://res.cloudinary.com/dizcvrefo/image/upload/v1748598131/nestjs_uploads/tsh3n10qz6mojbkiayhx.jpg\",\"https://res.cloudinary.com/dizcvrefo/image/upload/v1748598131/nestjs_uploads/no5fdmt60yg8li6gvwao.jpg\",\"https://res.cloudinary.com/dizcvrefo/image/upload/v1748598131/nestjs_uploads/lbn3umepxtqxjcw51mv0.jpg\",\"https://res.cloudinary.com/dizcvrefo/image/upload/v1748598131/nestjs_uploads/e4nufb9kmremurdaanw5.jpg\",\"https://res.cloudinary.com/dizcvrefo/image/upload/v1748598131/nestjs_uploads/pqwqj0gdwqfqqyct54hz.jpg\",\"https://res.cloudinary.com/dizcvrefo/image/upload/v1748598130/nestjs_uploads/dics8pfhps2jfskadthz.jpg\"],\"caption\":\"Th? thao ?i?n t?\",\"location\":null,\"tags\":[],\"isPublic\":true,\"likeCount\":0,\"commentCount\":0,\"sharedCount\":0,\"createdAt\":\"2025-05-30T09:42:13.811Z\",\"updatedAt\":\"2025-05-30T09:42:13.811Z\",\"author\":{\"username\":\"chinh\",\"profilePic\":\"https://hebbkx1anhila5yf.public.blob.vercel-storage.com/image-hiZZ98WEvmBOkk3oAqffc3ReiwtEIO.png\"},\"_count\":{\"likes\":3,\"comments\":0},\"score\":0.019064359104637156,\"isLike\":true,\"isToday\":false,\"isFollowing\":true,\"isSelf\":false},{\"id\":\"479ed759-3811-4b84-8141-bff184fae4b8\",\"authorId\":\"dacf294e-491b-47ff-bd74-bfe5ddbfbdf9\",\"imageUrl\":[\"https://res.cloudinary.com/dizcvrefo/image/upload/v1748596741/nestjs_uploads/g8vk3zn2rfop6caitmfb.jpg\",\"https://res.cloudinary.com/dizcvrefo/image/upload/v1748596741/nestjs_uploads/cqcspqsifpg0ndthyuax.jpg\",\"https://res.cloudinary.com/dizcvrefo/image/upload/v1748596741/nestjs_uploads/hc3svmdbfotscvcctfoq.jpg\",\"https://res.cloudinary.com/dizcvrefo/image/upload/v1748596742/nestjs_uploads/fxjvluy2vpyfuspukumf.jpg\",\"https://res.cloudinary.com/dizcvrefo/image/upload/v1748596741/nestjs_uploads/sb38euks3gzg5f92uiig.jpg\"],\"caption\":\"Village\",\"location\":null,\"tags\":[],\"isPublic\":true,\"likeCount\":0,\"commentCount\":0,\"sharedCount\":0,\"createdAt\":\"2025-05-30T09:19:04.180Z\",\"updatedAt\":\"2025-05-30T09:19:04.180Z\",\"author\":{\"username\":\"chinh\",\"profilePic\":\"https://hebbkx1anhila5yf.public.blob.vercel-storage.com/image-hiZZ98WEvmBOkk3oAqffc3ReiwtEIO.png\"},\"_count\":{\"likes\":3,\"comments\":0},\"score\":0.019051613563421017,\"isLike\":true,\"isToday\":false,\"isFollowing\":true,\"isSelf\":false},{\"id\":\"9ef01284-6f35-4f8a-9d58-3f5891acc766\",\"authorId\":\"dacf294e-491b-47ff-bd74-bfe5ddbfbdf9\",\"imageUrl\":[\"https://res.cloudinary.com/dizcvrefo/image/upload/v1748596489/nestjs_uploads/ue1yvhe1qzvlc2pmkjee.jpg\",\"https://res.cloudinary.com/dizcvrefo/image/upload/v1748596493/nestjs_uploads/bm3pcnpqmnppnsuq0pv9.jpg\",\"https://res.cloudinary.com/dizcvrefo/image/upload/v1748596489/nestjs_uploads/q6nipodzp1mdnpm1p13g.jpg\",\"https://res.cloudinary.com/dizcvrefo/image/upload/v1748596489/nestjs_uploads/icygr75zfmxk0ehqsnwo.jpg\",\"https://res.cloudinary.com/dizcvrefo/image/upload/v1748596489/nestjs_uploads/ghgd01xzcaxpra5httqg.jpg\",\"https://res.cloudinary.com/dizcvrefo/image/upload/v1748596489/nestjs_uploads/o53mpfip4l7dbjbd7wcw.jpg\"],\"caption\":\"Nh?u\",\"location\":null,\"tags\":[],\"isPublic\":true,\"likeCount\":0,\"commentCount\":0,\"sharedCount\":0,\"createdAt\":\"2025-05-30T09:14:54.972Z\",\"updatedAt\":\"2025-05-30T09:14:54.972Z\",\"author\":{\"username\":\"chinh\",\"profilePic\":\"https://hebbkx1anhila5yf.public.blob.vercel-storage.com/image-hiZZ98WEvmBOkk3oAqffc3ReiwtEIO.png\"},\"_count\":{\"likes\":3,\"comments\":0},\"score\":0.01904932965726425,\"isLike\":true,\"isToday\":false,\"isFollowing\":true,\"isSelf\":false},{\"id\":\"9c4e8842-ced5-492b-9423-890177a28564\",\"authorId\":\"2b84aa24-668a-40e2-af1c-ad4fc4fa5a6f\",\"imageUrl\":[\"https://res.cloudinary.com/dizcvrefo/image/upload/v1748659538/nestjs_uploads/n4mg888um8bynequtdtp.jpg\",\"https://res.cloudinary.com/dizcvrefo/image/upload/v1748659538/nestjs_uploads/mfqojpf1bufduxfh0j0n.jpg\",\"https://res.cloudinary.com/dizcvrefo/image/upload/v1748659538/nestjs_uploads/vx9qkwao5v4hdeqiplsp.jpg\",\"https://res.cloudinary.com/dizcvrefo/image/upload/v1748659538/nestjs_uploads/r2sv0p0echvnrwqxoswu.jpg\"],\"caption\":\"Ha noi nay tro gio\",\"location\":null,\"tags\":[],\"isPublic\":true,\"likeCount\":0,\"commentCount\":0,\"sharedCount\":0,\"createdAt\":\"2025-05-31T02:45:39.688Z\",\"updatedAt\":\"2025-05-31T02:45:39.688Z\",\"author\":{\"username\":\"quang1\",\"profilePic\":\"https://res.cloudinary.com/dizcvrefo/image/upload/v1749027586/nestjs_uploads/xehairydt9rzlbmbmv4c.jpg\"},\"_count\":{\"likes\":2,\"comments\":0},\"score\":0.016073273553614334,\"isLike\":false,\"isToday\":false,\"isFollowing\":true,\"isSelf\":false},{\"id\":\"e3f481cc-53c6-41c8-9a28-cd2f9c4f2f46\",\"authorId\":\"2b84aa24-668a-40e2-af1c-ad4fc4fa5a6f\",\"imageUrl\":[\"https://res.cloudinary.com/dizcvrefo/image/upload/v1749027663/nestjs_uploads/nuuktb6j4oy5jnuyt3ws.jpg\",\"https://res.cloudinary.com/dizcvrefo/image/upload/v1749027663/nestjs_uploads/aa03sao5n7bkhyhhrovx.jpg\",\"https://res.cloudinary.com/dizcvrefo/image/upload/v1749027663/nestjs_uploads/hic88kwvdqoltmqsueim.jpg\",\"https://res.cloudinary.com/dizcvrefo/image/upload/v1749027664/nestjs_uploads/hrnmt9e7g7pavf2fxwyw.png\",\"https://res.cloudinary.com/dizcvrefo/image/upload/v1749027664/nestjs_uploads/oxa2hbuxzj3lngjbubpf.jpg\",\"https://res.cloudinary.com/dizcvrefo/image/upload/v1749027663/nestjs_uploads/scrigmpzvmixwv9ddfnl.jpg\",\"https://res.cloudinary.com/dizcvrefo/image/upload/v1749027664/nestjs_uploads/wpnyt5jyz8lgj2bvprin.jpg\"],\"caption\":\"Buon that, hom nay toi thi truot\",\"location\":null,\"tags\":[],\"isPublic\":true,\"likeCount\":0,\"commentCount\":0,\"sharedCount\":0,\"createdAt\":\"2025-06-04T09:01:06.391Z\",\"updatedAt\":\"2025-06-04T09:01:06.391Z\",\"author\":{\"username\":\"quang1\",\"profilePic\":\"https://res.cloudinary.com/dizcvrefo/image/upload/v1749027586/nestjs_uploads/xehairydt9rzlbmbmv4c.jpg\"},\"_count\":{\"likes\":1,\"comments\":0},\"score\":0.01529458565495357,\"isLike\":false,\"isToday\":false,\"isFollowing\":true,\"isSelf\":false},{\"id\":\"c8151412-bc98-49ec-88ff-57b89cc2ce67\",\"authorId\":\"08515b05-2d3e-4789-ad60-db35525a4970\",\"imageUrl\":[\"https://res.cloudinary.com/dizcvrefo/image/upload/v1748933672/nestjs_uploads/rpehmvwkwptjktjzllxz.jpg\",\"https://res.cloudinary.com/dizcvrefo/image/upload/v1748933672/nestjs_uploads/xl8wce3gldsuaekfnfwo.jpg\",\"https://res.cloudinary.com/dizcvrefo/image/upload/v1748933671/nestjs_uploads/ee1ntt1feukxfszhma1b.jpg\"],\"caption\":\"Moi di hom nay\",\"location\":null,\"tags\":[],\"isPublic\":true,\"likeCount\":0,\"commentCount\":0,\"sharedCount\":0,\"createdAt\":\"2025-06-03T06:54:33.756Z\",\"updatedAt\":\"2025-06-03T06:54:33.756Z\",\"author\":{\"username\":\"nam\",\"profilePic\":\"https://res.cloudinary.com/dizcvrefo/image/upload/v1749266646/nestjs_uploads/zk9zrpeidnovxibfqdxr.png\"},\"_count\":{\"likes\":3,\"comments\":0},\"score\":0.012402142758626207,\"isLike\":true,\"isToday\":false,\"isFollowing\":false,\"isSelf\":true},{\"id\":\"45a2d709-c6c9-4887-9235-dbbd2d381827\",\"authorId\":\"08515b05-2d3e-4789-ad60-db35525a4970\",\"imageUrl\":[\"https://res.cloudinary.com/dizcvrefo/image/upload/v1748932129/nestjs_uploads/ecwyixgm9kf0zdng7bdp.png\",\"https://res.cloudinary.com/dizcvrefo/image/upload/v1748932129/nestjs_uploads/uhl3z1wamgjxl5o4vq1l.jpg\",\"https://res.cloudinary.com/dizcvrefo/image/upload/v1748932129/nestjs_uploads/pavlktzorkfcm5pp31io.jpg\",\"https://res.cloudinary.com/dizcvrefo/image/upload/v1748932129/nestjs_uploads/knew9jcdpmwaleoa6oov.jpg\"],\"caption\":\"Di choi di anh em oi\",\"location\":null,\"tags\":[],\"isPublic\":true,\"likeCount\":0,\"commentCount\":0,\"sharedCount\":0,\"createdAt\":\"2025-06-03T06:28:51.322Z\",\"updatedAt\":\"2025-06-03T06:28:51.322Z\",\"author\":{\"username\":\"nam\",\"profilePic\":\"https://res.cloudinary.com/dizcvrefo/image/upload/v1749266646/nestjs_uploads/zk9zrpeidnovxibfqdxr.png\"},\"_count\":{\"likes\":3,\"comments\":0},\"score\":0.012391168837375144,\"isLike\":true,\"isToday\":false,\"isFollowing\":false,\"isSelf\":true},{\"id\":\"bd9fb1fc-af49-4625-aa11-a458424d17ca\",\"authorId\":\"08515b05-2d3e-4789-ad60-db35525a4970\",\"imageUrl\":[\"https://res.cloudinary.com/dizcvrefo/image/upload/v1749400565/nestjs_uploads/srvf0b7b2fnsab8uqc8g.jpg\",\"https://res.cloudinary.com/dizcvrefo/image/upload/v1749400565/nestjs_uploads/u2gybzjxkewsxa1atyq4.jpg\",\"https://res.cloudinary.com/dizcvrefo/image/upload/v1749400565/nestjs_uploads/lottkkizhi1ngodzx4pp.jpg\"],\"caption\":\"toi la NAM BO\",\"location\":null,\"tags\":[],\"isPublic\":true,\"likeCount\":0,\"commentCount\":0,\"sharedCount\":0,\"createdAt\":\"2025-06-08T16:36:04.450Z\",\"updatedAt\":\"2025-06-08T16:36:04.450Z\",\"author\":{\"username\":\"nam\",\"profilePic\":\"https://res.cloudinary.com/dizcvrefo/image/upload/v1749266646/nestjs_uploads/zk9zrpeidnovxibfqdxr.png\"},\"_count\":{\"likes\":2,\"comments\":0},\"score\":0.011296387290613519,\"isLike\":true,\"isToday\":false,\"isFollowing\":false,\"isSelf\":true},{\"id\":\"8a0e35ce-0f39-4475-b2d2-15c217983926\",\"authorId\":\"08515b05-2d3e-4789-ad60-db35525a4970\",\"imageUrl\":[\"https://res.cloudinary.com/dizcvrefo/image/upload/v1748597950/nestjs_uploads/siabu4jmaf7nfak5xkgc.jpg\",\"https://res.cloudinary.com/dizcvrefo/image/upload/v1748597951/nestjs_uploads/bufde4typyni9j408ua4.jpg\",\"https://res.cloudinary.com/dizcvrefo/image/upload/v1748597951/nestjs_uploads/yk6tjdkirr4a7ons7iz5.jpg\"],\"caption\":\"?n gì không\",\"location\":null,\"tags\":[],\"isPublic\":true,\"likeCount\":0,\"commentCount\":0,\"sharedCount\":0,\"createdAt\":\"2025-05-30T09:39:13.647Z\",\"updatedAt\":\"2025-05-30T09:39:13.647Z\",\"author\":{\"username\":\"nam\",\"profilePic\":\"https://res.cloudinary.com/dizcvrefo/image/upload/v1749266646/nestjs_uploads/zk9zrpeidnovxibfqdxr.png\"},\"_count\":{\"likes\":3,\"comments\":0},\"score\":0.01039783947183177,\"isLike\":true,\"isToday\":false,\"isFollowing\":false,\"isSelf\":true},{\"id\":\"b96886bd-5f00-41af-a440-152f360f1657\",\"authorId\":\"08515b05-2d3e-4789-ad60-db35525a4970\",\"imageUrl\":[\"https://res.cloudinary.com/dizcvrefo/image/upload/v1748597371/nestjs_uploads/vce2gudp9o4mm4fn8xt0.jpg\",\"https://res.cloudinary.com/dizcvrefo/image/upload/v1748597372/nestjs_uploads/u691vkjqxrek1dv0wtbm.jpg\",\"https://res.cloudinary.com/dizcvrefo/image/upload/v1748597371/nestjs_uploads/feqbcopm8ge8maj3hu6k.jpg\"],\"caption\":\"ok\",\"location\":null,\"tags\":[],\"isPublic\":true,\"likeCount\":0,\"commentCount\":0,\"sharedCount\":0,\"createdAt\":\"2025-05-30T09:29:34.405Z\",\"updatedAt\":\"2025-05-30T09:29:34.405Z\",\"author\":{\"username\":\"nam\",\"profilePic\":\"https://res.cloudinary.com/dizcvrefo/image/upload/v1749266646/nestjs_uploads/zk9zrpeidnovxibfqdxr.png\"},\"_count\":{\"likes\":3,\"comments\":0},\"score\":0.01039494098434677,\"isLike\":true,\"isToday\":false,\"isFollowing\":false,\"isSelf\":true}]}",
    "testStatus": "PASS",
    "failureReason": "All validations passed"
  },
  {
    "bearerToken": "",
    "page": "2",
    "limit": "5",
    "testDescription": "Get posts feed v?i page=2, limit=5",
    "expectedStatus": 200.0,
    "expectedResult": "{\"message\": \"Feed\", \"statusCode\": 200, \"status\": \"success\", \"data\": []}",
    "responseStatus": "200",
    "result": "{\"message\":\"Feed\",\"statusCode\":200,\"status\":\"success\",\"data\":[{\"id\":\"c8151412-bc98-49ec-88ff-57b89cc2ce67\",\"authorId\":\"08515b05-2d3e-4789-ad60-db35525a4970\",\"imageUrl\":[\"https://res.cloudinary.com/dizcvrefo/image/upload/v1748933672/nestjs_uploads/rpehmvwkwptjktjzllxz.jpg\",\"https://res.cloudinary.com/dizcvrefo/image/upload/v1748933672/nestjs_uploads/xl8wce3gldsuaekfnfwo.jpg\",\"https://res.cloudinary.com/dizcvrefo/image/upload/v1748933671/nestjs_uploads/ee1ntt1feukxfszhma1b.jpg\"],\"caption\":\"Moi di hom nay\",\"location\":null,\"tags\":[],\"isPublic\":true,\"likeCount\":0,\"commentCount\":0,\"sharedCount\":0,\"createdAt\":\"2025-06-03T06:54:33.756Z\",\"updatedAt\":\"2025-06-03T06:54:33.756Z\",\"author\":{\"username\":\"nam\",\"profilePic\":\"https://res.cloudinary.com/dizcvrefo/image/upload/v1749266646/nestjs_uploads/zk9zrpeidnovxibfqdxr.png\"},\"_count\":{\"likes\":3,\"comments\":0},\"score\":0.01240214092853489,\"isLike\":true,\"isToday\":false,\"isFollowing\":false,\"isSelf\":true},{\"id\":\"45a2d709-c6c9-4887-9235-dbbd2d381827\",\"authorId\":\"08515b05-2d3e-4789-ad60-db35525a4970\",\"imageUrl\":[\"https://res.cloudinary.com/dizcvrefo/image/upload/v1748932129/nestjs_uploads/ecwyixgm9kf0zdng7bdp.png\",\"https://res.cloudinary.com/dizcvrefo/image/upload/v1748932129/nestjs_uploads/uhl3z1wamgjxl5o4vq1l.jpg\",\"https://res.cloudinary.com/dizcvrefo/image/upload/v1748932129/nestjs_uploads/pavlktzorkfcm5pp31io.jpg\",\"https://res.cloudinary.com/dizcvrefo/image/upload/v1748932129/nestjs_uploads/knew9jcdpmwaleoa6oov.jpg\"],\"caption\":\"Di choi di anh em oi\",\"location\":null,\"tags\":[],\"isPublic\":true,\"likeCount\":0,\"commentCount\":0,\"sharedCount\":0,\"createdAt\":\"2025-06-03T06:28:51.322Z\",\"updatedAt\":\"2025-06-03T06:28:51.322Z\",\"author\":{\"username\":\"nam\",\"profilePic\":\"https://res.cloudinary.com/dizcvrefo/image/upload/v1749266646/nestjs_uploads/zk9zrpeidnovxibfqdxr.png\"},\"_count\":{\"likes\":3,\"comments\":0},\"score\":0.012391167010521073,\"isLike\":true,\"isToday\":false,\"isFollowing\":false,\"isSelf\":true},{\"id\":\"bd9fb1fc-af49-4625-aa11-a458424d17ca\",\"authorId\":\"08515b05-2d3e-4789-ad60-db35525a4970\",\"imageUrl\":[\"https://res.cloudinary.com/dizcvrefo/image/upload/v1749400565/nestjs_uploads/srvf0b7b2fnsab8uqc8g.jpg\",\"https://res.cloudinary.com/dizcvrefo/image/upload/v1749400565/nestjs_uploads/u2gybzjxkewsxa1atyq4.jpg\",\"https://res.cloudinary.com/dizcvrefo/image/upload/v1749400565/nestjs_uploads/lottkkizhi1ngodzx4pp.jpg\"],\"caption\":\"toi la NAM BO\",\"location\":null,\"tags\":[],\"isPublic\":true,\"likeCount\":0,\"commentCount\":0,\"sharedCount\":0,\"createdAt\":\"2025-06-08T16:36:04.450Z\",\"updatedAt\":\"2025-06-08T16:36:04.450Z\",\"author\":{\"username\":\"nam\",\"profilePic\":\"https://res.cloudinary.com/dizcvrefo/image/upload/v1749266646/nestjs_uploads/zk9zrpeidnovxibfqdxr.png\"},\"_count\":{\"likes\":2,\"comments\":0},\"score\":0.011296385013159115,\"isLike\":true,\"isToday\":false,\"isFollowing\":false,\"isSelf\":true},{\"id\":\"8a0e35ce-0f39-4475-b2d2-15c217983926\",\"authorId\":\"08515b05-2d3e-4789-ad60-db35525a4970\",\"imageUrl\":[\"https://res.cloudinary.com/dizcvrefo/image/upload/v1748597950/nestjs_uploads/siabu4jmaf7nfak5xkgc.jpg\",\"https://res.cloudinary.com/dizcvrefo/image/upload/v1748597951/nestjs_uploads/bufde4typyni9j408ua4.jpg\",\"https://res.cloudinary.com/dizcvrefo/image/upload/v1748597951/nestjs_uploads/yk6tjdkirr4a7ons7iz5.jpg\"],\"caption\":\"?n gì không\",\"location\":null,\"tags\":[],\"isPublic\":true,\"likeCount\":0,\"commentCount\":0,\"sharedCount\":0,\"createdAt\":\"2025-05-30T09:39:13.647Z\",\"updatedAt\":\"2025-05-30T09:39:13.647Z\",\"author\":{\"username\":\"nam\",\"profilePic\":\"https://res.cloudinary.com/dizcvrefo/image/upload/v1749266646/nestjs_uploads/zk9zrpeidnovxibfqdxr.png\"},\"_count\":{\"likes\":3,\"comments\":0},\"score\":0.010397838185462862,\"isLike\":true,\"isToday\":false,\"isFollowing\":false,\"isSelf\":true},{\"id\":\"b96886bd-5f00-41af-a440-152f360f1657\",\"authorId\":\"08515b05-2d3e-4789-ad60-db35525a4970\",\"imageUrl\":[\"https://res.cloudinary.com/dizcvrefo/image/upload/v1748597371/nestjs_uploads/vce2gudp9o4mm4fn8xt0.jpg\",\"https://res.cloudinary.com/dizcvrefo/image/upload/v1748597372/nestjs_uploads/u691vkjqxrek1dv0wtbm.jpg\",\"https://res.cloudinary.com/dizcvrefo/image/upload/v1748597371/nestjs_uploads/feqbcopm8ge8maj3hu6k.jpg\"],\"caption\":\"ok\",\"location\":null,\"tags\":[],\"isPublic\":true,\"likeCount\":0,\"commentCount\":0,\"sharedCount\":0,\"createdAt\":\"2025-05-30T09:29:34.405Z\",\"updatedAt\":\"2025-05-30T09:29:34.405Z\",\"author\":{\"username\":\"nam\",\"profilePic\":\"https://res.cloudinary.com/dizcvrefo/image/upload/v1749266646/nestjs_uploads/zk9zrpeidnovxibfqdxr.png\"},\"_count\":{\"likes\":3,\"comments\":0},\"score\":0.010394939698694934,\"isLike\":true,\"isToday\":false,\"isFollowing\":false,\"isSelf\":true},{\"id\":\"d79e9a48-ca20-40fd-bb11-ed7302657db9\",\"authorId\":\"08515b05-2d3e-4789-ad60-db35525a4970\",\"imageUrl\":[\"https://res.cloudinary.com/dizcvrefo/image/upload/v1749382783/nestjs_uploads/buqh5wktqj3y5etgfxok.jpg\",\"https://res.cloudinary.com/dizcvrefo/image/upload/v1749382789/nestjs_uploads/wjm5idulrdjhv7yuc477.jpg\",\"https://res.cloudinary.com/dizcvrefo/image/upload/v1749382781/nestjs_uploads/ztoyccvbrahzxkbm7mxb.jpg\",\"https://res.cloudinary.com/dizcvrefo/image/upload/v1749383075/nestjs_uploads/yjbnpjozb3x4suirhe9d.jpg\",\"https://res.cloudinary.com/dizcvrefo/image/upload/v1749383076/nestjs_uploads/wurnhokpsyvvjg60iceu.jpg\"],\"caption\":\"Hôm nay là th? 7 em thích ?i thích ?i vào bar u?ng ? ???\",\"location\":null,\"tags\":[],\"isPublic\":true,\"likeCount\":0,\"commentCount\":0,\"sharedCount\":0,\"createdAt\":\"2025-05-28T09:56:16.976Z\",\"updatedAt\":\"2025-06-08T11:44:37.991Z\",\"author\":{\"username\":\"nam\",\"profilePic\":\"https://res.cloudinary.com/dizcvrefo/image/upload/v1749266646/nestjs_uploads/zk9zrpeidnovxibfqdxr.png\"},\"_count\":{\"likes\":3,\"comments\":0},\"score\":0.009603706770446231,\"isLike\":true,\"isToday\":false,\"isFollowing\":false,\"isSelf\":true},{\"id\":\"028cfac7-688b-4f4d-832d-1dd681b89e64\",\"authorId\":\"08515b05-2d3e-4789-ad60-db35525a4970\",\"imageUrl\":[\"https://res.cloudinary.com/dizcvrefo/image/upload/v1748964089/nestjs_uploads/r2x7j8rz3gfsze8o0fe7.jpg\",\"https://res.cloudinary.com/dizcvrefo/image/upload/v1748964089/nestjs_uploads/ebic5ju0e6btkxv2g526.jpg\",\"https://res.cloudinary.com/dizcvrefo/image/upload/v1748964089/nestjs_uploads/ngkhumq5qjehuoqmvxqv.jpg\"],\"caption\":\"Di uong bia\",\"location\":null,\"tags\":[],\"isPublic\":true,\"likeCount\":0,\"commentCount\":0,\"sharedCount\":0,\"createdAt\":\"2025-06-03T15:21:31.678Z\",\"updatedAt\":\"2025-06-03T15:21:31.678Z\",\"author\":{\"username\":\"nam\",\"profilePic\":\"https://res.cloudinary.com/dizcvrefo/image/upload/v1749266646/nestjs_uploads/zk9zrpeidnovxibfqdxr.png\"},\"_count\":{\"likes\":2,\"comments\":0},\"score\":0.008415064358596295,\"isLike\":true,\"isToday\":false,\"isFollowing\":false,\"isSelf\":true},{\"id\":\"52cfd912-292f-4fbf-9240-3000d608dcd4\",\"authorId\":\"e7b38cb7-6701-40d9-a3bd-f53fc4d43457\",\"imageUrl\":[\"https://res.cloudinary.com/dizcvrefo/image/upload/v1749316896/nestjs_uploads/lc1jqjzblqshqho7eavx.jpg\"],\"caption\":\"This is my first post\",\"location\":null,\"tags\":[],\"isPublic\":true,\"likeCount\":0,\"commentCount\":0,\"sharedCount\":0,\"createdAt\":\"2025-05-14T05:28:07.619Z\",\"updatedAt\":\"2025-06-07T17:21:37.389Z\",\"author\":{\"username\":\"ductrong\",\"profilePic\":null},\"_count\":{\"likes\":3,\"comments\":0},\"score\":0.006216147683499124,\"isLike\":true,\"isToday\":false,\"isFollowing\":false,\"isSelf\":false},{\"id\":\"7918bc4d-383d-462e-afab-91099bc69905\",\"authorId\":\"08515b05-2d3e-4789-ad60-db35525a4970\",\"imageUrl\":[\"https://res.cloudinary.com/dizcvrefo/image/upload/v1749449962/nestjs_uploads/h3loqo8k5fpmi2ipdtof.jpg\"],\"caption\":\"??p trai thì m?i có nhi?u ??a yêu h? h?\",\"location\":null,\"tags\":[],\"isPublic\":true,\"likeCount\":0,\"commentCount\":0,\"sharedCount\":0,\"createdAt\":\"2025-06-09T06:19:23.318Z\",\"updatedAt\":\"2025-06-09T06:19:23.318Z\",\"author\":{\"username\":\"nam\",\"profilePic\":\"https://res.cloudinary.com/dizcvrefo/image/upload/v1749266646/nestjs_uploads/zk9zrpeidnovxibfqdxr.png\"},\"_count\":{\"likes\":1,\"comments\":0},\"score\":0.005875895126008567,\"isLike\":true,\"isToday\":false,\"isFollowing\":false,\"isSelf\":true},{\"id\":\"0c10c426-3d53-443a-8155-39234544c693\",\"authorId\":\"08515b05-2d3e-4789-ad60-db35525a4970\",\"imageUrl\":[\"https://res.cloudinary.com/dizcvrefo/image/upload/v1749397668/nestjs_uploads/umpwoepazt6it2racqhe.webp\",\"https://res.cloudinary.com/dizcvrefo/image/upload/v1749397668/nestjs_uploads/hcj53nurl5lpudcfaz3f.webp\",\"https://res.cloudinary.com/dizcvrefo/image/upload/v1749397668/nestjs_uploads/qv1vfbg7k6lkeldhb7e3.webp\",\"https://res.cloudinary.com/dizcvrefo/image/upload/v1749397668/nestjs_uploads/c6ruaxtyahilompxxej9.webp\"],\"caption\":\"Tr?i xanh mây tr?ng\",\"location\":null,\"tags\":[],\"isPublic\":true,\"likeCount\":0,\"commentCount\":0,\"sharedCount\":0,\"createdAt\":\"2025-06-08T15:47:50.242Z\",\"updatedAt\":\"2025-06-08T15:47:50.242Z\",\"author\":{\"username\":\"nam\",\"profilePic\":\"https://res.cloudinary.com/dizcvrefo/image/upload/v1749266646/nestjs_uploads/zk9zrpeidnovxibfqdxr.png\"},\"_count\":{\"likes\":1,\"comments\":0},\"score\":0.005635397771166526,\"isLike\":false,\"isToday\":false,\"isFollowing\":false,\"isSelf\":true},{\"id\":\"d296ef84-ae0f-4d14-a91a-15dd66bc0dac\",\"authorId\":\"08515b05-2d3e-4789-ad60-db35525a4970\",\"imageUrl\":[\"https://res.cloudinary.com/dizcvrefo/image/upload/v1749397436/nestjs_uploads/w9d8ldmhonbzeenkcxpb.jpg\",\"https://res.cloudinary.com/dizcvrefo/image/upload/v1749397436/nestjs_uploads/g8xrn89xfaz4ssvslueo.jpg\",\"https://res.cloudinary.com/dizcvrefo/image/upload/v1749397436/nestjs_uploads/wggtlkgkwlcrmgrhskup.jpg\"],\"caption\":\"??ng tìm nhau vào hôm gió m?a t?i b?i\",\"location\":null,\"tags\":[],\"isPublic\":true,\"likeCount\":0,\"commentCount\":0,\"sharedCount\":0,\"createdAt\":\"2025-06-08T15:43:57.895Z\",\"updatedAt\":\"2025-06-08T15:43:57.895Z\",\"author\":{\"username\":\"nam\",\"profilePic\":\"https://res.cloudinary.com/dizcvrefo/image/upload/v1749266646/nestjs_uploads/zk9zrpeidnovxibfqdxr.png\"},\"_count\":{\"likes\":1,\"comments\":0},\"score\":0.00563437312303478,\"isLike\":true,\"isToday\":false,\"isFollowing\":false,\"isSelf\":true},{\"id\":\"f1eae5ad-ef38-43e0-a9b8-1c1e0c2f6efd\",\"authorId\":\"08515b05-2d3e-4789-ad60-db35525a4970\",\"imageUrl\":[\"https://res.cloudinary.com/dizcvrefo/image/upload/v1749397189/nestjs_uploads/n24psljoc11kfpxrlozi.jpg\",\"https://res.cloudinary.com/dizcvrefo/image/upload/v1749397188/nestjs_uploads/ebdf0uii6p2yc3m30ruv.webp\",\"https://res.cloudinary.com/dizcvrefo/image/upload/v1749397188/nestjs_uploads/vrc16ao0luptsqlvep2z.webp\"],\"caption\":\"Trong ??m gì ??p b?ng sen\",\"location\":null,\"tags\":[],\"isPublic\":true,\"likeCount\":0,\"commentCount\":0,\"sharedCount\":0,\"createdAt\":\"2025-06-08T15:39:50.851Z\",\"updatedAt\":\"2025-06-08T15:39:50.851Z\",\"author\":{\"username\":\"nam\",\"profilePic\":\"https://res.cloudinary.com/dizcvrefo/image/upload/v1749266646/nestjs_uploads/zk9zrpeidnovxibfqdxr.png\"},\"_count\":{\"likes\":1,\"comments\":0},\"score\":0.005633284069899021,\"isLike\":true,\"isToday\":false,\"isFollowing\":false,\"isSelf\":true},{\"id\":\"546e44ab-45c4-4412-83c9-4a2cd786d46f\",\"authorId\":\"08515b05-2d3e-4789-ad60-db35525a4970\",\"imageUrl\":[\"https://res.cloudinary.com/dizcvrefo/image/upload/v1749223872/nestjs_uploads/u1lkztc9gc8jfijtppib.jpg\",\"https://res.cloudinary.com/dizcvrefo/image/upload/v1749223872/nestjs_uploads/hvbjhzpqvpw9kjrejiko.jpg\",\"https://res.cloudinary.com/dizcvrefo/image/upload/v1749223872/nestjs_uploads/a9s8eujvzsy7sminvaaw.jpg\",\"https://res.cloudinary.com/dizcvrefo/image/upload/v1749223872/nestjs_uploads/l0darr6gsfvyaz3udhvr.jpg\"],\"caption\":\"Th?i ti?t nóng nh? cái lò\",\"location\":null,\"tags\":[],\"isPublic\":true,\"likeCount\":0,\"commentCount\":0,\"sharedCount\":0,\"createdAt\":\"2025-06-06T15:31:13.422Z\",\"updatedAt\":\"2025-06-06T15:31:13.422Z\",\"author\":{\"username\":\"nam\",\"profilePic\":\"https://res.cloudinary.com/dizcvrefo/image/upload/v1749266646/nestjs_uploads/zk9zrpeidnovxibfqdxr.png\"},\"_count\":{\"likes\":1,\"comments\":0},\"score\":0.00496060755702469,\"isLike\":true,\"isToday\":false,\"isFollowing\":false,\"isSelf\":true},{\"id\":\"d227a0c8-1c22-46cc-b7d2-4cdc49559d5a\",\"authorId\":\"08515b05-2d3e-4789-ad60-db35525a4970\",\"imageUrl\":[\"https://res.cloudinary.com/dizcvrefo/image/upload/v1749396710/nestjs_uploads/rbfbkt8z02milpnwumdf.jpg\",\"https://res.cloudinary.com/dizcvrefo/image/upload/v1749396710/nestjs_uploads/vgcadq2d5bc0n7ccenbd.jpg\",\"https://res.cloudinary.com/dizcvrefo/image/upload/v1749396710/nestjs_uploads/mnxecfqiyziizzhgvpkx.jpg\",\"https://res.cloudinary.com/dizcvrefo/image/upload/v1749396710/nestjs_uploads/ejjhcrbzulhtddkxenrb.jpg\"],\"caption\":\"Qu?c t? thi?u nhi\",\"location\":null,\"tags\":[],\"isPublic\":true,\"likeCount\":0,\"commentCount\":0,\"sharedCount\":0,\"createdAt\":\"2025-06-08T15:31:52.624Z\",\"updatedAt\":\"2025-06-08T15:31:52.624Z\",\"author\":{\"username\":\"nam\",\"profilePic\":\"https://res.cloudinary.com/dizcvrefo/image/upload/v1749266646/nestjs_uploads/zk9zrpeidnovxibfqdxr.png\"},\"_count\":{\"likes\":0,\"comments\":0},\"score\":0,\"isLike\":false,\"isToday\":false,\"isFollowing\":false,\"isSelf\":true}]}",
    "testStatus": "PASS",
    "failureReason": "All validations passed"
  },
  {
    "bearerToken": "",
    "page": "",
    "limit": "10",
    "testDescription": "Get posts feed không có page (default), limit=10",
    "expectedStatus": 200.0,
    "expectedResult": "{\"message\": \"Feed\", \"statusCode\": 200, \"status\": \"success\", \"data\": []}",
    "responseStatus": "400",
    "result": "{\"success\":false,\"statusCode\":400,\"message\":\"Không có d? li?u ???c g?i lên\",\"path\":\"/posts/feed?limit=10\",\"timestamp\":\"2025-06-23T10:41:48.612Z\"}",
    "testStatus": "FAIL",
    "failureReason": "Status mismatch: Expected 200, got 400"
  },
  {
    "bearerToken": "",
    "page": "1",
    "limit": "",
    "testDescription": "Get posts feed page=1, không có limit (default)",
    "expectedStatus": 200.0,
    "expectedResult": "{\"message\": \"Feed\", \"statusCode\": 200, \"status\": \"success\", \"data\": []}",
    "responseStatus": "400",
    "result": "{\"success\":false,\"statusCode\":400,\"message\":\"Không có d? li?u ???c g?i lên\",\"path\":\"/posts/feed?page=1\",\"timestamp\":\"2025-06-23T10:41:48.677Z\"}",
    "testStatus": "FAIL",
    "failureReason": "Status mismatch: Expected 200, got 400"
  },
  {
    "bearerToken": "NO_TOKEN",
    "page": "1",
    "limit": "10",
    "testDescription": "Thi?u token xác th?c",
    "expectedStatus": 401.0,
    "expectedResult": "{\"error\": \"Unauthorized\"}",
    "responseStatus": "401",
    "result": "{\"success\":false,\"statusCode\":401,\"message\":\"Unauthorized\",\"path\":\"/posts/feed?limit=10&page=1\",\"timestamp\":\"2025-06-23T10:41:48.708Z\"}",
    "testStatus": "PASS",
    "failureReason": "All validations passed"
  },
  {
    "bearerToken": "INVALID_TOKEN",
    "page": "1",
    "limit": "10",
    "testDescription": "Token không h?p l?",
    "expectedStatus": 401.0,
    "expectedResult": "{\"error\": \"Invalid or expired token\"}",
    "responseStatus": "401",
    "result": "{\"success\":false,\"statusCode\":401,\"message\":\"Unauthorized\",\"path\":\"/posts/feed?limit=10&page=1\",\"timestamp\":\"2025-06-23T10:41:48.729Z\"}",
    "testStatus": "PASS",
    "failureReason": "All validations passed"
  },
  {
    "bearerToken": "",
    "page": "-1",
    "limit": "10",
    "testDescription": "Page s? âm",
    "expectedStatus": 400.0,
    "expectedResult": "{\"error\": \"Page must be positive number\"}",
    "responseStatus": "200",
    "result": "{\"message\":\"Feed\",\"statusCode\":200,\"status\":\"success\",\"data\":[]}",
    "testStatus": "FAIL",
    "failureReason": "Status mismatch: Expected 400, got 200"
  },
  {
    "bearerToken": "",
    "page": "1",
    "limit": "-5",
    "testDescription": "Limit s? âm",
    "expectedStatus": 400.0,
    "expectedResult": "{\"error\": \"Limit must be positive number\"}",
    "responseStatus": "200",
    "result": "{\"message\":\"Feed\",\"statusCode\":200,\"status\":\"success\",\"data\":[]}",
    "testStatus": "FAIL",
    "failureReason": "Status mismatch: Expected 400, got 200"
  },
  {
    "bearerToken": "",
    "page": "0",
    "limit": "10",
    "testDescription": "Page = 0",
    "expectedStatus": 400.0,
    "expectedResult": "{\"error\": \"Page must be positive number\"}",
    "responseStatus": "200",
    "result": "{\"message\":\"Feed\",\"statusCode\":200,\"status\":\"success\",\"data\":[]}",
    "testStatus": "FAIL",
    "failureReason": "Status mismatch: Expected 400, got 200"
  },
  {
    "bearerToken": "",
    "page": "1",
    "limit": "0",
    "testDescription": "Limit = 0",
    "expectedStatus": 400.0,
    "expectedResult": "{\"error\": \"Limit must be positive number\"}",
    "responseStatus": "200",
    "result": "{\"message\":\"Feed\",\"statusCode\":200,\"status\":\"success\",\"data\":[]}",
    "testStatus": "FAIL",
    "failureReason": "Status mismatch: Expected 400, got 200"
  },
  {
    "bearerToken": "",
    "page": "1",
    "limit": "1000",
    "testDescription": "Limit quá l?n (1000)",
    "expectedStatus": 400.0,
    "expectedResult": "{\"error\": \"Limit exceeds maximum allowed\"}",
    "responseStatus": "200",
    "result": "{\"message\":\"Feed\",\"statusCode\":200,\"status\":\"success\",\"data\":[{\"id\":\"007fcd52-ae77-4c58-988d-36ef78edc29b\",\"authorId\":\"dacf294e-491b-47ff-bd74-bfe5ddbfbdf9\",\"imageUrl\":[\"https://res.cloudinary.com/dizcvrefo/image/upload/v1748598131/nestjs_uploads/tsh3n10qz6mojbkiayhx.jpg\",\"https://res.cloudinary.com/dizcvrefo/image/upload/v1748598131/nestjs_uploads/no5fdmt60yg8li6gvwao.jpg\",\"https://res.cloudinary.com/dizcvrefo/image/upload/v1748598131/nestjs_uploads/lbn3umepxtqxjcw51mv0.jpg\",\"https://res.cloudinary.com/dizcvrefo/image/upload/v1748598131/nestjs_uploads/e4nufb9kmremurdaanw5.jpg\",\"https://res.cloudinary.com/dizcvrefo/image/upload/v1748598131/nestjs_uploads/pqwqj0gdwqfqqyct54hz.jpg\",\"https://res.cloudinary.com/dizcvrefo/image/upload/v1748598130/nestjs_uploads/dics8pfhps2jfskadthz.jpg\"],\"caption\":\"Th? thao ?i?n t?\",\"location\":null,\"tags\":[],\"isPublic\":true,\"likeCount\":0,\"commentCount\":0,\"sharedCount\":0,\"createdAt\":\"2025-05-30T09:42:13.811Z\",\"updatedAt\":\"2025-05-30T09:42:13.811Z\",\"author\":{\"username\":\"chinh\",\"profilePic\":\"https://hebbkx1anhila5yf.public.blob.vercel-storage.com/image-hiZZ98WEvmBOkk3oAqffc3ReiwtEIO.png\"},\"_count\":{\"likes\":3,\"comments\":0},\"score\":0.019064346530751265,\"isLike\":true,\"isToday\":false,\"isFollowing\":true,\"isSelf\":false},{\"id\":\"479ed759-3811-4b84-8141-bff184fae4b8\",\"authorId\":\"dacf294e-491b-47ff-bd74-bfe5ddbfbdf9\",\"imageUrl\":[\"https://res.cloudinary.com/dizcvrefo/image/upload/v1748596741/nestjs_uploads/g8vk3zn2rfop6caitmfb.jpg\",\"https://res.cloudinary.com/dizcvrefo/image/upload/v1748596741/nestjs_uploads/cqcspqsifpg0ndthyuax.jpg\",\"https://res.cloudinary.com/dizcvrefo/image/upload/v1748596741/nestjs_uploads/hc3svmdbfotscvcctfoq.jpg\",\"https://res.cloudinary.com/dizcvrefo/image/upload/v1748596742/nestjs_uploads/fxjvluy2vpyfuspukumf.jpg\",\"https://res.cloudinary.com/dizcvrefo/image/upload/v1748596741/nestjs_uploads/sb38euks3gzg5f92uiig.jpg\"],\"caption\":\"Village\",\"location\":null,\"tags\":[],\"isPublic\":true,\"likeCount\":0,\"commentCount\":0,\"sharedCount\":0,\"createdAt\":\"2025-05-30T09:19:04.180Z\",\"updatedAt\":\"2025-05-30T09:19:04.180Z\",\"author\":{\"username\":\"chinh\",\"profilePic\":\"https://hebbkx1anhila5yf.public.blob.vercel-storage.com/image-hiZZ98WEvmBOkk3oAqffc3ReiwtEIO.png\"},\"_count\":{\"likes\":3,\"comments\":0},\"score\":0.01905160100634213,\"isLike\":true,\"isToday\":false,\"isFollowing\":true,\"isSelf\":false},{\"id\":\"9ef01284-6f35-4f8a-9d58-3f5891acc766\",\"authorId\":\"dacf294e-491b-47ff-bd74-bfe5ddbfbdf9\",\"imageUrl\":[\"https://res.cloudinary.com/dizcvrefo/image/upload/v1748596489/nestjs_uploads/ue1yvhe1qzvlc2pmkjee.jpg\",\"https://res.cloudinary.com/dizcvrefo/image/upload/v1748596493/nestjs_uploads/bm3pcnpqmnppnsuq0pv9.jpg\",\"https://res.cloudinary.com/dizcvrefo/image/upload/v1748596489/nestjs_uploads/q6nipodzp1mdnpm1p13g.jpg\",\"https://res.cloudinary.com/dizcvrefo/image/upload/v1748596489/nestjs_uploads/icygr75zfmxk0ehqsnwo.jpg\",\"https://res.cloudinary.com/dizcvrefo/image/upload/v1748596489/nestjs_uploads/ghgd01xzcaxpra5httqg.jpg\",\"https://res.cloudinary.com/dizcvrefo/image/upload/v1748596489/nestjs_uploads/o53mpfip4l7dbjbd7wcw.jpg\"],\"caption\":\"Nh?u\",\"location\":null,\"tags\":[],\"isPublic\":true,\"likeCount\":0,\"commentCount\":0,\"sharedCount\":0,\"createdAt\":\"2025-05-30T09:14:54.972Z\",\"updatedAt\":\"2025-05-30T09:14:54.972Z\",\"author\":{\"username\":\"chinh\",\"profilePic\":\"https://hebbkx1anhila5yf.public.blob.vercel-storage.com/image-hiZZ98WEvmBOkk3oAqffc3ReiwtEIO.png\"},\"_count\":{\"likes\":3,\"comments\":0},\"score\":0.01904931710319586,\"isLike\":true,\"isToday\":false,\"isFollowing\":true,\"isSelf\":false},{\"id\":\"9c4e8842-ced5-492b-9423-890177a28564\",\"authorId\":\"2b84aa24-668a-40e2-af1c-ad4fc4fa5a6f\",\"imageUrl\":[\"https://res.cloudinary.com/dizcvrefo/image/upload/v1748659538/nestjs_uploads/n4mg888um8bynequtdtp.jpg\",\"https://res.cloudinary.com/dizcvrefo/image/upload/v1748659538/nestjs_uploads/mfqojpf1bufduxfh0j0n.jpg\",\"https://res.cloudinary.com/dizcvrefo/image/upload/v1748659538/nestjs_uploads/vx9qkwao5v4hdeqiplsp.jpg\",\"https://res.cloudinary.com/dizcvrefo/image/upload/v1748659538/nestjs_uploads/r2sv0p0echvnrwqxoswu.jpg\"],\"caption\":\"Ha noi nay tro gio\",\"location\":null,\"tags\":[],\"isPublic\":true,\"likeCount\":0,\"commentCount\":0,\"sharedCount\":0,\"createdAt\":\"2025-05-31T02:45:39.688Z\",\"updatedAt\":\"2025-05-31T02:45:39.688Z\",\"author\":{\"username\":\"quang1\",\"profilePic\":\"https://res.cloudinary.com/dizcvrefo/image/upload/v1749027586/nestjs_uploads/xehairydt9rzlbmbmv4c.jpg\"},\"_count\":{\"likes\":2,\"comments\":0},\"score\":0.016073262629557928,\"isLike\":false,\"isToday\":false,\"isFollowing\":true,\"isSelf\":false},{\"id\":\"e3f481cc-53c6-41c8-9a28-cd2f9c4f2f46\",\"authorId\":\"2b84aa24-668a-40e2-af1c-ad4fc4fa5a6f\",\"imageUrl\":[\"https://res.cloudinary.com/dizcvrefo/image/upload/v1749027663/nestjs_uploads/nuuktb6j4oy5jnuyt3ws.jpg\",\"https://res.cloudinary.com/dizcvrefo/image/upload/v1749027663/nestjs_uploads/aa03sao5n7bkhyhhrovx.jpg\",\"https://res.cloudinary.com/dizcvrefo/image/upload/v1749027663/nestjs_uploads/hic88kwvdqoltmqsueim.jpg\",\"https://res.cloudinary.com/dizcvrefo/image/upload/v1749027664/nestjs_uploads/hrnmt9e7g7pavf2fxwyw.png\",\"https://res.cloudinary.com/dizcvrefo/image/upload/v1749027664/nestjs_uploads/oxa2hbuxzj3lngjbubpf.jpg\",\"https://res.cloudinary.com/dizcvrefo/image/upload/v1749027663/nestjs_uploads/scrigmpzvmixwv9ddfnl.jpg\",\"https://res.cloudinary.com/dizcvrefo/image/upload/v1749027664/nestjs_uploads/wpnyt5jyz8lgj2bvprin.jpg\"],\"caption\":\"Buon that, hom nay toi thi truot\",\"location\":null,\"tags\":[],\"isPublic\":true,\"likeCount\":0,\"commentCount\":0,\"sharedCount\":0,\"createdAt\":\"2025-06-04T09:01:06.391Z\",\"updatedAt\":\"2025-06-04T09:01:06.391Z\",\"author\":{\"username\":\"quang1\",\"profilePic\":\"https://res.cloudinary.com/dizcvrefo/image/upload/v1749027586/nestjs_uploads/xehairydt9rzlbmbmv4c.jpg\"},\"_count\":{\"likes\":1,\"comments\":0},\"score\":0.01529457293764827,\"isLike\":false,\"isToday\":false,\"isFollowing\":true,\"isSelf\":false},{\"id\":\"c8151412-bc98-49ec-88ff-57b89cc2ce67\",\"authorId\":\"08515b05-2d3e-4789-ad60-db35525a4970\",\"imageUrl\":[\"https://res.cloudinary.com/dizcvrefo/image/upload/v1748933672/nestjs_uploads/rpehmvwkwptjktjzllxz.jpg\",\"https://res.cloudinary.com/dizcvrefo/image/upload/v1748933672/nestjs_uploads/xl8wce3gldsuaekfnfwo.jpg\",\"https://res.cloudinary.com/dizcvrefo/image/upload/v1748933671/nestjs_uploads/ee1ntt1feukxfszhma1b.jpg\"],\"caption\":\"Moi di hom nay\",\"location\":null,\"tags\":[],\"isPublic\":true,\"likeCount\":0,\"commentCount\":0,\"sharedCount\":0,\"createdAt\":\"2025-06-03T06:54:33.756Z\",\"updatedAt\":\"2025-06-03T06:54:33.756Z\",\"author\":{\"username\":\"nam\",\"profilePic\":\"https://res.cloudinary.com/dizcvrefo/image/upload/v1749266646/nestjs_uploads/zk9zrpeidnovxibfqdxr.png\"},\"_count\":{\"likes\":3,\"comments\":0},\"score\":0.012402133002892739,\"isLike\":true,\"isToday\":false,\"isFollowing\":false,\"isSelf\":true},{\"id\":\"45a2d709-c6c9-4887-9235-dbbd2d381827\",\"authorId\":\"08515b05-2d3e-4789-ad60-db35525a4970\",\"imageUrl\":[\"https://res.cloudinary.com/dizcvrefo/image/upload/v1748932129/nestjs_uploads/ecwyixgm9kf0zdng7bdp.png\",\"https://res.cloudinary.com/dizcvrefo/image/upload/v1748932129/nestjs_uploads/uhl3z1wamgjxl5o4vq1l.jpg\",\"https://res.cloudinary.com/dizcvrefo/image/upload/v1748932129/nestjs_uploads/pavlktzorkfcm5pp31io.jpg\",\"https://res.cloudinary.com/dizcvrefo/image/upload/v1748932129/nestjs_uploads/knew9jcdpmwaleoa6oov.jpg\"],\"caption\":\"Di choi di anh em oi\",\"location\":null,\"tags\":[],\"isPublic\":true,\"likeCount\":0,\"commentCount\":0,\"sharedCount\":0,\"createdAt\":\"2025-06-03T06:28:51.322Z\",\"updatedAt\":\"2025-06-03T06:28:51.322Z\",\"author\":{\"username\":\"nam\",\"profilePic\":\"https://res.cloudinary.com/dizcvrefo/image/upload/v1749266646/nestjs_uploads/zk9zrpeidnovxibfqdxr.png\"},\"_count\":{\"likes\":3,\"comments\":0},\"score\":0.012391159098898572,\"isLike\":true,\"isToday\":false,\"isFollowing\":false,\"isSelf\":true},{\"id\":\"bd9fb1fc-af49-4625-aa11-a458424d17ca\",\"authorId\":\"08515b05-2d3e-4789-ad60-db35525a4970\",\"imageUrl\":[\"https://res.cloudinary.com/dizcvrefo/image/upload/v1749400565/nestjs_uploads/srvf0b7b2fnsab8uqc8g.jpg\",\"https://res.cloudinary.com/dizcvrefo/image/upload/v1749400565/nestjs_uploads/u2gybzjxkewsxa1atyq4.jpg\",\"https://res.cloudinary.com/dizcvrefo/image/upload/v1749400565/nestjs_uploads/lottkkizhi1ngodzx4pp.jpg\"],\"caption\":\"toi la NAM BO\",\"location\":null,\"tags\":[],\"isPublic\":true,\"likeCount\":0,\"commentCount\":0,\"sharedCount\":0,\"createdAt\":\"2025-06-08T16:36:04.450Z\",\"updatedAt\":\"2025-06-08T16:36:04.450Z\",\"author\":{\"username\":\"nam\",\"profilePic\":\"https://res.cloudinary.com/dizcvrefo/image/upload/v1749266646/nestjs_uploads/zk9zrpeidnovxibfqdxr.png\"},\"_count\":{\"likes\":2,\"comments\":0},\"score\":0.011296375150108428,\"isLike\":true,\"isToday\":false,\"isFollowing\":false,\"isSelf\":true},{\"id\":\"8a0e35ce-0f39-4475-b2d2-15c217983926\",\"authorId\":\"08515b05-2d3e-4789-ad60-db35525a4970\",\"imageUrl\":[\"https://res.cloudinary.com/dizcvrefo/image/upload/v1748597950/nestjs_uploads/siabu4jmaf7nfak5xkgc.jpg\",\"https://res.cloudinary.com/dizcvrefo/image/upload/v1748597951/nestjs_uploads/bufde4typyni9j408ua4.jpg\",\"https://res.cloudinary.com/dizcvrefo/image/upload/v1748597951/nestjs_uploads/yk6tjdkirr4a7ons7iz5.jpg\"],\"caption\":\"?n gì không\",\"location\":null,\"tags\":[],\"isPublic\":true,\"likeCount\":0,\"commentCount\":0,\"sharedCount\":0,\"createdAt\":\"2025-05-30T09:39:13.647Z\",\"updatedAt\":\"2025-05-30T09:39:13.647Z\",\"author\":{\"username\":\"nam\",\"profilePic\":\"https://res.cloudinary.com/dizcvrefo/image/upload/v1749266646/nestjs_uploads/zk9zrpeidnovxibfqdxr.png\"},\"_count\":{\"likes\":3,\"comments\":0},\"score\":0.010397832614538145,\"isLike\":true,\"isToday\":false,\"isFollowing\":false,\"isSelf\":true},{\"id\":\"b96886bd-5f00-41af-a440-152f360f1657\",\"authorId\":\"08515b05-2d3e-4789-ad60-db35525a4970\",\"imageUrl\":[\"https://res.cloudinary.com/dizcvrefo/image/upload/v1748597371/nestjs_uploads/vce2gudp9o4mm4fn8xt0.jpg\",\"https://res.cloudinary.com/dizcvrefo/image/upload/v1748597372/nestjs_uploads/u691vkjqxrek1dv0wtbm.jpg\",\"https://res.cloudinary.com/dizcvrefo/image/upload/v1748597371/nestjs_uploads/feqbcopm8ge8maj3hu6k.jpg\"],\"caption\":\"ok\",\"location\":null,\"tags\":[],\"isPublic\":true,\"likeCount\":0,\"commentCount\":0,\"sharedCount\":0,\"createdAt\":\"2025-05-30T09:29:34.405Z\",\"updatedAt\":\"2025-05-30T09:29:34.405Z\",\"author\":{\"username\":\"nam\",\"profilePic\":\"https://res.cloudinary.com/dizcvrefo/image/upload/v1749266646/nestjs_uploads/zk9zrpeidnovxibfqdxr.png\"},\"_count\":{\"likes\":3,\"comments\":0},\"score\":0.010394934130875673,\"isLike\":true,\"isToday\":false,\"isFollowing\":false,\"isSelf\":true},{\"id\":\"d79e9a48-ca20-40fd-bb11-ed7302657db9\",\"authorId\":\"08515b05-2d3e-4789-ad60-db35525a4970\",\"imageUrl\":[\"https://res.cloudinary.com/dizcvrefo/image/upload/v1749382783/nestjs_uploads/buqh5wktqj3y5etgfxok.jpg\",\"https://res.cloudinary.com/dizcvrefo/image/upload/v1749382789/nestjs_uploads/wjm5idulrdjhv7yuc477.jpg\",\"https://res.cloudinary.com/dizcvrefo/image/upload/v1749382781/nestjs_uploads/ztoyccvbrahzxkbm7mxb.jpg\",\"https://res.cloudinary.com/dizcvrefo/image/upload/v1749383075/nestjs_uploads/yjbnpjozb3x4suirhe9d.jpg\",\"https://res.cloudinary.com/dizcvrefo/image/upload/v1749383076/nestjs_uploads/wurnhokpsyvvjg60iceu.jpg\"],\"caption\":\"Hôm nay là th? 7 em thích ?i thích ?i vào bar u?ng ? ???\",\"location\":null,\"tags\":[],\"isPublic\":true,\"likeCount\":0,\"commentCount\":0,\"sharedCount\":0,\"createdAt\":\"2025-05-28T09:56:16.976Z\",\"updatedAt\":\"2025-06-08T11:44:37.991Z\",\"author\":{\"username\":\"nam\",\"profilePic\":\"https://res.cloudinary.com/dizcvrefo/image/upload/v1749266646/nestjs_uploads/zk9zrpeidnovxibfqdxr.png\"},\"_count\":{\"likes\":3,\"comments\":0},\"score\":0.009603702017980643,\"isLike\":true,\"isToday\":false,\"isFollowing\":false,\"isSelf\":true},{\"id\":\"028cfac7-688b-4f4d-832d-1dd681b89e64\",\"authorId\":\"08515b05-2d3e-4789-ad60-db35525a4970\",\"imageUrl\":[\"https://res.cloudinary.com/dizcvrefo/image/upload/v1748964089/nestjs_uploads/r2x7j8rz3gfsze8o0fe7.jpg\",\"https://res.cloudinary.com/dizcvrefo/image/upload/v1748964089/nestjs_uploads/ebic5ju0e6btkxv2g526.jpg\",\"https://res.cloudinary.com/dizcvrefo/image/upload/v1748964089/nestjs_uploads/ngkhumq5qjehuoqmvxqv.jpg\"],\"caption\":\"Di uong bia\",\"location\":null,\"tags\":[],\"isPublic\":true,\"likeCount\":0,\"commentCount\":0,\"sharedCount\":0,\"createdAt\":\"2025-06-03T15:21:31.678Z\",\"updatedAt\":\"2025-06-03T15:21:31.678Z\",\"author\":{\"username\":\"nam\",\"profilePic\":\"https://res.cloudinary.com/dizcvrefo/image/upload/v1749266646/nestjs_uploads/zk9zrpeidnovxibfqdxr.png\"},\"_count\":{\"likes\":2,\"comments\":0},\"score\":0.008415058885321245,\"isLike\":true,\"isToday\":false,\"isFollowing\":false,\"isSelf\":true},{\"id\":\"52cfd912-292f-4fbf-9240-3000d608dcd4\",\"authorId\":\"e7b38cb7-6701-40d9-a3bd-f53fc4d43457\",\"imageUrl\":[\"https://res.cloudinary.com/dizcvrefo/image/upload/v1749316896/nestjs_uploads/lc1jqjzblqshqho7eavx.jpg\"],\"caption\":\"This is my first post\",\"location\":null,\"tags\":[],\"isPublic\":true,\"likeCount\":0,\"commentCount\":0,\"sharedCount\":0,\"createdAt\":\"2025-05-14T05:28:07.619Z\",\"updatedAt\":\"2025-06-07T17:21:37.389Z\",\"author\":{\"username\":\"ductrong\",\"profilePic\":null},\"_count\":{\"likes\":3,\"comments\":0},\"score\":0.006216145692441076,\"isLike\":true,\"isToday\":false,\"isFollowing\":false,\"isSelf\":false},{\"id\":\"7918bc4d-383d-462e-afab-91099bc69905\",\"authorId\":\"08515b05-2d3e-4789-ad60-db35525a4970\",\"imageUrl\":[\"https://res.cloudinary.com/dizcvrefo/image/upload/v1749449962/nestjs_uploads/h3loqo8k5fpmi2ipdtof.jpg\"],\"caption\":\"??p trai thì m?i có nhi?u ??a yêu h? h?\",\"location\":null,\"tags\":[],\"isPublic\":true,\"likeCount\":0,\"commentCount\":0,\"sharedCount\":0,\"createdAt\":\"2025-06-09T06:19:23.318Z\",\"updatedAt\":\"2025-06-09T06:19:23.318Z\",\"author\":{\"username\":\"nam\",\"profilePic\":\"https://res.cloudinary.com/dizcvrefo/image/upload/v1749266646/nestjs_uploads/zk9zrpeidnovxibfqdxr.png\"},\"_count\":{\"likes\":1,\"comments\":0},\"score\":0.00587588978884706,\"isLike\":true,\"isToday\":false,\"isFollowing\":false,\"isSelf\":true},{\"id\":\"0c10c426-3d53-443a-8155-39234544c693\",\"authorId\":\"08515b05-2d3e-4789-ad60-db35525a4970\",\"imageUrl\":[\"https://res.cloudinary.com/dizcvrefo/image/upload/v1749397668/nestjs_uploads/umpwoepazt6it2racqhe.webp\",\"https://res.cloudinary.com/dizcvrefo/image/upload/v1749397668/nestjs_uploads/hcj53nurl5lpudcfaz3f.webp\",\"https://res.cloudinary.com/dizcvrefo/image/upload/v1749397668/nestjs_uploads/qv1vfbg7k6lkeldhb7e3.webp\",\"https://res.cloudinary.com/dizcvrefo/image/upload/v1749397668/nestjs_uploads/c6ruaxtyahilompxxej9.webp\"],\"caption\":\"Tr?i xanh mây tr?ng\",\"location\":null,\"tags\":[],\"isPublic\":true,\"likeCount\":0,\"commentCount\":0,\"sharedCount\":0,\"createdAt\":\"2025-06-08T15:47:50.242Z\",\"updatedAt\":\"2025-06-08T15:47:50.242Z\",\"author\":{\"username\":\"nam\",\"profilePic\":\"https://res.cloudinary.com/dizcvrefo/image/upload/v1749266646/nestjs_uploads/zk9zrpeidnovxibfqdxr.png\"},\"_count\":{\"likes\":1,\"comments\":0},\"score\":0.005635392861958435,\"isLike\":false,\"isToday\":false,\"isFollowing\":false,\"isSelf\":true},{\"id\":\"d296ef84-ae0f-4d14-a91a-15dd66bc0dac\",\"authorId\":\"08515b05-2d3e-4789-ad60-db35525a4970\",\"imageUrl\":[\"https://res.cloudinary.com/dizcvrefo/image/upload/v1749397436/nestjs_uploads/w9d8ldmhonbzeenkcxpb.jpg\",\"https://res.cloudinary.com/dizcvrefo/image/upload/v1749397436/nestjs_uploads/g8xrn89xfaz4ssvslueo.jpg\",\"https://res.cloudinary.com/dizcvrefo/image/upload/v1749397436/nestjs_uploads/wggtlkgkwlcrmgrhskup.jpg\"],\"caption\":\"??ng tìm nhau vào hôm gió m?a t?i b?i\",\"location\":null,\"tags\":[],\"isPublic\":true,\"likeCount\":0,\"commentCount\":0,\"sharedCount\":0,\"createdAt\":\"2025-06-08T15:43:57.895Z\",\"updatedAt\":\"2025-06-08T15:43:57.895Z\",\"author\":{\"username\":\"nam\",\"profilePic\":\"https://res.cloudinary.com/dizcvrefo/image/upload/v1749266646/nestjs_uploads/zk9zrpeidnovxibfqdxr.png\"},\"_count\":{\"likes\":1,\"comments\":0},\"score\":0.005634368215611746,\"isLike\":true,\"isToday\":false,\"isFollowing\":false,\"isSelf\":true},{\"id\":\"f1eae5ad-ef38-43e0-a9b8-1c1e0c2f6efd\",\"authorId\":\"08515b05-2d3e-4789-ad60-db35525a4970\",\"imageUrl\":[\"https://res.cloudinary.com/dizcvrefo/image/upload/v1749397189/nestjs_uploads/n24psljoc11kfpxrlozi.jpg\",\"https://res.cloudinary.com/dizcvrefo/image/upload/v1749397188/nestjs_uploads/ebdf0uii6p2yc3m30ruv.webp\",\"https://res.cloudinary.com/dizcvrefo/image/upload/v1749397188/nestjs_uploads/vrc16ao0luptsqlvep2z.webp\"],\"caption\":\"Trong ??m gì ??p b?ng sen\",\"location\":null,\"tags\":[],\"isPublic\":true,\"likeCount\":0,\"commentCount\":0,\"sharedCount\":0,\"createdAt\":\"2025-06-08T15:39:50.851Z\",\"updatedAt\":\"2025-06-08T15:39:50.851Z\",\"author\":{\"username\":\"nam\",\"profilePic\":\"https://res.cloudinary.com/dizcvrefo/image/upload/v1749266646/nestjs_uploads/zk9zrpeidnovxibfqdxr.png\"},\"_count\":{\"likes\":1,\"comments\":0},\"score\":0.005633279164372889,\"isLike\":true,\"isToday\":false,\"isFollowing\":false,\"isSelf\":true},{\"id\":\"546e44ab-45c4-4412-83c9-4a2cd786d46f\",\"authorId\":\"08515b05-2d3e-4789-ad60-db35525a4970\",\"imageUrl\":[\"https://res.cloudinary.com/dizcvrefo/image/upload/v1749223872/nestjs_uploads/u1lkztc9gc8jfijtppib.jpg\",\"https://res.cloudinary.com/dizcvrefo/image/upload/v1749223872/nestjs_uploads/hvbjhzpqvpw9kjrejiko.jpg\",\"https://res.cloudinary.com/dizcvrefo/image/upload/v1749223872/nestjs_uploads/a9s8eujvzsy7sminvaaw.jpg\",\"https://res.cloudinary.com/dizcvrefo/image/upload/v1749223872/nestjs_uploads/l0darr6gsfvyaz3udhvr.jpg\"],\"caption\":\"Th?i ti?t nóng nh? cái lò\",\"location\":null,\"tags\":[],\"isPublic\":true,\"likeCount\":0,\"commentCount\":0,\"sharedCount\":0,\"createdAt\":\"2025-06-06T15:31:13.422Z\",\"updatedAt\":\"2025-06-06T15:31:13.422Z\",\"author\":{\"username\":\"nam\",\"profilePic\":\"https://res.cloudinary.com/dizcvrefo/image/upload/v1749266646/nestjs_uploads/zk9zrpeidnovxibfqdxr.png\"},\"_count\":{\"likes\":1,\"comments\":0},\"score\":0.004960603753098548,\"isLike\":true,\"isToday\":false,\"isFollowing\":false,\"isSelf\":true},{\"id\":\"d227a0c8-1c22-46cc-b7d2-4cdc49559d5a\",\"authorId\":\"08515b05-2d3e-4789-ad60-db35525a4970\",\"imageUrl\":[\"https://res.cloudinary.com/dizcvrefo/image/upload/v1749396710/nestjs_uploads/rbfbkt8z02milpnwumdf.jpg\",\"https://res.cloudinary.com/dizcvrefo/image/upload/v1749396710/nestjs_uploads/vgcadq2d5bc0n7ccenbd.jpg\",\"https://res.cloudinary.com/dizcvrefo/image/upload/v1749396710/nestjs_uploads/mnxecfqiyziizzhgvpkx.jpg\",\"https://res.cloudinary.com/dizcvrefo/image/upload/v1749396710/nestjs_uploads/ejjhcrbzulhtddkxenrb.jpg\"],\"caption\":\"Qu?c t? thi?u nhi\",\"location\":null,\"tags\":[],\"isPublic\":true,\"likeCount\":0,\"commentCount\":0,\"sharedCount\":0,\"createdAt\":\"2025-06-08T15:31:52.624Z\",\"updatedAt\":\"2025-06-08T15:31:52.624Z\",\"author\":{\"username\":\"nam\",\"profilePic\":\"https://res.cloudinary.com/dizcvrefo/image/upload/v1749266646/nestjs_uploads/zk9zrpeidnovxibfqdxr.png\"},\"_count\":{\"likes\":0,\"comments\":0},\"score\":0,\"isLike\":false,\"isToday\":false,\"isFollowing\":false,\"isSelf\":true}]}",
    "testStatus": "FAIL",
    "failureReason": "Status mismatch: Expected 400, got 200"
  },
  {
    "bearerToken": "",
    "page": "9999",
    "limit": "10",
    "testDescription": "Page r?t l?n (9999) - không có d? li?u",
    "expectedStatus": 200.0,
    "expectedResult": "{\"message\": \"Feed\", \"statusCode\": 200, \"status\": \"success\", \"data\": []}",
    "responseStatus": "200",
    "result": "{\"message\":\"Feed\",\"statusCode\":200,\"status\":\"success\",\"data\":[]}",
    "testStatus": "PASS",
    "failureReason": "All validations passed"
  },
  {
    "bearerToken": "",
    "page": "1' OR '1'='1",
    "limit": "10",
    "testDescription": "Ki?m tra SQL Injection trong page",
    "expectedStatus": 400.0,
    "expectedResult": "{\"error\": \"Invalid page parameter\"}",
    "responseStatus": "200",
    "result": "{\"message\":\"Feed\",\"statusCode\":200,\"status\":\"success\",\"data\":[]}",
    "testStatus": "FAIL",
    "failureReason": "Status mismatch: Expected 400, got 200"
  },
  {
    "bearerToken": "",
    "page": "1",
    "limit": "10' OR '1'='1",
    "testDescription": "Ki?m tra SQL Injection trong limit",
    "expectedStatus": 400.0,
    "expectedResult": "{\"error\": \"Invalid limit parameter\"}",
    "responseStatus": "200",
    "result": "{\"message\":\"Feed\",\"statusCode\":200,\"status\":\"success\",\"data\":[]}",
    "testStatus": "FAIL",
    "failureReason": "Status mismatch: Expected 400, got 200"
  },
  {
    "bearerToken": "",
    "page": "abc",
    "limit": 10.0,
    "testDescription": "Page v?i giá tr? string không h?p l?",
    "expectedStatus": 400.0,
    "expectedResult": "{\"error\": \"Invalid parameter format\"}",
    "responseStatus": "200",
    "result": "{\"message\":\"Feed\",\"statusCode\":200,\"status\":\"success\",\"data\":[]}",
    "testStatus": "FAIL",
    "failureReason": "Status mismatch: Expected 400, got 200"
  },
  {
    "bearerToken": "",
    "page": 1.0,
    "limit": "xyz",
    "testDescription": "limit v?i giá tr? string không h?p l?",
    "expectedStatus": 400.0,
    "expectedResult": "{\"error\": \"Invalid parameter format\"}",
    "responseStatus": "",
    "result": "",
    "testStatus": "",
    "failureReason": ""
  },
  {
    "bearerToken": "",
    "page": "1",
    "limit": "1",
    "testDescription": "Limit = 1 (minimum valid)",
    "expectedStatus": 200.0,
    "expectedResult": "{\"message\": \"Feed\", \"statusCode\": 200, \"status\": \"success\", \"data\": []}",
    "responseStatus": "200",
    "result": "{\"message\":\"Feed\",\"statusCode\":200,\"status\":\"success\",\"data\":[{\"id\":\"007fcd52-ae77-4c58-988d-36ef78edc29b\",\"authorId\":\"dacf294e-491b-47ff-bd74-bfe5ddbfbdf9\",\"imageUrl\":[\"https://res.cloudinary.com/dizcvrefo/image/upload/v1748598131/nestjs_uploads/tsh3n10qz6mojbkiayhx.jpg\",\"https://res.cloudinary.com/dizcvrefo/image/upload/v1748598131/nestjs_uploads/no5fdmt60yg8li6gvwao.jpg\",\"https://res.cloudinary.com/dizcvrefo/image/upload/v1748598131/nestjs_uploads/lbn3umepxtqxjcw51mv0.jpg\",\"https://res.cloudinary.com/dizcvrefo/image/upload/v1748598131/nestjs_uploads/e4nufb9kmremurdaanw5.jpg\",\"https://res.cloudinary.com/dizcvrefo/image/upload/v1748598131/nestjs_uploads/pqwqj0gdwqfqqyct54hz.jpg\",\"https://res.cloudinary.com/dizcvrefo/image/upload/v1748598130/nestjs_uploads/dics8pfhps2jfskadthz.jpg\"],\"caption\":\"Th? thao ?i?n t?\",\"location\":null,\"tags\":[],\"isPublic\":true,\"likeCount\":0,\"commentCount\":0,\"sharedCount\":0,\"createdAt\":\"2025-05-30T09:42:13.811Z\",\"updatedAt\":\"2025-05-30T09:42:13.811Z\",\"author\":{\"username\":\"chinh\",\"profilePic\":\"https://hebbkx1anhila5yf.public.blob.vercel-storage.com/image-hiZZ98WEvmBOkk3oAqffc3ReiwtEIO.png\"},\"_count\":{\"likes\":3,\"comments\":0},\"score\":0.019064337986025137,\"isLike\":true,\"isToday\":false,\"isFollowing\":true,\"isSelf\":false}]}",
    "testStatus": "PASS",
    "failureReason": "All validations passed"
  },
  {
    "bearerToken": "",
    "page": "1",
    "limit": "50",
    "testDescription": "Limit = 50 (maximum valid)",
    "expectedStatus": 200.0,
    "expectedResult": "{\"message\": \"Feed\", \"statusCode\": 200, \"status\": \"success\", \"data\": []}",
    "responseStatus": "200",
    "result": "{\"message\":\"Feed\",\"statusCode\":200,\"status\":\"success\",\"data\":[{\"id\":\"007fcd52-ae77-4c58-988d-36ef78edc29b\",\"authorId\":\"dacf294e-491b-47ff-bd74-bfe5ddbfbdf9\",\"imageUrl\":[\"https://res.cloudinary.com/dizcvrefo/image/upload/v1748598131/nestjs_uploads/tsh3n10qz6mojbkiayhx.jpg\",\"https://res.cloudinary.com/dizcvrefo/image/upload/v1748598131/nestjs_uploads/no5fdmt60yg8li6gvwao.jpg\",\"https://res.cloudinary.com/dizcvrefo/image/upload/v1748598131/nestjs_uploads/lbn3umepxtqxjcw51mv0.jpg\",\"https://res.cloudinary.com/dizcvrefo/image/upload/v1748598131/nestjs_uploads/e4nufb9kmremurdaanw5.jpg\",\"https://res.cloudinary.com/dizcvrefo/image/upload/v1748598131/nestjs_uploads/pqwqj0gdwqfqqyct54hz.jpg\",\"https://res.cloudinary.com/dizcvrefo/image/upload/v1748598130/nestjs_uploads/dics8pfhps2jfskadthz.jpg\"],\"caption\":\"Th? thao ?i?n t?\",\"location\":null,\"tags\":[],\"isPublic\":true,\"likeCount\":0,\"commentCount\":0,\"sharedCount\":0,\"createdAt\":\"2025-05-30T09:42:13.811Z\",\"updatedAt\":\"2025-05-30T09:42:13.811Z\",\"author\":{\"username\":\"chinh\",\"profilePic\":\"https://hebbkx1anhila5yf.public.blob.vercel-storage.com/image-hiZZ98WEvmBOkk3oAqffc3ReiwtEIO.png\"},\"_count\":{\"likes\":3,\"comments\":0},\"score\":0.019064336132068385,\"isLike\":true,\"isToday\":false,\"isFollowing\":true,\"isSelf\":false},{\"id\":\"479ed759-3811-4b84-8141-bff184fae4b8\",\"authorId\":\"dacf294e-491b-47ff-bd74-bfe5ddbfbdf9\",\"imageUrl\":[\"https://res.cloudinary.com/dizcvrefo/image/upload/v1748596741/nestjs_uploads/g8vk3zn2rfop6caitmfb.jpg\",\"https://res.cloudinary.com/dizcvrefo/image/upload/v1748596741/nestjs_uploads/cqcspqsifpg0ndthyuax.jpg\",\"https://res.cloudinary.com/dizcvrefo/image/upload/v1748596741/nestjs_uploads/hc3svmdbfotscvcctfoq.jpg\",\"https://res.cloudinary.com/dizcvrefo/image/upload/v1748596742/nestjs_uploads/fxjvluy2vpyfuspukumf.jpg\",\"https://res.cloudinary.com/dizcvrefo/image/upload/v1748596741/nestjs_uploads/sb38euks3gzg5f92uiig.jpg\"],\"caption\":\"Village\",\"location\":null,\"tags\":[],\"isPublic\":true,\"likeCount\":0,\"commentCount\":0,\"sharedCount\":0,\"createdAt\":\"2025-05-30T09:19:04.180Z\",\"updatedAt\":\"2025-05-30T09:19:04.180Z\",\"author\":{\"username\":\"chinh\",\"profilePic\":\"https://hebbkx1anhila5yf.public.blob.vercel-storage.com/image-hiZZ98WEvmBOkk3oAqffc3ReiwtEIO.png\"},\"_count\":{\"likes\":3,\"comments\":0},\"score\":0.019051590621558735,\"isLike\":true,\"isToday\":false,\"isFollowing\":true,\"isSelf\":false},{\"id\":\"9ef01284-6f35-4f8a-9d58-3f5891acc766\",\"authorId\":\"dacf294e-491b-47ff-bd74-bfe5ddbfbdf9\",\"imageUrl\":[\"https://res.cloudinary.com/dizcvrefo/image/upload/v1748596489/nestjs_uploads/ue1yvhe1qzvlc2pmkjee.jpg\",\"https://res.cloudinary.com/dizcvrefo/image/upload/v1748596493/nestjs_uploads/bm3pcnpqmnppnsuq0pv9.jpg\",\"https://res.cloudinary.com/dizcvrefo/image/upload/v1748596489/nestjs_uploads/q6nipodzp1mdnpm1p13g.jpg\",\"https://res.cloudinary.com/dizcvrefo/image/upload/v1748596489/nestjs_uploads/icygr75zfmxk0ehqsnwo.jpg\",\"https://res.cloudinary.com/dizcvrefo/image/upload/v1748596489/nestjs_uploads/ghgd01xzcaxpra5httqg.jpg\",\"https://res.cloudinary.com/dizcvrefo/image/upload/v1748596489/nestjs_uploads/o53mpfip4l7dbjbd7wcw.jpg\"],\"caption\":\"Nh?u\",\"location\":null,\"tags\":[],\"isPublic\":true,\"likeCount\":0,\"commentCount\":0,\"sharedCount\":0,\"createdAt\":\"2025-05-30T09:14:54.972Z\",\"updatedAt\":\"2025-05-30T09:14:54.972Z\",\"author\":{\"username\":\"chinh\",\"profilePic\":\"https://hebbkx1anhila5yf.public.blob.vercel-storage.com/image-hiZZ98WEvmBOkk3oAqffc3ReiwtEIO.png\"},\"_count\":{\"likes\":3,\"comments\":0},\"score\":0.01904930672090217,\"isLike\":true,\"isToday\":false,\"isFollowing\":true,\"isSelf\":false},{\"id\":\"9c4e8842-ced5-492b-9423-890177a28564\",\"authorId\":\"2b84aa24-668a-40e2-af1c-ad4fc4fa5a6f\",\"imageUrl\":[\"https://res.cloudinary.com/dizcvrefo/image/upload/v1748659538/nestjs_uploads/n4mg888um8bynequtdtp.jpg\",\"https://res.cloudinary.com/dizcvrefo/image/upload/v1748659538/nestjs_uploads/mfqojpf1bufduxfh0j0n.jpg\",\"https://res.cloudinary.com/dizcvrefo/image/upload/v1748659538/nestjs_uploads/vx9qkwao5v4hdeqiplsp.jpg\",\"https://res.cloudinary.com/dizcvrefo/image/upload/v1748659538/nestjs_uploads/r2sv0p0echvnrwqxoswu.jpg\"],\"caption\":\"Ha noi nay tro gio\",\"location\":null,\"tags\":[],\"isPublic\":true,\"likeCount\":0,\"commentCount\":0,\"sharedCount\":0,\"createdAt\":\"2025-05-31T02:45:39.688Z\",\"updatedAt\":\"2025-05-31T02:45:39.688Z\",\"author\":{\"username\":\"quang1\",\"profilePic\":\"https://res.cloudinary.com/dizcvrefo/image/upload/v1749027586/nestjs_uploads/xehairydt9rzlbmbmv4c.jpg\"},\"_count\":{\"likes\":2,\"comments\":0},\"score\":0.016073253595294757,\"isLike\":false,\"isToday\":false,\"isFollowing\":true,\"isSelf\":false},{\"id\":\"e3f481cc-53c6-41c8-9a28-cd2f9c4f2f46\",\"authorId\":\"2b84aa24-668a-40e2-af1c-ad4fc4fa5a6f\",\"imageUrl\":[\"https://res.cloudinary.com/dizcvrefo/image/upload/v1749027663/nestjs_uploads/nuuktb6j4oy5jnuyt3ws.jpg\",\"https://res.cloudinary.com/dizcvrefo/image/upload/v1749027663/nestjs_uploads/aa03sao5n7bkhyhhrovx.jpg\",\"https://res.cloudinary.com/dizcvrefo/image/upload/v1749027663/nestjs_uploads/hic88kwvdqoltmqsueim.jpg\",\"https://res.cloudinary.com/dizcvrefo/image/upload/v1749027664/nestjs_uploads/hrnmt9e7g7pavf2fxwyw.png\",\"https://res.cloudinary.com/dizcvrefo/image/upload/v1749027664/nestjs_uploads/oxa2hbuxzj3lngjbubpf.jpg\",\"https://res.cloudinary.com/dizcvrefo/image/upload/v1749027663/nestjs_uploads/scrigmpzvmixwv9ddfnl.jpg\",\"https://res.cloudinary.com/dizcvrefo/image/upload/v1749027664/nestjs_uploads/wpnyt5jyz8lgj2bvprin.jpg\"],\"caption\":\"Buon that, hom nay toi thi truot\",\"location\":null,\"tags\":[],\"isPublic\":true,\"likeCount\":0,\"commentCount\":0,\"sharedCount\":0,\"createdAt\":\"2025-06-04T09:01:06.391Z\",\"updatedAt\":\"2025-06-04T09:01:06.391Z\",\"author\":{\"username\":\"quang1\",\"profilePic\":\"https://res.cloudinary.com/dizcvrefo/image/upload/v1749027586/nestjs_uploads/xehairydt9rzlbmbmv4c.jpg\"},\"_count\":{\"likes\":1,\"comments\":0},\"score\":0.015294562420359939,\"isLike\":false,\"isToday\":false,\"isFollowing\":true,\"isSelf\":false},{\"id\":\"c8151412-bc98-49ec-88ff-57b89cc2ce67\",\"authorId\":\"08515b05-2d3e-4789-ad60-db35525a4970\",\"imageUrl\":[\"https://res.cloudinary.com/dizcvrefo/image/upload/v1748933672/nestjs_uploads/rpehmvwkwptjktjzllxz.jpg\",\"https://res.cloudinary.com/dizcvrefo/image/upload/v1748933672/nestjs_uploads/xl8wce3gldsuaekfnfwo.jpg\",\"https://res.cloudinary.com/dizcvrefo/image/upload/v1748933671/nestjs_uploads/ee1ntt1feukxfszhma1b.jpg\"],\"caption\":\"Moi di hom nay\",\"location\":null,\"tags\":[],\"isPublic\":true,\"likeCount\":0,\"commentCount\":0,\"sharedCount\":0,\"createdAt\":\"2025-06-03T06:54:33.756Z\",\"updatedAt\":\"2025-06-03T06:54:33.756Z\",\"author\":{\"username\":\"nam\",\"profilePic\":\"https://res.cloudinary.com/dizcvrefo/image/upload/v1749266646/nestjs_uploads/zk9zrpeidnovxibfqdxr.png\"},\"_count\":{\"likes\":3,\"comments\":0},\"score\":0.012402124934841547,\"isLike\":true,\"isToday\":false,\"isFollowing\":false,\"isSelf\":true},{\"id\":\"45a2d709-c6c9-4887-9235-dbbd2d381827\",\"authorId\":\"08515b05-2d3e-4789-ad60-db35525a4970\",\"imageUrl\":[\"https://res.cloudinary.com/dizcvrefo/image/upload/v1748932129/nestjs_uploads/ecwyixgm9kf0zdng7bdp.png\",\"https://res.cloudinary.com/dizcvrefo/image/upload/v1748932129/nestjs_uploads/uhl3z1wamgjxl5o4vq1l.jpg\",\"https://res.cloudinary.com/dizcvrefo/image/upload/v1748932129/nestjs_uploads/pavlktzorkfcm5pp31io.jpg\",\"https://res.cloudinary.com/dizcvrefo/image/upload/v1748932129/nestjs_uploads/knew9jcdpmwaleoa6oov.jpg\"],\"caption\":\"Di choi di anh em oi\",\"location\":null,\"tags\":[],\"isPublic\":true,\"likeCount\":0,\"commentCount\":0,\"sharedCount\":0,\"createdAt\":\"2025-06-03T06:28:51.322Z\",\"updatedAt\":\"2025-06-03T06:28:51.322Z\",\"author\":{\"username\":\"nam\",\"profilePic\":\"https://res.cloudinary.com/dizcvrefo/image/upload/v1749266646/nestjs_uploads/zk9zrpeidnovxibfqdxr.png\"},\"_count\":{\"likes\":3,\"comments\":0},\"score\":0.012391151045118929,\"isLike\":true,\"isToday\":false,\"isFollowing\":false,\"isSelf\":true},{\"id\":\"bd9fb1fc-af49-4625-aa11-a458424d17ca\",\"authorId\":\"08515b05-2d3e-4789-ad60-db35525a4970\",\"imageUrl\":[\"https://res.cloudinary.com/dizcvrefo/image/upload/v1749400565/nestjs_uploads/srvf0b7b2fnsab8uqc8g.jpg\",\"https://res.cloudinary.com/dizcvrefo/image/upload/v1749400565/nestjs_uploads/u2gybzjxkewsxa1atyq4.jpg\",\"https://res.cloudinary.com/dizcvrefo/image/upload/v1749400565/nestjs_uploads/lottkkizhi1ngodzx4pp.jpg\"],\"caption\":\"toi la NAM BO\",\"location\":null,\"tags\":[],\"isPublic\":true,\"likeCount\":0,\"commentCount\":0,\"sharedCount\":0,\"createdAt\":\"2025-06-08T16:36:04.450Z\",\"updatedAt\":\"2025-06-08T16:36:04.450Z\",\"author\":{\"username\":\"nam\",\"profilePic\":\"https://res.cloudinary.com/dizcvrefo/image/upload/v1749266646/nestjs_uploads/zk9zrpeidnovxibfqdxr.png\"},\"_count\":{\"likes\":2,\"comments\":0},\"score\":0.011296365109841819,\"isLike\":true,\"isToday\":false,\"isFollowing\":false,\"isSelf\":true},{\"id\":\"8a0e35ce-0f39-4475-b2d2-15c217983926\",\"authorId\":\"08515b05-2d3e-4789-ad60-db35525a4970\",\"imageUrl\":[\"https://res.cloudinary.com/dizcvrefo/image/upload/v1748597950/nestjs_uploads/siabu4jmaf7nfak5xkgc.jpg\",\"https://res.cloudinary.com/dizcvrefo/image/upload/v1748597951/nestjs_uploads/bufde4typyni9j408ua4.jpg\",\"https://res.cloudinary.com/dizcvrefo/image/upload/v1748597951/nestjs_uploads/yk6tjdkirr4a7ons7iz5.jpg\"],\"caption\":\"?n gì không\",\"location\":null,\"tags\":[],\"isPublic\":true,\"likeCount\":0,\"commentCount\":0,\"sharedCount\":0,\"createdAt\":\"2025-05-30T09:39:13.647Z\",\"updatedAt\":\"2025-05-30T09:39:13.647Z\",\"author\":{\"username\":\"nam\",\"profilePic\":\"https://res.cloudinary.com/dizcvrefo/image/upload/v1749266646/nestjs_uploads/zk9zrpeidnovxibfqdxr.png\"},\"_count\":{\"likes\":3,\"comments\":0},\"score\":0.010397826943513096,\"isLike\":true,\"isToday\":false,\"isFollowing\":false,\"isSelf\":true},{\"id\":\"b96886bd-5f00-41af-a440-152f360f1657\",\"authorId\":\"08515b05-2d3e-4789-ad60-db35525a4970\",\"imageUrl\":[\"https://res.cloudinary.com/dizcvrefo/image/upload/v1748597371/nestjs_uploads/vce2gudp9o4mm4fn8xt0.jpg\",\"https://res.cloudinary.com/dizcvrefo/image/upload/v1748597372/nestjs_uploads/u691vkjqxrek1dv0wtbm.jpg\",\"https://res.cloudinary.com/dizcvrefo/image/upload/v1748597371/nestjs_uploads/feqbcopm8ge8maj3hu6k.jpg\"],\"caption\":\"ok\",\"location\":null,\"tags\":[],\"isPublic\":true,\"likeCount\":0,\"commentCount\":0,\"sharedCount\":0,\"createdAt\":\"2025-05-30T09:29:34.405Z\",\"updatedAt\":\"2025-05-30T09:29:34.405Z\",\"author\":{\"username\":\"nam\",\"profilePic\":\"https://res.cloudinary.com/dizcvrefo/image/upload/v1749266646/nestjs_uploads/zk9zrpeidnovxibfqdxr.png\"},\"_count\":{\"likes\":3,\"comments\":0},\"score\":0.010394928463011875,\"isLike\":true,\"isToday\":false,\"isFollowing\":false,\"isSelf\":true},{\"id\":\"d79e9a48-ca20-40fd-bb11-ed7302657db9\",\"authorId\":\"08515b05-2d3e-4789-ad60-db35525a4970\",\"imageUrl\":[\"https://res.cloudinary.com/dizcvrefo/image/upload/v1749382783/nestjs_uploads/buqh5wktqj3y5etgfxok.jpg\",\"https://res.cloudinary.com/dizcvrefo/image/upload/v1749382789/nestjs_uploads/wjm5idulrdjhv7yuc477.jpg\",\"https://res.cloudinary.com/dizcvrefo/image/upload/v1749382781/nestjs_uploads/ztoyccvbrahzxkbm7mxb.jpg\",\"https://res.cloudinary.com/dizcvrefo/image/upload/v1749383075/nestjs_uploads/yjbnpjozb3x4suirhe9d.jpg\",\"https://res.cloudinary.com/dizcvrefo/image/upload/v1749383076/nestjs_uploads/wurnhokpsyvvjg60iceu.jpg\"],\"caption\":\"Hôm nay là th? 7 em thích ?i thích ?i vào bar u?ng ? ???\",\"location\":null,\"tags\":[],\"isPublic\":true,\"likeCount\":0,\"commentCount\":0,\"sharedCount\":0,\"createdAt\":\"2025-05-28T09:56:16.976Z\",\"updatedAt\":\"2025-06-08T11:44:37.991Z\",\"author\":{\"username\":\"nam\",\"profilePic\":\"https://res.cloudinary.com/dizcvrefo/image/upload/v1749266646/nestjs_uploads/zk9zrpeidnovxibfqdxr.png\"},\"_count\":{\"likes\":3,\"comments\":0},\"score\":0.009603697180120685,\"isLike\":true,\"isToday\":false,\"isFollowing\":false,\"isSelf\":true},{\"id\":\"028cfac7-688b-4f4d-832d-1dd681b89e64\",\"authorId\":\"08515b05-2d3e-4789-ad60-db35525a4970\",\"imageUrl\":[\"https://res.cloudinary.com/dizcvrefo/image/upload/v1748964089/nestjs_uploads/r2x7j8rz3gfsze8o0fe7.jpg\",\"https://res.cloudinary.com/dizcvrefo/image/upload/v1748964089/nestjs_uploads/ebic5ju0e6btkxv2g526.jpg\",\"https://res.cloudinary.com/dizcvrefo/image/upload/v1748964089/nestjs_uploads/ngkhumq5qjehuoqmvxqv.jpg\"],\"caption\":\"Di uong bia\",\"location\":null,\"tags\":[],\"isPublic\":true,\"likeCount\":0,\"commentCount\":0,\"sharedCount\":0,\"createdAt\":\"2025-06-03T15:21:31.678Z\",\"updatedAt\":\"2025-06-03T15:21:31.678Z\",\"author\":{\"username\":\"nam\",\"profilePic\":\"https://res.cloudinary.com/dizcvrefo/image/upload/v1749266646/nestjs_uploads/zk9zrpeidnovxibfqdxr.png\"},\"_count\":{\"likes\":2,\"comments\":0},\"score\":0.008415053313701754,\"isLike\":true,\"isToday\":false,\"isFollowing\":false,\"isSelf\":true},{\"id\":\"52cfd912-292f-4fbf-9240-3000d608dcd4\",\"authorId\":\"e7b38cb7-6701-40d9-a3bd-f53fc4d43457\",\"imageUrl\":[\"https://res.cloudinary.com/dizcvrefo/image/upload/v1749316896/nestjs_uploads/lc1jqjzblqshqho7eavx.jpg\"],\"caption\":\"This is my first post\",\"location\":null,\"tags\":[],\"isPublic\":true,\"likeCount\":0,\"commentCount\":0,\"sharedCount\":0,\"createdAt\":\"2025-05-14T05:28:07.619Z\",\"updatedAt\":\"2025-06-07T17:21:37.389Z\",\"author\":{\"username\":\"ductrong\",\"profilePic\":null},\"_count\":{\"likes\":3,\"comments\":0},\"score\":0.006216143665606116,\"isLike\":true,\"isToday\":false,\"isFollowing\":false,\"isSelf\":false},{\"id\":\"7918bc4d-383d-462e-afab-91099bc69905\",\"authorId\":\"08515b05-2d3e-4789-ad60-db35525a4970\",\"imageUrl\":[\"https://res.cloudinary.com/dizcvrefo/image/upload/v1749449962/nestjs_uploads/h3loqo8k5fpmi2ipdtof.jpg\"],\"caption\":\"??p trai thì m?i có nhi?u ??a yêu h? h?\",\"location\":null,\"tags\":[],\"isPublic\":true,\"likeCount\":0,\"commentCount\":0,\"sharedCount\":0,\"createdAt\":\"2025-06-09T06:19:23.318Z\",\"updatedAt\":\"2025-06-09T06:19:23.318Z\",\"author\":{\"username\":\"nam\",\"profilePic\":\"https://res.cloudinary.com/dizcvrefo/image/upload/v1749266646/nestjs_uploads/zk9zrpeidnovxibfqdxr.png\"},\"_count\":{\"likes\":1,\"comments\":0},\"score\":0.005875884355789645,\"isLike\":true,\"isToday\":false,\"isFollowing\":false,\"isSelf\":true},{\"id\":\"0c10c426-3d53-443a-8155-39234544c693\",\"authorId\":\"08515b05-2d3e-4789-ad60-db35525a4970\",\"imageUrl\":[\"https://res.cloudinary.com/dizcvrefo/image/upload/v1749397668/nestjs_uploads/umpwoepazt6it2racqhe.webp\",\"https://res.cloudinary.com/dizcvrefo/image/upload/v1749397668/nestjs_uploads/hcj53nurl5lpudcfaz3f.webp\",\"https://res.cloudinary.com/dizcvrefo/image/upload/v1749397668/nestjs_uploads/qv1vfbg7k6lkeldhb7e3.webp\",\"https://res.cloudinary.com/dizcvrefo/image/upload/v1749397668/nestjs_uploads/c6ruaxtyahilompxxej9.webp\"],\"caption\":\"Tr?i xanh mây tr?ng\",\"location\":null,\"tags\":[],\"isPublic\":true,\"likeCount\":0,\"commentCount\":0,\"sharedCount\":0,\"createdAt\":\"2025-06-08T15:47:50.242Z\",\"updatedAt\":\"2025-06-08T15:47:50.242Z\",\"author\":{\"username\":\"nam\",\"profilePic\":\"https://res.cloudinary.com/dizcvrefo/image/upload/v1749266646/nestjs_uploads/zk9zrpeidnovxibfqdxr.png\"},\"_count\":{\"likes\":1,\"comments\":0},\"score\":0.00563538786454335,\"isLike\":false,\"isToday\":false,\"isFollowing\":false,\"isSelf\":true},{\"id\":\"d296ef84-ae0f-4d14-a91a-15dd66bc0dac\",\"authorId\":\"08515b05-2d3e-4789-ad60-db35525a4970\",\"imageUrl\":[\"https://res.cloudinary.com/dizcvrefo/image/upload/v1749397436/nestjs_uploads/w9d8ldmhonbzeenkcxpb.jpg\",\"https://res.cloudinary.com/dizcvrefo/image/upload/v1749397436/nestjs_uploads/g8xrn89xfaz4ssvslueo.jpg\",\"https://res.cloudinary.com/dizcvrefo/image/upload/v1749397436/nestjs_uploads/wggtlkgkwlcrmgrhskup.jpg\"],\"caption\":\"??ng tìm nhau vào hôm gió m?a t?i b?i\",\"location\":null,\"tags\":[],\"isPublic\":true,\"likeCount\":0,\"commentCount\":0,\"sharedCount\":0,\"createdAt\":\"2025-06-08T15:43:57.895Z\",\"updatedAt\":\"2025-06-08T15:43:57.895Z\",\"author\":{\"username\":\"nam\",\"profilePic\":\"https://res.cloudinary.com/dizcvrefo/image/upload/v1749266646/nestjs_uploads/zk9zrpeidnovxibfqdxr.png\"},\"_count\":{\"likes\":1,\"comments\":0},\"score\":0.005634363220013789,\"isLike\":true,\"isToday\":false,\"isFollowing\":false,\"isSelf\":true},{\"id\":\"f1eae5ad-ef38-43e0-a9b8-1c1e0c2f6efd\",\"authorId\":\"08515b05-2d3e-4789-ad60-db35525a4970\",\"imageUrl\":[\"https://res.cloudinary.com/dizcvrefo/image/upload/v1749397189/nestjs_uploads/n24psljoc11kfpxrlozi.jpg\",\"https://res.cloudinary.com/dizcvrefo/image/upload/v1749397188/nestjs_uploads/ebdf0uii6p2yc3m30ruv.webp\",\"https://res.cloudinary.com/dizcvrefo/image/upload/v1749397188/nestjs_uploads/vrc16ao0luptsqlvep2z.webp\"],\"caption\":\"Trong ??m gì ??p b?ng sen\",\"location\":null,\"tags\":[],\"isPublic\":true,\"likeCount\":0,\"commentCount\":0,\"sharedCount\":0,\"createdAt\":\"2025-06-08T15:39:50.851Z\",\"updatedAt\":\"2025-06-08T15:39:50.851Z\",\"author\":{\"username\":\"nam\",\"profilePic\":\"https://res.cloudinary.com/dizcvrefo/image/upload/v1749266646/nestjs_uploads/zk9zrpeidnovxibfqdxr.png\"},\"_count\":{\"likes\":1,\"comments\":0},\"score\":0.005633274170705914,\"isLike\":true,\"isToday\":false,\"isFollowing\":false,\"isSelf\":true},{\"id\":\"546e44ab-45c4-4412-83c9-4a2cd786d46f\",\"authorId\":\"08515b05-2d3e-4789-ad60-db35525a4970\",\"imageUrl\":[\"https://res.cloudinary.com/dizcvrefo/image/upload/v1749223872/nestjs_uploads/u1lkztc9gc8jfijtppib.jpg\",\"https://res.cloudinary.com/dizcvrefo/image/upload/v1749223872/nestjs_uploads/hvbjhzpqvpw9kjrejiko.jpg\",\"https://res.cloudinary.com/dizcvrefo/image/upload/v1749223872/nestjs_uploads/a9s8eujvzsy7sminvaaw.jpg\",\"https://res.cloudinary.com/dizcvrefo/image/upload/v1749223872/nestjs_uploads/l0darr6gsfvyaz3udhvr.jpg\"],\"caption\":\"Th?i ti?t nóng nh? cái lò\",\"location\":null,\"tags\":[],\"isPublic\":true,\"likeCount\":0,\"commentCount\":0,\"sharedCount\":0,\"createdAt\":\"2025-06-06T15:31:13.422Z\",\"updatedAt\":\"2025-06-06T15:31:13.422Z\",\"author\":{\"username\":\"nam\",\"profilePic\":\"https://res.cloudinary.com/dizcvrefo/image/upload/v1749266646/nestjs_uploads/zk9zrpeidnovxibfqdxr.png\"},\"_count\":{\"likes\":1,\"comments\":0},\"score\":0.004960599880823931,\"isLike\":true,\"isToday\":false,\"isFollowing\":false,\"isSelf\":true},{\"id\":\"d227a0c8-1c22-46cc-b7d2-4cdc49559d5a\",\"authorId\":\"08515b05-2d3e-4789-ad60-db35525a4970\",\"imageUrl\":[\"https://res.cloudinary.com/dizcvrefo/image/upload/v1749396710/nestjs_uploads/rbfbkt8z02milpnwumdf.jpg\",\"https://res.cloudinary.com/dizcvrefo/image/upload/v1749396710/nestjs_uploads/vgcadq2d5bc0n7ccenbd.jpg\",\"https://res.cloudinary.com/dizcvrefo/image/upload/v1749396710/nestjs_uploads/mnxecfqiyziizzhgvpkx.jpg\",\"https://res.cloudinary.com/dizcvrefo/image/upload/v1749396710/nestjs_uploads/ejjhcrbzulhtddkxenrb.jpg\"],\"caption\":\"Qu?c t? thi?u nhi\",\"location\":null,\"tags\":[],\"isPublic\":true,\"likeCount\":0,\"commentCount\":0,\"sharedCount\":0,\"createdAt\":\"2025-06-08T15:31:52.624Z\",\"updatedAt\":\"2025-06-08T15:31:52.624Z\",\"author\":{\"username\":\"nam\",\"profilePic\":\"https://res.cloudinary.com/dizcvrefo/image/upload/v1749266646/nestjs_uploads/zk9zrpeidnovxibfqdxr.png\"},\"_count\":{\"likes\":0,\"comments\":0},\"score\":0,\"isLike\":false,\"isToday\":false,\"isFollowing\":false,\"isSelf\":true}]}",
    "testStatus": "PASS",
    "failureReason": "All validations passed"
  },
  {
    "bearerToken": "",
    "page": "",
    "limit": "",
    "testDescription": "Không có query parameters (s? d?ng default)",
    "expectedStatus": 200.0,
    "expectedResult": "{\"message\": \"Feed\", \"statusCode\": 200, \"status\": \"success\", \"data\": []}",
    "responseStatus": "400",
    "result": "{\"success\":false,\"statusCode\":400,\"message\":\"Không có d? li?u ???c g?i lên\",\"path\":\"/posts/feed\",\"timestamp\":\"2025-06-23T10:41:50.839Z\"}",
    "testStatus": "FAIL",
    "failureReason": "Status mismatch: Expected 200, got 400"
  }
]
 
23:47:55.885 [main] INFO com.intuit.karate -- [print] ??c ???c 19 test cases t? Excel sheet: getPostsFeed 
23:47:55.916 [main] DEBUG com.jayway.jsonpath.internal.path.CompiledPath -- Evaluating path: $
23:47:55.923 [main] INFO com.intuit.karate -- [print] S? d?ng global bearer token t? config: eyJhbGciOiJIUzI1NiIsInR5cCI6IkpXVCJ9.eyJzdWIiOiJmNjI4NDUzMi04ZjFlLTRiMDUtYWM1NC1kODAzNzM4NmU4MGMiLCJ1c2VybmFtZSI6InVzZXJubzIiLCJyb2xlIjowLCJpYXQiOjE3NTA2OTQzNTQsImV4cCI6MTc1MDY5Nzk1NH0.cn4pcMTzJbKyd0aw-bN_KvZNRCfEwxef9wljw6vUgkw 
23:47:55.938 [main] INFO com.intuit.karate -- [print] B?t ??u ch?y t?ng test case... 
23:47:55.946 [main] INFO com.intuit.karate -- ?ang ch?y test case #1: Get posts feed h?p l? v?i page=1, limit=10 
23:47:55.948 [main] INFO com.intuit.karate -- S? d?ng global bearer token t? config: eyJhbGciOiJIUzI1NiIsInR5cCI6IkpXVCJ9.eyJzdWIiOiJmNjI4NDUzMi04ZjFlLTRiMDUtYWM1NC1kODAzNzM4NmU4MGMiLCJ1c2VybmFtZSI6InVzZXJubzIiLCJyb2xlIjowLCJpYXQiOjE3NTA2OTQzNTQsImV4cCI6MTc1MDY5Nzk1NH0.cn4pcMTzJbKyd0aw-bN_KvZNRCfEwxef9wljw6vUgkw 
23:47:55.984 [main] INFO com.intuit.karate -- karate.env system property was: null 
23:47:56.004 [main] DEBUG com.jayway.jsonpath.internal.path.CompiledPath -- Evaluating path: $
23:47:56.009 [main] DEBUG com.jayway.jsonpath.internal.path.CompiledPath -- Evaluating path: $
23:47:56.284 [main] DEBUG org.apache.http.client.protocol.RequestAddCookies -- CookieSpec selected: karate
23:47:56.292 [main] DEBUG org.apache.http.client.protocol.RequestAuthCache -- Auth cache not set in the context
23:47:56.295 [main] DEBUG com.intuit.karate -- request:
1 > GET http://localhost:3000/posts/feed?limit=10&page=1
1 > Authorization: Bearer eyJhbGciOiJIUzI1NiIsInR5cCI6IkpXVCJ9.eyJzdWIiOiJmNjI4NDUzMi04ZjFlLTRiMDUtYWM1NC1kODAzNzM4NmU4MGMiLCJ1c2VybmFtZSI6InVzZXJubzIiLCJyb2xlIjowLCJpYXQiOjE3NTA2OTQzNTQsImV4cCI6MTc1MDY5Nzk1NH0.cn4pcMTzJbKyd0aw-bN_KvZNRCfEwxef9wljw6vUgkw
1 > Host: localhost:3000
1 > Connection: Keep-Alive
1 > User-Agent: Apache-HttpClient/4.5.14 (Java/17.0.9)
1 > Accept-Encoding: gzip,deflate


23:47:56.296 [main] DEBUG org.apache.http.impl.conn.PoolingHttpClientConnectionManager -- Connection request: [route: {}->http://localhost:3000][total available: 0; route allocated: 0 of 5; total allocated: 0 of 10]
23:47:56.310 [main] DEBUG org.apache.http.impl.conn.PoolingHttpClientConnectionManager -- Connection leased: [id: 0][route: {}->http://localhost:3000][total available: 0; route allocated: 1 of 5; total allocated: 1 of 10]
23:47:56.311 [main] DEBUG org.apache.http.impl.execchain.MainClientExec -- Opening connection {}->http://localhost:3000
23:47:56.318 [main] DEBUG org.apache.http.impl.conn.DefaultHttpClientConnectionOperator -- Connecting to localhost/127.0.0.1:3000
23:47:56.320 [main] DEBUG org.apache.http.impl.conn.DefaultHttpClientConnectionOperator -- Connection established 127.0.0.1:62802<->127.0.0.1:3000
23:47:56.321 [main] DEBUG org.apache.http.impl.conn.DefaultManagedHttpClientConnection -- http-outgoing-0: set socket timeout to 5000
23:47:56.321 [main] DEBUG org.apache.http.impl.execchain.MainClientExec -- Executing request GET /posts/feed?limit=10&page=1 HTTP/1.1
23:47:56.321 [main] DEBUG org.apache.http.impl.execchain.MainClientExec -- Proxy auth state: UNCHALLENGED
23:47:56.322 [main] DEBUG org.apache.http.headers -- http-outgoing-0 >> GET /posts/feed?limit=10&page=1 HTTP/1.1
23:47:56.323 [main] DEBUG org.apache.http.headers -- http-outgoing-0 >> Authorization: Bearer eyJhbGciOiJIUzI1NiIsInR5cCI6IkpXVCJ9.eyJzdWIiOiJmNjI4NDUzMi04ZjFlLTRiMDUtYWM1NC1kODAzNzM4NmU4MGMiLCJ1c2VybmFtZSI6InVzZXJubzIiLCJyb2xlIjowLCJpYXQiOjE3NTA2OTQzNTQsImV4cCI6MTc1MDY5Nzk1NH0.cn4pcMTzJbKyd0aw-bN_KvZNRCfEwxef9wljw6vUgkw
23:47:56.323 [main] DEBUG org.apache.http.headers -- http-outgoing-0 >> Host: localhost:3000
23:47:56.323 [main] DEBUG org.apache.http.headers -- http-outgoing-0 >> Connection: Keep-Alive
23:47:56.323 [main] DEBUG org.apache.http.headers -- http-outgoing-0 >> User-Agent: Apache-HttpClient/4.5.14 (Java/17.0.9)
23:47:56.323 [main] DEBUG org.apache.http.headers -- http-outgoing-0 >> Accept-Encoding: gzip,deflate
23:47:56.323 [main] DEBUG org.apache.http.wire -- http-outgoing-0 >> "GET /posts/feed?limit=10&page=1 HTTP/1.1[\r][\n]"
23:47:56.323 [main] DEBUG org.apache.http.wire -- http-outgoing-0 >> "Authorization: Bearer eyJhbGciOiJIUzI1NiIsInR5cCI6IkpXVCJ9.eyJzdWIiOiJmNjI4NDUzMi04ZjFlLTRiMDUtYWM1NC1kODAzNzM4NmU4MGMiLCJ1c2VybmFtZSI6InVzZXJubzIiLCJyb2xlIjowLCJpYXQiOjE3NTA2OTQzNTQsImV4cCI6MTc1MDY5Nzk1NH0.cn4pcMTzJbKyd0aw-bN_KvZNRCfEwxef9wljw6vUgkw[\r][\n]"
23:47:56.323 [main] DEBUG org.apache.http.wire -- http-outgoing-0 >> "Host: localhost:3000[\r][\n]"
23:47:56.323 [main] DEBUG org.apache.http.wire -- http-outgoing-0 >> "Connection: Keep-Alive[\r][\n]"
23:47:56.323 [main] DEBUG org.apache.http.wire -- http-outgoing-0 >> "User-Agent: Apache-HttpClient/4.5.14 (Java/17.0.9)[\r][\n]"
[...]
[THYMELEAF]             * [* {th:placeholder,data-th-placeholder}] [1000]: org.thymeleaf.standard.processor.StandardRemovableAttributeTagProcessor
[THYMELEAF]             * [* {th:audio,data-th-audio}] [1000]: org.thymeleaf.standard.processor.StandardRemovableAttributeTagProcessor
[THYMELEAF]             * [* {th:size,data-th-size}] [1000]: org.thymeleaf.standard.processor.StandardRemovableAttributeTagProcessor
[THYMELEAF]             * [* {th:rev,data-th-rev}] [1000]: org.thymeleaf.standard.processor.StandardRemovableAttributeTagProcessor
[THYMELEAF]             * [* {th:valuetype,data-th-valuetype}] [1000]: org.thymeleaf.standard.processor.StandardRemovableAttributeTagProcessor
[THYMELEAF]             * [* {th:accept,data-th-accept}] [1000]: org.thymeleaf.standard.processor.StandardRemovableAttributeTagProcessor
[THYMELEAF]             * [* {th:accesskey,data-th-accesskey}] [1000]: org.thymeleaf.standard.processor.StandardRemovableAttributeTagProcessor
[THYMELEAF]             * [* {th:charset,data-th-charset}] [1000]: org.thymeleaf.standard.processor.StandardRemovableAttributeTagProcessor
[THYMELEAF]             * [* {th:hreflang,data-th-hreflang}] [1000]: org.thymeleaf.standard.processor.StandardRemovableAttributeTagProcessor
[THYMELEAF]             * [* {th:radiogroup,data-th-radiogroup}] [1000]: org.thymeleaf.standard.processor.StandardRemovableAttributeTagProcessor
[THYMELEAF]             * [* {th:alt,data-th-alt}] [1000]: org.thymeleaf.standard.processor.StandardRemovableAttributeTagProcessor
[THYMELEAF]             * [* {th:border,data-th-border}] [1000]: org.thymeleaf.standard.processor.StandardRemovableAttributeTagProcessor
[THYMELEAF]             * [* {th:marginheight,data-th-marginheight}] [1000]: org.thymeleaf.standard.processor.StandardRemovableAttributeTagProcessor
[THYMELEAF]             * [* {th:cellpadding,data-th-cellpadding}] [1000]: org.thymeleaf.standard.processor.StandardRemovableAttributeTagProcessor
[THYMELEAF]             * [* {th:marginwidth,data-th-marginwidth}] [1000]: org.thymeleaf.standard.processor.StandardRemovableAttributeTagProcessor
[THYMELEAF]             * [* {th:summary,data-th-summary}] [1000]: org.thymeleaf.standard.processor.StandardRemovableAttributeTagProcessor
[THYMELEAF]             * [* {th:max,data-th-max}] [1000]: org.thymeleaf.standard.processor.StandardRemovableAttributeTagProcessor
[THYMELEAF]             * [* {th:abbr,data-th-abbr}] [1000]: org.thymeleaf.standard.processor.StandardRemovableAttributeTagProcessor
[THYMELEAF]             * [* {th:scrolling,data-th-scrolling}] [1000]: org.thymeleaf.standard.processor.StandardRemovableAttributeTagProcessor
[THYMELEAF]             * [* {th:width,data-th-width}] [1000]: org.thymeleaf.standard.processor.StandardRemovableAttributeTagProcessor
[THYMELEAF]             * [* {th:datetime,data-th-datetime}] [1000]: org.thymeleaf.standard.processor.StandardRemovableAttributeTagProcessor
[THYMELEAF]             * [* {th:preload,data-th-preload}] [1000]: org.thymeleaf.standard.processor.StandardRemovableAttributeTagProcessor
[THYMELEAF]             * [* {th:http-equiv,data-th-http-equiv}] [1000]: org.thymeleaf.standard.processor.StandardRemovableAttributeTagProcessor
[THYMELEAF]             * [* {th:min,data-th-min}] [1000]: org.thymeleaf.standard.processor.StandardRemovableAttributeTagProcessor
[THYMELEAF]             * [* {th:id,data-th-id}] [1000]: org.thymeleaf.standard.processor.StandardRemovableAttributeTagProcessor
[THYMELEAF]             * [* {th:background,data-th-background}] [1000]: org.thymeleaf.standard.processor.StandardRemovableAttributeTagProcessor
[THYMELEAF]             * [* {th:standby,data-th-standby}] [1000]: org.thymeleaf.standard.processor.StandardRemovableAttributeTagProcessor
[THYMELEAF]             * [* {th:maxlength,data-th-maxlength}] [1000]: org.thymeleaf.standard.processor.StandardRemovableAttributeTagProcessor
[THYMELEAF]             * [* {th:contextmenu,data-th-contextmenu}] [1000]: org.thymeleaf.standard.processor.StandardRemovableAttributeTagProcessor
[THYMELEAF]             * [* {th:draggable,data-th-draggable}] [1000]: org.thymeleaf.standard.processor.StandardRemovableAttributeTagProcessor
[THYMELEAF]             * [* {th:frameborder,data-th-frameborder}] [1000]: org.thymeleaf.standard.processor.StandardRemovableAttributeTagProcessor
[THYMELEAF]             * [* {th:step,data-th-step}] [1000]: org.thymeleaf.standard.processor.StandardRemovableAttributeTagProcessor
[THYMELEAF]             * [* {th:compact,data-th-compact}] [1000]: org.thymeleaf.standard.processor.StandardRemovableAttributeTagProcessor
[THYMELEAF]             * [* {th:keytype,data-th-keytype}] [1000]: org.thymeleaf.standard.processor.StandardRemovableAttributeTagProcessor
[THYMELEAF]             * [* {th:challenge,data-th-challenge}] [1000]: org.thymeleaf.standard.processor.StandardRemovableAttributeTagProcessor
[THYMELEAF]             * [* {th:formtarget,data-th-formtarget}] [1000]: org.thymeleaf.standard.processor.StandardRemovableAttributeTagProcessor
[THYMELEAF]             * [* {th:rows,data-th-rows}] [1000]: org.thymeleaf.standard.processor.StandardRemovableAttributeTagProcessor
[THYMELEAF]             * [* {th:src,data-th-src}] [1000]: org.thymeleaf.standard.processor.StandardSrcTagProcessor
[THYMELEAF]             * [* {th:value,data-th-value}] [1000]: org.thymeleaf.standard.processor.StandardValueTagProcessor
[THYMELEAF]             * [* {th:xmlbase,data-th-xmlbase}] [1000]: org.thymeleaf.standard.processor.StandardXmlBaseTagProcessor
[THYMELEAF]             * [* {th:xmllang,data-th-xmllang}] [1000]: org.thymeleaf.standard.processor.StandardXmlLangTagProcessor
[THYMELEAF]             * [* {xmlns:th}] [1000]: org.thymeleaf.standard.processor.StandardXmlNsTagProcessor
[THYMELEAF]             * [* {th:xmlspace,data-th-xmlspace}] [1000]: org.thymeleaf.standard.processor.StandardXmlSpaceTagProcessor
[THYMELEAF]             * [* {th:classappend,data-th-classappend}] [1100]: org.thymeleaf.standard.processor.StandardClassappendTagProcessor
[THYMELEAF]             * [* {th:styleappend,data-th-styleappend}] [1100]: org.thymeleaf.standard.processor.StandardStyleappendTagProcessor
[THYMELEAF]             * [* {th:text,data-th-text}] [1300]: org.thymeleaf.standard.processor.StandardTextTagProcessor
[THYMELEAF]             * [* {th:utext,data-th-utext}] [1400]: org.thymeleaf.standard.processor.StandardUtextTagProcessor
[THYMELEAF]             * [* {th:fragment,data-th-fragment}] [1500]: org.thymeleaf.standard.processor.StandardFragmentTagProcessor
[THYMELEAF]             * [* {th:assert,data-th-assert}] [1550]: org.thymeleaf.standard.processor.StandardAssertTagProcessor
[THYMELEAF]             * [* {th:remove,data-th-remove}] [1600]: org.thymeleaf.standard.processor.StandardRemoveTagProcessor
[THYMELEAF]             * [* {th:ref,data-th-ref}] [10000]: org.thymeleaf.standard.processor.StandardRefAttributeTagProcessor
[THYMELEAF]             * [{th:block,th-block} *] [100000]: org.thymeleaf.standard.processor.StandardBlockTagProcessor
[THYMELEAF]             * [* th:*] [2147483647]: org.thymeleaf.standard.processor.StandardDefaultAttributesTagProcessor
[THYMELEAF]         * Text Processors by [precedence]:
[THYMELEAF]             * [1000]: org.thymeleaf.standard.processor.StandardInliningTextProcessor
[THYMELEAF]         * DOCTYPE Processors by [precedence]:
[THYMELEAF]             * [1000]: org.thymeleaf.standard.processor.StandardTranslationDocTypeProcessor
[THYMELEAF]         * CDATA Section Processors by [precedence]:
[THYMELEAF]             * [1000]: org.thymeleaf.standard.processor.StandardInliningCDATASectionProcessor
[THYMELEAF]         * Comment Processors by [precedence]:
[THYMELEAF]             * [1000]: org.thymeleaf.standard.processor.StandardInliningCommentProcessor
[THYMELEAF]             * [1100]: org.thymeleaf.standard.processor.StandardConditionalCommentProcessor
[THYMELEAF]     * Processors for Template Mode: XML
[THYMELEAF]         * Element Tag Processors by [matching element and attribute name] [precedence]:
[THYMELEAF]             * [* {th:include}] [100]: org.thymeleaf.standard.processor.StandardIncludeTagProcessor
[THYMELEAF]             * [* {th:insert}] [100]: org.thymeleaf.standard.processor.StandardInsertTagProcessor
[THYMELEAF]             * [* {th:replace}] [100]: org.thymeleaf.standard.processor.StandardReplaceTagProcessor
[THYMELEAF]             * [* {th:each}] [200]: com.intuit.karate.template.KarateEachTagProcessor
[THYMELEAF]             * [* {th:switch}] [250]: org.thymeleaf.standard.processor.StandardSwitchTagProcessor
[THYMELEAF]             * [* {th:case}] [275]: org.thymeleaf.standard.processor.StandardCaseTagProcessor
[THYMELEAF]             * [* {th:if}] [300]: org.thymeleaf.standard.processor.StandardIfTagProcessor
[THYMELEAF]             * [* {th:unless}] [400]: org.thymeleaf.standard.processor.StandardUnlessTagProcessor
[THYMELEAF]             * [* {th:object}] [500]: org.thymeleaf.standard.processor.StandardObjectTagProcessor
[THYMELEAF]             * [* {th:with}] [600]: com.intuit.karate.template.KarateWithTagProcessor
[THYMELEAF]             * [* {th:attr}] [700]: com.intuit.karate.template.KarateAttributeTagProcessor.KarateAttrTagProcessor
[THYMELEAF]             * [* {th:attrappend}] [900]: com.intuit.karate.template.KarateAttributeTagProcessor.KarateAttrappendTagProcessor
[THYMELEAF]             * [* {th:attrprepend}] [900]: com.intuit.karate.template.KarateAttributeTagProcessor.KarateAttrprependTagProcessor
[THYMELEAF]             * [* {th:inline}] [1000]: org.thymeleaf.standard.processor.StandardInlineXMLTagProcessor
[THYMELEAF]             * [* {xmlns:th}] [1000]: org.thymeleaf.standard.processor.StandardXmlNsTagProcessor
[THYMELEAF]             * [* {th:text}] [1300]: org.thymeleaf.standard.processor.StandardTextTagProcessor
[THYMELEAF]             * [* {th:utext}] [1400]: org.thymeleaf.standard.processor.StandardUtextTagProcessor
[THYMELEAF]             * [* {th:fragment}] [1500]: org.thymeleaf.standard.processor.StandardFragmentTagProcessor
[THYMELEAF]             * [* {th:assert}] [1550]: org.thymeleaf.standard.processor.StandardAssertTagProcessor
[THYMELEAF]             * [* {th:remove}] [1600]: org.thymeleaf.standard.processor.StandardRemoveTagProcessor
[THYMELEAF]             * [* {th:ref}] [10000]: org.thymeleaf.standard.processor.StandardRefAttributeTagProcessor
[THYMELEAF]             * [{th:block} *] [100000]: org.thymeleaf.standard.processor.StandardBlockTagProcessor
[THYMELEAF]             * [* th:*] [2147483647]: org.thymeleaf.standard.processor.StandardDefaultAttributesTagProcessor
[THYMELEAF]         * Text Processors by [precedence]:
[THYMELEAF]             * [1000]: org.thymeleaf.standard.processor.StandardInliningTextProcessor
[THYMELEAF]         * CDATA Section Processors by [precedence]:
[THYMELEAF]             * [1000]: org.thymeleaf.standard.processor.StandardInliningCDATASectionProcessor
[THYMELEAF]         * Comment Processors by [precedence]:
[THYMELEAF]             * [1000]: org.thymeleaf.standard.processor.StandardInliningCommentProcessor
[THYMELEAF]     * Processors for Template Mode: TEXT
[THYMELEAF]         * Element Tag Processors by [matching element and attribute name] [precedence]:
[THYMELEAF]             * [* {th:insert}] [100]: org.thymeleaf.standard.processor.StandardInsertTagProcessor
[THYMELEAF]             * [* {th:replace}] [100]: org.thymeleaf.standard.processor.StandardReplaceTagProcessor
[THYMELEAF]             * [* {th:each}] [200]: com.intuit.karate.template.KarateEachTagProcessor
[THYMELEAF]             * [* {th:switch}] [250]: org.thymeleaf.standard.processor.StandardSwitchTagProcessor
[THYMELEAF]             * [* {th:case}] [275]: org.thymeleaf.standard.processor.StandardCaseTagProcessor
[THYMELEAF]             * [* {th:if}] [300]: org.thymeleaf.standard.processor.StandardIfTagProcessor
[THYMELEAF]             * [* {th:unless}] [400]: org.thymeleaf.standard.processor.StandardUnlessTagProcessor
[THYMELEAF]             * [* {th:object}] [500]: org.thymeleaf.standard.processor.StandardObjectTagProcessor
[THYMELEAF]             * [* {th:with}] [600]: com.intuit.karate.template.KarateWithTagProcessor
[THYMELEAF]             * [* {th:inline}] [1000]: org.thymeleaf.standard.processor.StandardInlineTextualTagProcessor
[THYMELEAF]             * [* {th:text}] [1300]: org.thymeleaf.standard.processor.StandardTextTagProcessor
[THYMELEAF]             * [* {th:utext}] [1400]: org.thymeleaf.standard.processor.StandardUtextTagProcessor
[THYMELEAF]             * [* {th:assert}] [1550]: org.thymeleaf.standard.processor.StandardAssertTagProcessor
[THYMELEAF]             * [* {th:remove}] [1600]: org.thymeleaf.standard.processor.StandardRemoveTagProcessor
[THYMELEAF]             * [* 100000] [org.thymeleaf.standard.processor.StandardBlockTagProcessor]: {}
[THYMELEAF]             * [{th:block} *] [100000]: org.thymeleaf.standard.processor.StandardBlockTagProcessor
[THYMELEAF]         * Text Processors by [precedence]:
[THYMELEAF]             * [1000]: org.thymeleaf.standard.processor.StandardInliningTextProcessor
[THYMELEAF]     * Processors for Template Mode: JAVASCRIPT
[THYMELEAF]         * Element Tag Processors by [matching element and attribute name] [precedence]:
[THYMELEAF]             * [* {th:insert}] [100]: org.thymeleaf.standard.processor.StandardInsertTagProcessor
[THYMELEAF]             * [* {th:replace}] [100]: org.thymeleaf.standard.processor.StandardReplaceTagProcessor
[THYMELEAF]             * [* {th:each}] [200]: com.intuit.karate.template.KarateEachTagProcessor
[THYMELEAF]             * [* {th:switch}] [250]: org.thymeleaf.standard.processor.StandardSwitchTagProcessor
[THYMELEAF]             * [* {th:case}] [275]: org.thymeleaf.standard.processor.StandardCaseTagProcessor
[THYMELEAF]             * [* {th:if}] [300]: org.thymeleaf.standard.processor.StandardIfTagProcessor
[THYMELEAF]             * [* {th:unless}] [400]: org.thymeleaf.standard.processor.StandardUnlessTagProcessor
[THYMELEAF]             * [* {th:object}] [500]: org.thymeleaf.standard.processor.StandardObjectTagProcessor
[THYMELEAF]             * [* {th:with}] [600]: com.intuit.karate.template.KarateWithTagProcessor
[THYMELEAF]             * [* {th:inline}] [1000]: org.thymeleaf.standard.processor.StandardInlineTextualTagProcessor
[THYMELEAF]             * [* {th:text}] [1300]: org.thymeleaf.standard.processor.StandardTextTagProcessor
[THYMELEAF]             * [* {th:utext}] [1400]: org.thymeleaf.standard.processor.StandardUtextTagProcessor
[THYMELEAF]             * [* {th:assert}] [1550]: org.thymeleaf.standard.processor.StandardAssertTagProcessor
[THYMELEAF]             * [* {th:remove}] [1600]: org.thymeleaf.standard.processor.StandardRemoveTagProcessor
[THYMELEAF]             * [* 100000] [org.thymeleaf.standard.processor.StandardBlockTagProcessor]: {}
[THYMELEAF]             * [{th:block} *] [100000]: org.thymeleaf.standard.processor.StandardBlockTagProcessor
[THYMELEAF]         * Text Processors by [precedence]:
[THYMELEAF]             * [1000]: org.thymeleaf.standard.processor.StandardInliningTextProcessor
[THYMELEAF]     * Processors for Template Mode: CSS
[THYMELEAF]         * Element Tag Processors by [matching element and attribute name] [precedence]:
[THYMELEAF]             * [* {th:insert}] [100]: org.thymeleaf.standard.processor.StandardInsertTagProcessor
[THYMELEAF]             * [* {th:replace}] [100]: org.thymeleaf.standard.processor.StandardReplaceTagProcessor
[THYMELEAF]             * [* {th:each}] [200]: com.intuit.karate.template.KarateEachTagProcessor
[THYMELEAF]             * [* {th:switch}] [250]: org.thymeleaf.standard.processor.StandardSwitchTagProcessor
[THYMELEAF]             * [* {th:case}] [275]: org.thymeleaf.standard.processor.StandardCaseTagProcessor
[THYMELEAF]             * [* {th:if}] [300]: org.thymeleaf.standard.processor.StandardIfTagProcessor
[THYMELEAF]             * [* {th:unless}] [400]: org.thymeleaf.standard.processor.StandardUnlessTagProcessor
[THYMELEAF]             * [* {th:object}] [500]: org.thymeleaf.standard.processor.StandardObjectTagProcessor
[THYMELEAF]             * [* {th:with}] [600]: com.intuit.karate.template.KarateWithTagProcessor
[THYMELEAF]             * [* {th:inline}] [1000]: org.thymeleaf.standard.processor.StandardInlineTextualTagProcessor
[THYMELEAF]             * [* {th:text}] [1300]: org.thymeleaf.standard.processor.StandardTextTagProcessor
[THYMELEAF]             * [* {th:utext}] [1400]: org.thymeleaf.standard.processor.StandardUtextTagProcessor
[THYMELEAF]             * [* {th:assert}] [1550]: org.thymeleaf.standard.processor.StandardAssertTagProcessor
[THYMELEAF]             * [* {th:remove}] [1600]: org.thymeleaf.standard.processor.StandardRemoveTagProcessor
[THYMELEAF]             * [* 100000] [org.thymeleaf.standard.processor.StandardBlockTagProcessor]: {}
[THYMELEAF]             * [{th:block} *] [100000]: org.thymeleaf.standard.processor.StandardBlockTagProcessor
[THYMELEAF]         * Text Processors by [precedence]:
[THYMELEAF]             * [1000]: org.thymeleaf.standard.processor.StandardInliningTextProcessor
[THYMELEAF]     * Expression Objects:
[THYMELEAF]         * #ctx
[THYMELEAF]         * #root
[THYMELEAF]         * #vars
[THYMELEAF]         * #object
[THYMELEAF]         * #locale
[THYMELEAF]         * #conversions
[THYMELEAF]         * #uris
[THYMELEAF]         * #temporals
[THYMELEAF]         * #calendars
[THYMELEAF]         * #dates
[THYMELEAF]         * #bools
[THYMELEAF]         * #numbers
[THYMELEAF]         * #objects
[THYMELEAF]         * #strings
[THYMELEAF]         * #arrays
[THYMELEAF]         * #lists
[THYMELEAF]         * #sets
[THYMELEAF]         * #maps
[THYMELEAF]         * #aggregates
[THYMELEAF]         * #messages
[THYMELEAF]         * #ids
[THYMELEAF]         * #execInfo
[THYMELEAF]         * #request
[THYMELEAF]         * #response
[THYMELEAF]         * #session
[THYMELEAF]         * #servletContext
[THYMELEAF]     * Execution Attributes:
[THYMELEAF]         * "StandardExpressionParser": com.intuit.karate.template.KarateStandardDialect@719bb60d
[THYMELEAF]         * "StandardJavaScriptSerializer": org.thymeleaf.standard.serializer.StandardJavaScriptSerializer@440461ef
[THYMELEAF]         * "StandardCSSSerializer": org.thymeleaf.standard.serializer.StandardCSSSerializer@5977bdea
[THYMELEAF]         * "StandardVariableExpressionEvaluator": com.intuit.karate.template.KarateStandardDialect@719bb60d
[THYMELEAF]         * "StandardConversionService": org.thymeleaf.standard.expression.StandardConversionService@49c13ecd
[THYMELEAF] * Dialect [2 of 2]: karate (com.intuit.karate.template.KarateScriptDialect)
[THYMELEAF]     * Prefix: "ka"
[THYMELEAF]     * Processors for Template Mode: HTML
[THYMELEAF]         * Element Tag Processors by [matching element and attribute name] [precedence]:
[THYMELEAF]             * [* {src}] [1000]: com.intuit.karate.template.KaScriptAttrProcessor
[THYMELEAF]         * Element Model Processors by [matching element and attribute name] [precedence]:
[THYMELEAF]             * [{script} {ka:scope,data-ka-scope}] [1000]: com.intuit.karate.template.KaScriptElemProcessor
[THYMELEAF]             * [* {ka:set,data-ka-set}] [1000]: com.intuit.karate.template.KaSetElemProcessor
[THYMELEAF] TEMPLATE ENGINE CONFIGURED OK
23:48:01.503 [main] DEBUG org.thymeleaf.TemplateEngine -- [THYMELEAF] TEMPLATE ENGINE INITIALIZED

HTML report: (paste into browser to view) | Karate version: 1.4.1
file:///C:/Users/monst/karate-tests/target/karate-reports/karate-summary.html
===================================================================

]]></system-out>
    <system-err><![CDATA[ERROR StatusLogger Log4j2 could not find a logging implementation. Please add log4j-core to the classpath. Using SimpleLogger to log to the console...
]]></system-err>
  </testcase>
</testsuite>